2017-11-07 16:46:50.154269: W tensorflow/core/platform/cpu_feature_guard.cc:45] The TensorFlow library wasn't compiled to use SSE4.1 instructions, but these are available on your machine and could speed up CPU computations.
2017-11-07 16:46:50.154306: W tensorflow/core/platform/cpu_feature_guard.cc:45] The TensorFlow library wasn't compiled to use SSE4.2 instructions, but these are available on your machine and could speed up CPU computations.
2017-11-07 16:46:50.154312: W tensorflow/core/platform/cpu_feature_guard.cc:45] The TensorFlow library wasn't compiled to use AVX instructions, but these are available on your machine and could speed up CPU computations.
2017-11-07 16:46:50.154315: W tensorflow/core/platform/cpu_feature_guard.cc:45] The TensorFlow library wasn't compiled to use AVX2 instructions, but these are available on your machine and could speed up CPU computations.
2017-11-07 16:46:50.154318: W tensorflow/core/platform/cpu_feature_guard.cc:45] The TensorFlow library wasn't compiled to use FMA instructions, but these are available on your machine and could speed up CPU computations.
2017-11-07 16:48:05.389676: W tensorflow/core/platform/cpu_feature_guard.cc:45] The TensorFlow library wasn't compiled to use SSE4.1 instructions, but these are available on your machine and could speed up CPU computations.
2017-11-07 16:48:05.390002: W tensorflow/core/platform/cpu_feature_guard.cc:45] The TensorFlow library wasn't compiled to use SSE4.2 instructions, but these are available on your machine and could speed up CPU computations.
2017-11-07 16:48:05.390018: W tensorflow/core/platform/cpu_feature_guard.cc:45] The TensorFlow library wasn't compiled to use AVX instructions, but these are available on your machine and could speed up CPU computations.
2017-11-07 16:48:05.390025: W tensorflow/core/platform/cpu_feature_guard.cc:45] The TensorFlow library wasn't compiled to use AVX2 instructions, but these are available on your machine and could speed up CPU computations.
2017-11-07 16:48:05.390034: W tensorflow/core/platform/cpu_feature_guard.cc:45] The TensorFlow library wasn't compiled to use FMA instructions, but these are available on your machine and could speed up CPU computations.
2017-11-07 16:48:56.998245: W tensorflow/core/platform/cpu_feature_guard.cc:45] The TensorFlow library wasn't compiled to use SSE4.1 instructions, but these are available on your machine and could speed up CPU computations.
2017-11-07 16:48:56.998586: W tensorflow/core/platform/cpu_feature_guard.cc:45] The TensorFlow library wasn't compiled to use SSE4.2 instructions, but these are available on your machine and could speed up CPU computations.
2017-11-07 16:48:56.998601: W tensorflow/core/platform/cpu_feature_guard.cc:45] The TensorFlow library wasn't compiled to use AVX instructions, but these are available on your machine and could speed up CPU computations.
2017-11-07 16:48:56.998609: W tensorflow/core/platform/cpu_feature_guard.cc:45] The TensorFlow library wasn't compiled to use AVX2 instructions, but these are available on your machine and could speed up CPU computations.
2017-11-07 16:48:56.998617: W tensorflow/core/platform/cpu_feature_guard.cc:45] The TensorFlow library wasn't compiled to use FMA instructions, but these are available on your machine and could speed up CPU computations.
2017-11-07 16:49:47.155755: W tensorflow/core/platform/cpu_feature_guard.cc:45] The TensorFlow library wasn't compiled to use SSE4.1 instructions, but these are available on your machine and could speed up CPU computations.
2017-11-07 16:49:47.155807: W tensorflow/core/platform/cpu_feature_guard.cc:45] The TensorFlow library wasn't compiled to use SSE4.2 instructions, but these are available on your machine and could speed up CPU computations.
2017-11-07 16:49:47.155816: W tensorflow/core/platform/cpu_feature_guard.cc:45] The TensorFlow library wasn't compiled to use AVX instructions, but these are available on your machine and could speed up CPU computations.
2017-11-07 16:49:47.155822: W tensorflow/core/platform/cpu_feature_guard.cc:45] The TensorFlow library wasn't compiled to use AVX2 instructions, but these are available on your machine and could speed up CPU computations.
2017-11-07 16:49:47.155834: W tensorflow/core/platform/cpu_feature_guard.cc:45] The TensorFlow library wasn't compiled to use FMA instructions, but these are available on your machine and could speed up CPU computations.
sys:1: DtypeWarning: Columns (2) have mixed types. Specify dtype option on import or set low_memory=False.

Current Accuracy :  0.464585 cost :  2.8348 Current Step :  0

Current Accuracy :  0.701187 cost :  0.57285 Current Step :  20

Current Accuracy :  0.837851 cost :  0.430901 Current Step :  40

Current Accuracy :  0.886821 cost :  0.339335 Current Step :  60

Current Accuracy :  0.914304 cost :  0.277705 Current Step :  80

Current Accuracy :  0.930918 cost :  0.223519 Current Step :  100

Current Accuracy :  0.944535 cost :  0.194285 Current Step :  120

Current Accuracy :  0.958901 cost :  0.150982 Current Step :  140

Current Accuracy :  0.947408 cost :  0.180349 Current Step :  160

Current Accuracy :  0.964397 cost :  0.131481 Current Step :  180

Current Accuracy :  0.96827 cost :  0.114408 Current Step :  200

Current Accuracy :  0.973392 cost :  0.103607 Current Step :  220

Test Accuracy:  0.9575

Current Accuracy :  0.535041 Cost :  4.3282 Current Step :  0

Current Accuracy :  0.53604 Cost :  0.690879 Current Step :  20

Current Accuracy :  0.53604 Cost :  0.690553 Current Step :  40

Current Accuracy :  0.53604 Cost :  0.690536 Current Step :  60

Current Accuracy :  0.53604 Cost :  0.690366 Current Step :  80

Current Accuracy :  0.53604 Cost :  0.684134 Current Step :  100

Current Accuracy :  0.53604 Cost :  0.690591 Current Step :  120

Current Accuracy :  0.53604 Cost :  0.684045 Current Step :  140

Current Accuracy :  0.53604 Cost :  0.675683 Current Step :  160

Current Accuracy :  0.53604 Cost :  0.670862 Current Step :  180

Current Accuracy :  0.53604 Cost :  0.673362 Current Step :  200

Current Accuracy :  0.53604 Cost :  0.675667 Current Step :  220

Current Accuracy :  0.53604 Cost :  0.675413 Current Step :  240

Current Accuracy :  0.53604 Cost :  0.671578 Current Step :  260

Current Accuracy :  0.53604 Cost :  0.66918 Current Step :  280

Current Accuracy :  0.535166 Cost :  0.664466 Current Step :  300

Current Accuracy :  0.53604 Cost :  0.64811 Current Step :  320

Current Accuracy :  0.733042 Cost :  0.553868 Current Step :  340

Current Accuracy :  0.856465 Cost :  0.393823 Current Step :  360

Current Accuracy :  0.883198 Cost :  0.313157 Current Step :  380

Current Accuracy :  0.880075 Cost :  0.313391 Current Step :  400

Current Accuracy :  0.92817 Cost :  0.186325 Current Step :  420

Current Accuracy :  0.939163 Cost :  0.155776 Current Step :  440

Current Accuracy :  0.952904 Cost :  0.116396 Current Step :  460

Current Accuracy :  0.947533 Cost :  0.116719 Current Step :  480

Current Accuracy :  0.964397 Cost :  0.0817097 Current Step :  500

Current Accuracy :  0.970393 Cost :  0.0766547 Current Step :  520

Test Accuracy:  0.963
sys:1: DtypeWarning: Columns (2) have mixed types. Specify dtype option on import or set low_memory=False.

Current Accuracy :  0.541037 cost :  4.86109 Current Step :  0

Current Accuracy :  0.614491 cost :  0.668382 Current Step :  20

Current Accuracy :  0.783011 cost :  0.509441 Current Step :  40

Current Accuracy :  0.862211 cost :  0.396309 Current Step :  60

Current Accuracy :  0.899188 cost :  0.320327 Current Step :  80

Current Accuracy :  0.918801 cost :  0.255411 Current Step :  100

Current Accuracy :  0.890443 cost :  0.276315 Current Step :  120

Current Accuracy :  0.945909 cost :  0.162691 Current Step :  140

Current Accuracy :  0.956028 cost :  0.12605 Current Step :  160

Current Accuracy :  0.948907 cost :  0.145575 Current Step :  180

Current Accuracy :  0.964147 cost :  0.103102 Current Step :  200

Current Accuracy :  0.972142 cost :  0.0782375 Current Step :  220

Test Accuracy:  0.9465

Current Accuracy :  0.505309 Cost :  0.975902 Current Step :  0

Current Accuracy :  0.540787 Cost :  0.68982 Current Step :  20

Current Accuracy :  0.540787 Cost :  0.689809 Current Step :  40

Current Accuracy :  0.540787 Cost :  0.689815 Current Step :  60

Current Accuracy :  0.540787 Cost :  0.689818 Current Step :  80

Current Accuracy :  0.540787 Cost :  0.689818 Current Step :  100

Current Accuracy :  0.540787 Cost :  0.689818 Current Step :  120

Current Accuracy :  0.540787 Cost :  0.689818 Current Step :  140

Current Accuracy :  0.540787 Cost :  0.689818 Current Step :  160

Current Accuracy :  0.540787 Cost :  0.689818 Current Step :  180

Current Accuracy :  0.540787 Cost :  0.689818 Current Step :  200

Current Accuracy :  0.540787 Cost :  0.689818 Current Step :  220

Current Accuracy :  0.540787 Cost :  0.689818 Current Step :  240

Current Accuracy :  0.540787 Cost :  0.689818 Current Step :  260

Current Accuracy :  0.540787 Cost :  0.689818 Current Step :  280

Current Accuracy :  0.540787 Cost :  0.689818 Current Step :  300

Current Accuracy :  0.540787 Cost :  0.689818 Current Step :  320

Current Accuracy :  0.540787 Cost :  0.689818 Current Step :  340

Current Accuracy :  0.540787 Cost :  0.689818 Current Step :  360

Current Accuracy :  0.540787 Cost :  0.689818 Current Step :  380

Current Accuracy :  0.540787 Cost :  0.689818 Current Step :  400

Current Accuracy :  0.540787 Cost :  0.689818 Current Step :  420

Current Accuracy :  0.540787 Cost :  0.689818 Current Step :  440

Current Accuracy :  0.540787 Cost :  0.689818 Current Step :  460

Current Accuracy :  0.540787 Cost :  0.689818 Current Step :  480

Current Accuracy :  0.540787 Cost :  0.689818 Current Step :  500

Current Accuracy :  0.540787 Cost :  0.689818 Current Step :  520

Current Accuracy :  0.540787 Cost :  0.689818 Current Step :  540

Current Accuracy :  0.540787 Cost :  0.689818 Current Step :  560

Current Accuracy :  0.540787 Cost :  0.689818 Current Step :  580

Current Accuracy :  0.540787 Cost :  0.689818 Current Step :  600

Current Accuracy :  0.540787 Cost :  0.689818 Current Step :  620

Current Accuracy :  0.540787 Cost :  0.689818 Current Step :  640

Current Accuracy :  0.540787 Cost :  0.689818 Current Step :  660

Current Accuracy :  0.540787 Cost :  0.689818 Current Step :  680

Current Accuracy :  0.540787 Cost :  0.689818 Current Step :  700

Current Accuracy :  0.540787 Cost :  0.689818 Current Step :  720

Current Accuracy :  0.540787 Cost :  0.689818 Current Step :  740

Current Accuracy :  0.540787 Cost :  0.689818 Current Step :  760

Current Accuracy :  0.540787 Cost :  0.689818 Current Step :  780

Current Accuracy :  0.540787 Cost :  0.689818 Current Step :  800

Current Accuracy :  0.540787 Cost :  0.689818 Current Step :  820

Current Accuracy :  0.540787 Cost :  0.689818 Current Step :  840

Current Accuracy :  0.540787 Cost :  0.689818 Current Step :  860

Current Accuracy :  0.540787 Cost :  0.689818 Current Step :  880

Current Accuracy :  0.540787 Cost :  0.689818 Current Step :  900

Current Accuracy :  0.540787 Cost :  0.689818 Current Step :  920

Current Accuracy :  0.540787 Cost :  0.689818 Current Step :  940

Current Accuracy :  0.540787 Cost :  0.689818 Current Step :  960

Current Accuracy :  0.540787 Cost :  0.689818 Current Step :  980

Train Accuracy:  0.540787

Test Accuracy:  0.5235
sys:1: DtypeWarning: Columns (2) have mixed types. Specify dtype option on import or set low_memory=False.

Current Accuracy :  0.462086 cost :  9.09818 Current Step :  0

Current Accuracy :  0.742786 cost :  0.555098 Current Step :  20

Current Accuracy :  0.851593 cost :  0.396813 Current Step :  40

Current Accuracy :  0.8797 cost :  0.322366 Current Step :  60

Current Accuracy :  0.9193 cost :  0.251863 Current Step :  80

Current Accuracy :  0.933791 cost :  0.221621 Current Step :  100

Current Accuracy :  0.943036 cost :  0.193078 Current Step :  120

Current Accuracy :  0.934666 cost :  0.202041 Current Step :  140

Current Accuracy :  0.949407 cost :  0.154936 Current Step :  160

Current Accuracy :  0.957152 cost :  0.127396 Current Step :  180

Current Accuracy :  0.953529 cost :  0.130026 Current Step :  200

Current Accuracy :  0.959275 cost :  0.106994 Current Step :  220

Current Accuracy :  0.969144 cost :  0.0831691 Current Step :  240

Current Accuracy :  0.974766 cost :  0.0680168 Current Step :  260

Test Accuracy:  0.9555

Current Accuracy :  0.502436 Cost :  2.37474 Current Step :  0

Current Accuracy :  0.821112 Cost :  0.428686 Current Step :  20

Current Accuracy :  0.88782 Cost :  0.272033 Current Step :  40

Current Accuracy :  0.918801 Cost :  0.20606 Current Step :  60

Current Accuracy :  0.95253 Cost :  0.137315 Current Step :  80

Current Accuracy :  0.957402 Cost :  0.112362 Current Step :  100

Current Accuracy :  0.927171 Cost :  0.182462 Current Step :  120

Current Accuracy :  0.947158 Cost :  0.14443 Current Step :  140

Current Accuracy :  0.769644 Cost :  0.564669 Current Step :  160

Current Accuracy :  0.925547 Cost :  0.182903 Current Step :  180

Current Accuracy :  0.945284 Cost :  0.138617 Current Step :  200

Current Accuracy :  0.93654 Cost :  0.153178 Current Step :  220

Current Accuracy :  0.948407 Cost :  0.136725 Current Step :  240

Current Accuracy :  0.946658 Cost :  0.133462 Current Step :  260

Current Accuracy :  0.945284 Cost :  0.128534 Current Step :  280

Current Accuracy :  0.949407 Cost :  0.132001 Current Step :  300

Current Accuracy :  0.954778 Cost :  0.11209 Current Step :  320

Current Accuracy :  0.919425 Cost :  0.189838 Current Step :  340

Current Accuracy :  0.938289 Cost :  0.148535 Current Step :  360

Current Accuracy :  0.941287 Cost :  0.126161 Current Step :  380

Current Accuracy :  0.934791 Cost :  0.139366 Current Step :  400

Current Accuracy :  0.902561 Cost :  0.201327 Current Step :  420

Current Accuracy :  0.932292 Cost :  0.144052 Current Step :  440

Current Accuracy :  0.937289 Cost :  0.133962 Current Step :  460

Current Accuracy :  0.925422 Cost :  0.163758 Current Step :  480

Current Accuracy :  0.942411 Cost :  0.124566 Current Step :  500

Current Accuracy :  0.942536 Cost :  0.12602 Current Step :  520

Current Accuracy :  0.950906 Cost :  0.113133 Current Step :  540

Current Accuracy :  0.958401 Cost :  0.0955761 Current Step :  560

Current Accuracy :  0.954279 Cost :  0.108079 Current Step :  580

Current Accuracy :  0.956902 Cost :  0.0950719 Current Step :  600

Current Accuracy :  0.939163 Cost :  0.133165 Current Step :  620

Current Accuracy :  0.948157 Cost :  0.118629 Current Step :  640

Current Accuracy :  0.950531 Cost :  0.107636 Current Step :  660

Current Accuracy :  0.949906 Cost :  0.11517 Current Step :  680

Current Accuracy :  0.949781 Cost :  0.108037 Current Step :  700

Current Accuracy :  0.958526 Cost :  0.0942915 Current Step :  720

Current Accuracy :  0.958026 Cost :  0.0912394 Current Step :  740

Current Accuracy :  0.957527 Cost :  0.102685 Current Step :  760

Current Accuracy :  0.961274 Cost :  0.0828268 Current Step :  780

Current Accuracy :  0.954903 Cost :  0.0989064 Current Step :  800

Current Accuracy :  0.950906 Cost :  0.102488 Current Step :  820

Current Accuracy :  0.949032 Cost :  0.113211 Current Step :  840

Current Accuracy :  0.950156 Cost :  0.113791 Current Step :  860

Current Accuracy :  0.954154 Cost :  0.0969152 Current Step :  880

Current Accuracy :  0.957651 Cost :  0.0986175 Current Step :  900

Current Accuracy :  0.953154 Cost :  0.0974597 Current Step :  920

Current Accuracy :  0.942411 Cost :  0.124953 Current Step :  940

Current Accuracy :  0.95128 Cost :  0.101191 Current Step :  960

Current Accuracy :  0.959525 Cost :  0.0876111 Current Step :  980

Train Accuracy:  0.955528

Test Accuracy:  0.879
sys:1: DtypeWarning: Columns (2) have mixed types. Specify dtype option on import or set low_memory=False.

Current Accuracy :  0.540912 cost :  18.5456 Current Step :  0

Current Accuracy :  0.780887 cost :  0.488153 Current Step :  20

Current Accuracy :  0.846596 cost :  0.366332 Current Step :  40

Current Accuracy :  0.849469 cost :  0.353902 Current Step :  60

Current Accuracy :  0.881949 cost :  0.295421 Current Step :  80

Current Accuracy :  0.880575 cost :  0.294878 Current Step :  100

Current Accuracy :  0.899563 cost :  0.262411 Current Step :  120

Current Accuracy :  0.886321 cost :  0.255891 Current Step :  140

Current Accuracy :  0.890069 cost :  0.247909 Current Step :  160

Current Accuracy :  0.8807 cost :  0.27406 Current Step :  180

Current Accuracy :  0.88757 cost :  0.256044 Current Step :  200

Current Accuracy :  0.875203 cost :  0.271342 Current Step :  220

Current Accuracy :  0.898438 cost :  0.221134 Current Step :  240

Current Accuracy :  0.900562 cost :  0.214184 Current Step :  260

Current Accuracy :  0.903935 cost :  0.213152 Current Step :  280

Current Accuracy :  0.865584 cost :  0.264743 Current Step :  300

Current Accuracy :  0.88757 cost :  0.232107 Current Step :  320

Current Accuracy :  0.887945 cost :  0.232302 Current Step :  340

Current Accuracy :  0.901062 cost :  0.213684 Current Step :  360

Current Accuracy :  0.907808 cost :  0.199416 Current Step :  380

Current Accuracy :  0.869332 cost :  0.281479 Current Step :  400

Current Accuracy :  0.889194 cost :  0.237297 Current Step :  420

Current Accuracy :  0.890194 cost :  0.234553 Current Step :  440

Current Accuracy :  0.887445 cost :  0.245806 Current Step :  460

Current Accuracy :  0.893192 cost :  0.223316 Current Step :  480

Current Accuracy :  0.886696 cost :  0.233644 Current Step :  500

Current Accuracy :  0.894441 cost :  0.221256 Current Step :  520

Current Accuracy :  0.88782 cost :  0.258816 Current Step :  540

Current Accuracy :  0.899063 cost :  0.236334 Current Step :  560

Current Accuracy :  0.893442 cost :  0.244811 Current Step :  580

Current Accuracy :  0.894066 cost :  0.254238 Current Step :  600

Current Accuracy :  0.901437 cost :  0.222224 Current Step :  620

Current Accuracy :  0.899188 cost :  0.223007 Current Step :  640

Current Accuracy :  0.896565 cost :  0.222288 Current Step :  660

Current Accuracy :  0.897689 cost :  0.207092 Current Step :  680

Current Accuracy :  0.902936 cost :  0.200255 Current Step :  700

Current Accuracy :  0.902936 cost :  0.210419 Current Step :  720

Current Accuracy :  0.90356 cost :  0.201398 Current Step :  740

Current Accuracy :  0.894691 cost :  0.233812 Current Step :  760

Current Accuracy :  0.908057 cost :  0.209848 Current Step :  780

Current Accuracy :  0.903935 cost :  0.195988 Current Step :  800

Current Accuracy :  0.893442 cost :  0.213893 Current Step :  820

Current Accuracy :  0.899438 cost :  0.212952 Current Step :  840

Current Accuracy :  0.88757 cost :  0.222792 Current Step :  860

Current Accuracy :  0.900562 cost :  0.199367 Current Step :  880

Current Accuracy :  0.898314 cost :  0.202985 Current Step :  900

Current Accuracy :  0.901312 cost :  0.206018 Current Step :  920

Current Accuracy :  0.906309 cost :  0.194086 Current Step :  940

Current Accuracy :  0.87945 cost :  0.247316 Current Step :  960

Current Accuracy :  0.902186 cost :  0.191593 Current Step :  980

Train Accuracy:  0.916302

Test Accuracy:  0.9195

Current Accuracy :  0.522174 Cost :  5.06767 Current Step :  0

Current Accuracy :  0.811118 Cost :  0.473812 Current Step :  20

Current Accuracy :  0.862086 Cost :  0.385958 Current Step :  40

Current Accuracy :  0.877951 Cost :  0.347481 Current Step :  60

Current Accuracy :  0.893691 Cost :  0.327954 Current Step :  80

Current Accuracy :  0.903435 Cost :  0.292353 Current Step :  100

Current Accuracy :  0.910306 Cost :  0.28805 Current Step :  120

Current Accuracy :  0.909557 Cost :  0.272613 Current Step :  140

Current Accuracy :  0.918801 Cost :  0.236484 Current Step :  160

Current Accuracy :  0.939788 Cost :  0.193571 Current Step :  180

Current Accuracy :  0.924547 Cost :  0.226372 Current Step :  200

Current Accuracy :  0.935166 Cost :  0.197972 Current Step :  220

Current Accuracy :  0.924922 Cost :  0.216029 Current Step :  240

Current Accuracy :  0.940287 Cost :  0.17643 Current Step :  260

Current Accuracy :  0.942661 Cost :  0.172824 Current Step :  280

Current Accuracy :  0.939663 Cost :  0.183088 Current Step :  300

Current Accuracy :  0.940037 Cost :  0.183464 Current Step :  320

Current Accuracy :  0.939163 Cost :  0.180832 Current Step :  340

Current Accuracy :  0.942911 Cost :  0.161756 Current Step :  360

Current Accuracy :  0.934791 Cost :  0.171704 Current Step :  380

Current Accuracy :  0.948032 Cost :  0.15124 Current Step :  400

Current Accuracy :  0.949906 Cost :  0.144614 Current Step :  420

Current Accuracy :  0.948157 Cost :  0.149742 Current Step :  440

Current Accuracy :  0.953779 Cost :  0.138584 Current Step :  460

Current Accuracy :  0.955528 Cost :  0.130445 Current Step :  480

Current Accuracy :  0.953654 Cost :  0.136076 Current Step :  500

Current Accuracy :  0.953029 Cost :  0.147651 Current Step :  520

Current Accuracy :  0.940162 Cost :  0.168976 Current Step :  540

Current Accuracy :  0.95253 Cost :  0.144819 Current Step :  560

Current Accuracy :  0.938913 Cost :  0.194688 Current Step :  580

Current Accuracy :  0.941412 Cost :  0.172909 Current Step :  600

Current Accuracy :  0.948157 Cost :  0.156556 Current Step :  620

Current Accuracy :  0.946908 Cost :  0.15451 Current Step :  640

Current Accuracy :  0.923173 Cost :  0.224473 Current Step :  660

Current Accuracy :  0.932792 Cost :  0.190596 Current Step :  680

Current Accuracy :  0.947908 Cost :  0.157769 Current Step :  700

Current Accuracy :  0.94366 Cost :  0.168556 Current Step :  720

Current Accuracy :  0.94366 Cost :  0.176665 Current Step :  740

Current Accuracy :  0.937164 Cost :  0.18578 Current Step :  760

Current Accuracy :  0.944035 Cost :  0.177781 Current Step :  780

Current Accuracy :  0.938788 Cost :  0.187172 Current Step :  800

Current Accuracy :  0.946908 Cost :  0.158546 Current Step :  820

Current Accuracy :  0.940662 Cost :  0.178889 Current Step :  840

Current Accuracy :  0.935166 Cost :  0.191332 Current Step :  860

Current Accuracy :  0.92767 Cost :  0.214735 Current Step :  880

Current Accuracy :  0.931418 Cost :  0.195011 Current Step :  900

Current Accuracy :  0.940162 Cost :  0.178919 Current Step :  920

Current Accuracy :  0.917801 Cost :  0.22863 Current Step :  940

Current Accuracy :  0.933167 Cost :  0.196198 Current Step :  960

Current Accuracy :  0.924922 Cost :  0.204796 Current Step :  980

Train Accuracy:  0.914553

Test Accuracy:  0.895
