Traceback (most recent call last):
  File "DNN_modifying_inputfile.py", line 165, in <module>
    data = pd.read_csv(datafilename)
  File "/usr/local/lib/python3.4/dist-packages/pandas/io/parsers.py", line 655, in parser_f
    return _read(filepath_or_buffer, kwds)
  File "/usr/local/lib/python3.4/dist-packages/pandas/io/parsers.py", line 405, in _read
    parser = TextFileReader(filepath_or_buffer, **kwds)
  File "/usr/local/lib/python3.4/dist-packages/pandas/io/parsers.py", line 764, in __init__
    self._make_engine(self.engine)
  File "/usr/local/lib/python3.4/dist-packages/pandas/io/parsers.py", line 985, in _make_engine
    self._engine = CParserWrapper(self.f, **self.options)
  File "/usr/local/lib/python3.4/dist-packages/pandas/io/parsers.py", line 1605, in __init__
    self._reader = parsers.TextReader(src, **kwds)
  File "pandas/_libs/parsers.pyx", line 394, in pandas._libs.parsers.TextReader.__cinit__ (pandas/_libs/parsers.c:4209)
  File "pandas/_libs/parsers.pyx", line 710, in pandas._libs.parsers.TextReader._setup_parser_source (pandas/_libs/parsers.c:8873)
FileNotFoundError: File b'/home/tjahn/Data/FinalData95off_GSM_gene_index_result_without_rare_cancer.csv' does not exist
Traceback (most recent call last):
  File "/usr/local/lib/python3.4/dist-packages/pandas/core/indexes/base.py", line 2442, in get_loc
    return self._engine.get_loc(key)
  File "pandas/_libs/index.pyx", line 132, in pandas._libs.index.IndexEngine.get_loc (pandas/_libs/index.c:5280)
  File "pandas/_libs/index.pyx", line 154, in pandas._libs.index.IndexEngine.get_loc (pandas/_libs/index.c:5126)
  File "pandas/_libs/hashtable_class_helper.pxi", line 1210, in pandas._libs.hashtable.PyObjectHashTable.get_item (pandas/_libs/hashtable.c:20523)
  File "pandas/_libs/hashtable_class_helper.pxi", line 1218, in pandas._libs.hashtable.PyObjectHashTable.get_item (pandas/_libs/hashtable.c:20477)
KeyError: 'index'

During handling of the above exception, another exception occurred:

Traceback (most recent call last):
  File "DNN_modifying_inputfile.py", line 175, in <module>
    train_data, test_data = five_fold(data, j)
  File "DNN_modifying_inputfile.py", line 19, in five_fold
    test_data = data[data['index']==i+1]
  File "/usr/local/lib/python3.4/dist-packages/pandas/core/frame.py", line 1964, in __getitem__
    return self._getitem_column(key)
  File "/usr/local/lib/python3.4/dist-packages/pandas/core/frame.py", line 1971, in _getitem_column
    return self._get_item_cache(key)
  File "/usr/local/lib/python3.4/dist-packages/pandas/core/generic.py", line 1645, in _get_item_cache
    values = self._data.get(item)
  File "/usr/local/lib/python3.4/dist-packages/pandas/core/internals.py", line 3590, in get
    loc = self.items.get_loc(item)
  File "/usr/local/lib/python3.4/dist-packages/pandas/core/indexes/base.py", line 2444, in get_loc
    return self._engine.get_loc(self._maybe_cast_indexer(key))
  File "pandas/_libs/index.pyx", line 132, in pandas._libs.index.IndexEngine.get_loc (pandas/_libs/index.c:5280)
  File "pandas/_libs/index.pyx", line 154, in pandas._libs.index.IndexEngine.get_loc (pandas/_libs/index.c:5126)
  File "pandas/_libs/hashtable_class_helper.pxi", line 1210, in pandas._libs.hashtable.PyObjectHashTable.get_item (pandas/_libs/hashtable.c:20523)
  File "pandas/_libs/hashtable_class_helper.pxi", line 1218, in pandas._libs.hashtable.PyObjectHashTable.get_item (pandas/_libs/hashtable.c:20477)
KeyError: 'index'
2018-01-19 17:36:49.418632: W tensorflow/core/platform/cpu_feature_guard.cc:45] The TensorFlow library wasn't compiled to use SSE4.1 instructions, but these are available on your machine and could speed up CPU computations.
2018-01-19 17:36:49.418692: W tensorflow/core/platform/cpu_feature_guard.cc:45] The TensorFlow library wasn't compiled to use SSE4.2 instructions, but these are available on your machine and could speed up CPU computations.
2018-01-19 17:36:49.418703: W tensorflow/core/platform/cpu_feature_guard.cc:45] The TensorFlow library wasn't compiled to use AVX instructions, but these are available on your machine and could speed up CPU computations.
2018-01-19 17:36:49.418716: W tensorflow/core/platform/cpu_feature_guard.cc:45] The TensorFlow library wasn't compiled to use AVX2 instructions, but these are available on your machine and could speed up CPU computations.
2018-01-19 17:36:49.418723: W tensorflow/core/platform/cpu_feature_guard.cc:45] The TensorFlow library wasn't compiled to use FMA instructions, but these are available on your machine and could speed up CPU computations.
2342 9365

Training Accuracy :  0.85905 Calibration Accuracy :  0.863365 Step : 1

Training Accuracy :  0.889802 Calibration Accuracy :  0.89667 Step : 2

Training Accuracy :  0.914469 Calibration Accuracy :  0.916311 Step : 3

Training Accuracy :  0.916284 Calibration Accuracy :  0.910333 Step : 4

Training Accuracy :  0.927923 Calibration Accuracy :  0.917165 Step : 5

Training Accuracy :  0.954832 Calibration Accuracy :  0.949616 Step : 6

Training Accuracy :  0.959423 Calibration Accuracy :  0.943638 Step : 7

Training Accuracy :  0.953657 Calibration Accuracy :  0.925705 Step : 8

Training Accuracy :  0.960812 Calibration Accuracy :  0.95047 Step : 9

Training Accuracy :  0.972451 Calibration Accuracy :  0.959863 Step : 10

Training Accuracy :  0.975868 Calibration Accuracy :  0.943638 Step : 11

Training Accuracy :  0.968286 Calibration Accuracy :  0.94193 Step : 12

Training Accuracy :  0.951308 Calibration Accuracy :  0.923143 Step : 13

Training Accuracy :  0.966257 Calibration Accuracy :  0.93339 Step : 14

Training Accuracy :  0.968286 Calibration Accuracy :  0.942784 Step : 15

Training Accuracy :  0.980779 Calibration Accuracy :  0.957301 Step : 16

Training Accuracy :  0.985478 Calibration Accuracy :  0.959863 Step : 17

Training Accuracy :  0.982595 Calibration Accuracy :  0.964133 Step : 18

Training Accuracy :  0.983983 Calibration Accuracy :  0.959009 Step : 19

Training Accuracy :  0.987613 Calibration Accuracy :  0.973527 Step : 20

Training Accuracy :  0.987613 Calibration Accuracy :  0.964133 Step : 21
P-Value:  0.000741363010168 
 [0.89666951, 0.91631085, 0.91033304, 0.9171648, 0.94961572, 0.94363791, 0.92570454, 0.95046967, 0.95986336, 0.94363791] 
 [0.94193, 0.92314261, 0.93339026, 0.94278395, 0.95730144, 0.95986336, 0.9641332, 0.95900941, 0.9735269, 0.9641332]
Save path:  /home/tjahn/tf_save_data/sungmin/save_path/saved 
Max_step:  21 
Max_Accuracy:  0.973527

Training Accuracy :  0.988681 Calibration Accuracy :  0.966695 Step : 22
P-Value:  0.000233663512316 
 [0.91631085, 0.91033304, 0.9171648, 0.94961572, 0.94363791, 0.92570454, 0.95046967, 0.95986336, 0.94363791, 0.94193] 
 [0.92314261, 0.93339026, 0.94278395, 0.95730144, 0.95986336, 0.9641332, 0.95900941, 0.9735269, 0.9641332, 0.96669513]

Training Accuracy :  0.988147 Calibration Accuracy :  0.971819 Step : 23
P-Value:  0.00034126881692 
 [0.91033304, 0.9171648, 0.94961572, 0.94363791, 0.92570454, 0.95046967, 0.95986336, 0.94363791, 0.94193, 0.92314261] 
 [0.93339026, 0.94278395, 0.95730144, 0.95986336, 0.9641332, 0.95900941, 0.9735269, 0.9641332, 0.96669513, 0.97181898]

Training Accuracy :  0.987186 Calibration Accuracy :  0.960717 Step : 24
P-Value:  0.000312707253053 
 [0.9171648, 0.94961572, 0.94363791, 0.92570454, 0.95046967, 0.95986336, 0.94363791, 0.94193, 0.92314261, 0.93339026] 
 [0.94278395, 0.95730144, 0.95986336, 0.9641332, 0.95900941, 0.9735269, 0.9641332, 0.96669513, 0.97181898, 0.96071732]

Training Accuracy :  0.988681 Calibration Accuracy :  0.964133 Step : 25
P-Value:  0.000353373849136 
 [0.94961572, 0.94363791, 0.92570454, 0.95046967, 0.95986336, 0.94363791, 0.94193, 0.92314261, 0.93339026, 0.94278395] 
 [0.95730144, 0.95986336, 0.9641332, 0.95900941, 0.9735269, 0.9641332, 0.96669513, 0.97181898, 0.96071732, 0.9641332]

Training Accuracy :  0.990069 Calibration Accuracy :  0.965841 Step : 26
P-Value:  0.00032394307888 
 [0.94363791, 0.92570454, 0.95046967, 0.95986336, 0.94363791, 0.94193, 0.92314261, 0.93339026, 0.94278395, 0.95730144] 
 [0.95986336, 0.9641332, 0.95900941, 0.9735269, 0.9641332, 0.96669513, 0.97181898, 0.96071732, 0.9641332, 0.96584117]

Training Accuracy :  0.988681 Calibration Accuracy :  0.971819 Step : 27
P-Value:  0.000439501836636 
 [0.92570454, 0.95046967, 0.95986336, 0.94363791, 0.94193, 0.92314261, 0.93339026, 0.94278395, 0.95730144, 0.95986336] 
 [0.9641332, 0.95900941, 0.9735269, 0.9641332, 0.96669513, 0.97181898, 0.96071732, 0.9641332, 0.96584117, 0.97181898]

Training Accuracy :  0.989322 Calibration Accuracy :  0.959863 Step : 28
P-Value:  0.00299835194116 
 [0.95046967, 0.95986336, 0.94363791, 0.94193, 0.92314261, 0.93339026, 0.94278395, 0.95730144, 0.95986336, 0.9641332] 
 [0.95900941, 0.9735269, 0.9641332, 0.96669513, 0.97181898, 0.96071732, 0.9641332, 0.96584117, 0.97181898, 0.95986336]

Training Accuracy :  0.991885 Calibration Accuracy :  0.966695 Step : 29
P-Value:  0.00317296380444 
 [0.95986336, 0.94363791, 0.94193, 0.92314261, 0.93339026, 0.94278395, 0.95730144, 0.95986336, 0.9641332, 0.95900941] 
 [0.9735269, 0.9641332, 0.96669513, 0.97181898, 0.96071732, 0.9641332, 0.96584117, 0.97181898, 0.95986336, 0.96669513]

Training Accuracy :  0.993059 Calibration Accuracy :  0.968403 Step : 30
P-Value:  0.0112004215224 
 [0.94363791, 0.94193, 0.92314261, 0.93339026, 0.94278395, 0.95730144, 0.95986336, 0.9641332, 0.95900941, 0.9735269] 
 [0.9641332, 0.96669513, 0.97181898, 0.96071732, 0.9641332, 0.96584117, 0.97181898, 0.95986336, 0.96669513, 0.9684031]

Training Accuracy :  0.990924 Calibration Accuracy :  0.965841 Step : 31
P-Value:  0.0235993623755 
 [0.94193, 0.92314261, 0.93339026, 0.94278395, 0.95730144, 0.95986336, 0.9641332, 0.95900941, 0.9735269, 0.9641332] 
 [0.96669513, 0.97181898, 0.96071732, 0.9641332, 0.96584117, 0.97181898, 0.95986336, 0.96669513, 0.9684031, 0.96584117]

Training Accuracy :  0.990817 Calibration Accuracy :  0.962425 Step : 32
P-Value:  0.0646908712056 
 [0.92314261, 0.93339026, 0.94278395, 0.95730144, 0.95986336, 0.9641332, 0.95900941, 0.9735269, 0.9641332, 0.96669513] 
 [0.97181898, 0.96071732, 0.9641332, 0.96584117, 0.97181898, 0.95986336, 0.96669513, 0.9684031, 0.96584117, 0.96242529]

Training Accuracy :  0.987827 Calibration Accuracy :  0.965841 Step : 33
P-Value:  0.145662413826 
 [0.93339026, 0.94278395, 0.95730144, 0.95986336, 0.9641332, 0.95900941, 0.9735269, 0.9641332, 0.96669513, 0.97181898] 
 [0.96071732, 0.9641332, 0.96584117, 0.97181898, 0.95986336, 0.96669513, 0.9684031, 0.96584117, 0.96242529, 0.96584117]

Training Accuracy :  0.988681 Calibration Accuracy :  0.958155 Step : 34
P-Value:  0.342109652223 
 [0.94278395, 0.95730144, 0.95986336, 0.9641332, 0.95900941, 0.9735269, 0.9641332, 0.96669513, 0.97181898, 0.96071732] 
 [0.9641332, 0.96584117, 0.97181898, 0.95986336, 0.96669513, 0.9684031, 0.96584117, 0.96242529, 0.96584117, 0.95815539]

Training Accuracy :  0.990176 Calibration Accuracy :  0.965841 Step : 35
P-Value:  0.657115375194 
 [0.95730144, 0.95986336, 0.9641332, 0.95900941, 0.9735269, 0.9641332, 0.96669513, 0.97181898, 0.96071732, 0.9641332] 
 [0.96584117, 0.97181898, 0.95986336, 0.96669513, 0.9684031, 0.96584117, 0.96242529, 0.96584117, 0.95815539, 0.96584117]

Training Accuracy :  0.99039 Calibration Accuracy :  0.963279 Step : 36
P-Value:  0.92972038993 
 [0.95986336, 0.9641332, 0.95900941, 0.9735269, 0.9641332, 0.96669513, 0.97181898, 0.96071732, 0.9641332, 0.96584117] 
 [0.97181898, 0.95986336, 0.96669513, 0.9684031, 0.96584117, 0.96242529, 0.96584117, 0.95815539, 0.96584117, 0.96327925]

Training Accuracy :  0.992205 Calibration Accuracy :  0.968403 Step : 37
P-Value:  0.230857186064 
 [0.9641332, 0.95900941, 0.9735269, 0.9641332, 0.96669513, 0.97181898, 0.96071732, 0.9641332, 0.96584117, 0.97181898] 
 [0.95986336, 0.96669513, 0.9684031, 0.96584117, 0.96242529, 0.96584117, 0.95815539, 0.96584117, 0.96327925, 0.9684031]

Training Accuracy :  0.991564 Calibration Accuracy :  0.967549 Step : 38
P-Value:  0.754015055134 
 [0.95900941, 0.9735269, 0.9641332, 0.96669513, 0.97181898, 0.96071732, 0.9641332, 0.96584117, 0.97181898, 0.95986336] 
 [0.96669513, 0.9684031, 0.96584117, 0.96242529, 0.96584117, 0.95815539, 0.96584117, 0.96327925, 0.9684031, 0.96754909]

Training Accuracy :  0.991244 Calibration Accuracy :  0.967549 Step : 39
P-Value:  0.388015930286 
 [0.9735269, 0.9641332, 0.96669513, 0.97181898, 0.96071732, 0.9641332, 0.96584117, 0.97181898, 0.95986336, 0.96669513] 
 [0.9684031, 0.96584117, 0.96242529, 0.96584117, 0.95815539, 0.96584117, 0.96327925, 0.9684031, 0.96754909, 0.96754909]

Training Accuracy :  0.990497 Calibration Accuracy :  0.964133 Step : 40
P-Value:  0.412599405792 
 [0.9641332, 0.96669513, 0.97181898, 0.96071732, 0.9641332, 0.96584117, 0.97181898, 0.95986336, 0.96669513, 0.9684031] 
 [0.96584117, 0.96242529, 0.96584117, 0.95815539, 0.96584117, 0.96327925, 0.9684031, 0.96754909, 0.96754909, 0.9641332]

Training Accuracy :  0.991564 Calibration Accuracy :  0.963279 Step : 41
P-Value:  0.253111265478 
 [0.96669513, 0.97181898, 0.96071732, 0.9641332, 0.96584117, 0.97181898, 0.95986336, 0.96669513, 0.9684031, 0.96584117] 
 [0.96242529, 0.96584117, 0.95815539, 0.96584117, 0.96327925, 0.9684031, 0.96754909, 0.96754909, 0.9641332, 0.96327925]

Training Accuracy :  0.989002 Calibration Accuracy :  0.964133 Step : 42
P-Value:  0.473836119591 
 [0.97181898, 0.96071732, 0.9641332, 0.96584117, 0.97181898, 0.95986336, 0.96669513, 0.9684031, 0.96584117, 0.96242529] 
 [0.96584117, 0.95815539, 0.96584117, 0.96327925, 0.9684031, 0.96754909, 0.96754909, 0.9641332, 0.96327925, 0.9641332]

Training Accuracy :  0.986652 Calibration Accuracy :  0.966695 Step : 43
P-Value:  0.825979143929 
 [0.96071732, 0.9641332, 0.96584117, 0.97181898, 0.95986336, 0.96669513, 0.9684031, 0.96584117, 0.96242529, 0.96584117] 
 [0.95815539, 0.96584117, 0.96327925, 0.9684031, 0.96754909, 0.96754909, 0.9641332, 0.96327925, 0.9641332, 0.96669513]

Training Accuracy :  0.990176 Calibration Accuracy :  0.962425 Step : 44
P-Value:  0.72631948769 
 [0.9641332, 0.96584117, 0.97181898, 0.95986336, 0.96669513, 0.9684031, 0.96584117, 0.96242529, 0.96584117, 0.95815539] 
 [0.96584117, 0.96327925, 0.9684031, 0.96754909, 0.96754909, 0.9641332, 0.96327925, 0.9641332, 0.96669513, 0.96242529]

Training Accuracy :  0.988895 Calibration Accuracy :  0.959863 Step : 45
P-Value:  0.803118810749 
 [0.96584117, 0.97181898, 0.95986336, 0.96669513, 0.9684031, 0.96584117, 0.96242529, 0.96584117, 0.95815539, 0.96584117] 
 [0.96327925, 0.9684031, 0.96754909, 0.96754909, 0.9641332, 0.96327925, 0.9641332, 0.96669513, 0.96242529, 0.95986336]

Training Accuracy :  0.986332 Calibration Accuracy :  0.957301 Step : 46
P-Value:  0.645013440623 
 [0.97181898, 0.95986336, 0.96669513, 0.9684031, 0.96584117, 0.96242529, 0.96584117, 0.95815539, 0.96584117, 0.96327925] 
 [0.9684031, 0.96754909, 0.96754909, 0.9641332, 0.96327925, 0.9641332, 0.96669513, 0.96242529, 0.95986336, 0.95730144]

Training Accuracy :  0.979925 Calibration Accuracy :  0.959009 Step : 47
P-Value:  0.461636436528 
 [0.95986336, 0.96669513, 0.9684031, 0.96584117, 0.96242529, 0.96584117, 0.95815539, 0.96584117, 0.96327925, 0.9684031] 
 [0.96754909, 0.96754909, 0.9641332, 0.96327925, 0.9641332, 0.96669513, 0.96242529, 0.95986336, 0.95730144, 0.95900941]

Training Accuracy :  0.98441 Calibration Accuracy :  0.959009 Step : 48
P-Value:  0.0804924614849 
 [0.96669513, 0.9684031, 0.96584117, 0.96242529, 0.96584117, 0.95815539, 0.96584117, 0.96327925, 0.9684031, 0.96754909] 
 [0.96754909, 0.9641332, 0.96327925, 0.9641332, 0.96669513, 0.96242529, 0.95986336, 0.95730144, 0.95900941, 0.95900941]

Training Accuracy :  0.987827 Calibration Accuracy :  0.964987 Step : 49
P-Value:  0.0476947798822 
 [0.9684031, 0.96584117, 0.96242529, 0.96584117, 0.95815539, 0.96584117, 0.96327925, 0.9684031, 0.96754909, 0.96754909] 
 [0.9641332, 0.96327925, 0.9641332, 0.96669513, 0.96242529, 0.95986336, 0.95730144, 0.95900941, 0.95900941, 0.96498722]

Training Accuracy :  0.984944 Calibration Accuracy :  0.966695 Step : 50
P-Value:  0.126685696884 
 [0.96584117, 0.96242529, 0.96584117, 0.95815539, 0.96584117, 0.96327925, 0.9684031, 0.96754909, 0.96754909, 0.9641332] 
 [0.96327925, 0.9641332, 0.96669513, 0.96242529, 0.95986336, 0.95730144, 0.95900941, 0.95900941, 0.96498722, 0.96669513]

Training Accuracy :  0.988147 Calibration Accuracy :  0.964133 Step : 51
P-Value:  0.188425286006 
 [0.96242529, 0.96584117, 0.95815539, 0.96584117, 0.96327925, 0.9684031, 0.96754909, 0.96754909, 0.9641332, 0.96327925] 
 [0.9641332, 0.96669513, 0.96242529, 0.95986336, 0.95730144, 0.95900941, 0.95900941, 0.96498722, 0.96669513, 0.9641332]

Training Accuracy :  0.987827 Calibration Accuracy :  0.964133 Step : 52
P-Value:  0.150445137274 
 [0.96584117, 0.95815539, 0.96584117, 0.96327925, 0.9684031, 0.96754909, 0.96754909, 0.9641332, 0.96327925, 0.9641332] 
 [0.96669513, 0.96242529, 0.95986336, 0.95730144, 0.95900941, 0.95900941, 0.96498722, 0.96669513, 0.9641332, 0.9641332]

Training Accuracy :  0.991351 Calibration Accuracy :  0.967549 Step : 53
P-Value:  0.150445137274 
 [0.95815539, 0.96584117, 0.96327925, 0.9684031, 0.96754909, 0.96754909, 0.9641332, 0.96327925, 0.9641332, 0.96669513] 
 [0.96242529, 0.95986336, 0.95730144, 0.95900941, 0.95900941, 0.96498722, 0.96669513, 0.9641332, 0.9641332, 0.96754909]

Training Accuracy :  0.990069 Calibration Accuracy :  0.970965 Step : 54
P-Value:  0.295589780379 
 [0.96584117, 0.96327925, 0.9684031, 0.96754909, 0.96754909, 0.9641332, 0.96327925, 0.9641332, 0.96669513, 0.96242529] 
 [0.95986336, 0.95730144, 0.95900941, 0.95900941, 0.96498722, 0.96669513, 0.9641332, 0.9641332, 0.96754909, 0.97096497]

Training Accuracy :  0.989429 Calibration Accuracy :  0.968403 Step : 55
P-Value:  0.80214137225 
 [0.96327925, 0.9684031, 0.96754909, 0.96754909, 0.9641332, 0.96327925, 0.9641332, 0.96669513, 0.96242529, 0.95986336] 
 [0.95730144, 0.95900941, 0.95900941, 0.96498722, 0.96669513, 0.9641332, 0.9641332, 0.96754909, 0.97096497, 0.9684031]

Training Accuracy :  0.989002 Calibration Accuracy :  0.966695 Step : 56
P-Value:  0.638247225038 
 [0.9684031, 0.96754909, 0.96754909, 0.9641332, 0.96327925, 0.9641332, 0.96669513, 0.96242529, 0.95986336, 0.95730144] 
 [0.95900941, 0.95900941, 0.96498722, 0.96669513, 0.9641332, 0.9641332, 0.96754909, 0.97096497, 0.9684031, 0.96669513]

Training Accuracy :  0.990924 Calibration Accuracy :  0.968403 Step : 57
P-Value:  0.161192571092 
 [0.96754909, 0.96754909, 0.9641332, 0.96327925, 0.9641332, 0.96669513, 0.96242529, 0.95986336, 0.95730144, 0.95900941] 
 [0.95900941, 0.96498722, 0.96669513, 0.9641332, 0.9641332, 0.96754909, 0.97096497, 0.9684031, 0.96669513, 0.9684031]

Training Accuracy :  0.993059 Calibration Accuracy :  0.977797 Step : 58
P-Value:  0.0217011637418 
 [0.96754909, 0.9641332, 0.96327925, 0.9641332, 0.96669513, 0.96242529, 0.95986336, 0.95730144, 0.95900941, 0.95900941] 
 [0.96498722, 0.96669513, 0.9641332, 0.9641332, 0.96754909, 0.97096497, 0.9684031, 0.96669513, 0.9684031, 0.97779673]
Save path:  /home/tjahn/tf_save_data/sungmin/save_path/saved 
Max_step:  58 
Max_Accuracy:  0.977797

Training Accuracy :  0.989429 Calibration Accuracy :  0.971819 Step : 59
P-Value:  0.00560657468244 
 [0.9641332, 0.96327925, 0.9641332, 0.96669513, 0.96242529, 0.95986336, 0.95730144, 0.95900941, 0.95900941, 0.96498722] 
 [0.96669513, 0.9641332, 0.9641332, 0.96754909, 0.97096497, 0.9684031, 0.96669513, 0.9684031, 0.97779673, 0.97181898]

Training Accuracy :  0.989002 Calibration Accuracy :  0.969257 Step : 60
P-Value:  0.00560657468244 
 [0.96327925, 0.9641332, 0.96669513, 0.96242529, 0.95986336, 0.95730144, 0.95900941, 0.95900941, 0.96498722, 0.96669513] 
 [0.9641332, 0.9641332, 0.96754909, 0.97096497, 0.9684031, 0.96669513, 0.9684031, 0.97779673, 0.97181898, 0.96925706]

Training Accuracy :  0.990817 Calibration Accuracy :  0.970965 Step : 61
P-Value:  0.00227492983449 
 [0.9641332, 0.96669513, 0.96242529, 0.95986336, 0.95730144, 0.95900941, 0.95900941, 0.96498722, 0.96669513, 0.9641332] 
 [0.9641332, 0.96754909, 0.97096497, 0.9684031, 0.96669513, 0.9684031, 0.97779673, 0.97181898, 0.96925706, 0.97096497]

Training Accuracy :  0.989749 Calibration Accuracy :  0.964133 Step : 62
P-Value:  0.00227492983449 
 [0.96669513, 0.96242529, 0.95986336, 0.95730144, 0.95900941, 0.95900941, 0.96498722, 0.96669513, 0.9641332, 0.9641332] 
 [0.96754909, 0.97096497, 0.9684031, 0.96669513, 0.9684031, 0.97779673, 0.97181898, 0.96925706, 0.97096497, 0.9641332]

Training Accuracy :  0.989108 Calibration Accuracy :  0.967549 Step : 63
P-Value:  0.00279525470549 
 [0.96242529, 0.95986336, 0.95730144, 0.95900941, 0.95900941, 0.96498722, 0.96669513, 0.9641332, 0.9641332, 0.96754909] 
 [0.97096497, 0.9684031, 0.96669513, 0.9684031, 0.97779673, 0.97181898, 0.96925706, 0.97096497, 0.9641332, 0.96754909]

Training Accuracy :  0.99071 Calibration Accuracy :  0.972673 Step : 64
P-Value:  0.00633665043239 
 [0.95986336, 0.95730144, 0.95900941, 0.95900941, 0.96498722, 0.96669513, 0.9641332, 0.9641332, 0.96754909, 0.97096497] 
 [0.9684031, 0.96669513, 0.9684031, 0.97779673, 0.97181898, 0.96925706, 0.97096497, 0.9641332, 0.96754909, 0.97267294]

Training Accuracy :  0.989856 Calibration Accuracy :  0.966695 Step : 65
P-Value:  0.0226649691968 
 [0.95730144, 0.95900941, 0.95900941, 0.96498722, 0.96669513, 0.9641332, 0.9641332, 0.96754909, 0.97096497, 0.9684031] 
 [0.96669513, 0.9684031, 0.97779673, 0.97181898, 0.96925706, 0.97096497, 0.9641332, 0.96754909, 0.97267294, 0.96669513]

Training Accuracy :  0.991671 Calibration Accuracy :  0.969257 Step : 66
P-Value:  0.0372359244478 
 [0.95900941, 0.95900941, 0.96498722, 0.96669513, 0.9641332, 0.9641332, 0.96754909, 0.97096497, 0.9684031, 0.96669513] 
 [0.9684031, 0.97779673, 0.97181898, 0.96925706, 0.97096497, 0.9641332, 0.96754909, 0.97267294, 0.96669513, 0.96925706]

Training Accuracy :  0.991778 Calibration Accuracy :  0.970111 Step : 67
P-Value:  0.0647491563657 
 [0.95900941, 0.96498722, 0.96669513, 0.9641332, 0.9641332, 0.96754909, 0.97096497, 0.9684031, 0.96669513, 0.9684031] 
 [0.97779673, 0.97181898, 0.96925706, 0.97096497, 0.9641332, 0.96754909, 0.97267294, 0.96669513, 0.96925706, 0.97011101]

Training Accuracy :  0.988361 Calibration Accuracy :  0.967549 Step : 68
P-Value:  0.518894176724 
 [0.96498722, 0.96669513, 0.9641332, 0.9641332, 0.96754909, 0.97096497, 0.9684031, 0.96669513, 0.9684031, 0.97779673] 
 [0.97181898, 0.96925706, 0.97096497, 0.9641332, 0.96754909, 0.97267294, 0.96669513, 0.96925706, 0.97011101, 0.96754909]

Training Accuracy :  0.991671 Calibration Accuracy :  0.964987 Step : 69
P-Value:  0.831578969129 
 [0.96669513, 0.9641332, 0.9641332, 0.96754909, 0.97096497, 0.9684031, 0.96669513, 0.9684031, 0.97779673, 0.97181898] 
 [0.96925706, 0.97096497, 0.9641332, 0.96754909, 0.97267294, 0.96669513, 0.96925706, 0.97011101, 0.96754909, 0.96498722]

Training Accuracy :  0.99039 Calibration Accuracy :  0.967549 Step : 70
P-Value:  0.627493061449 
 [0.9641332, 0.9641332, 0.96754909, 0.97096497, 0.9684031, 0.96669513, 0.9684031, 0.97779673, 0.97181898, 0.96925706] 
 [0.97096497, 0.9641332, 0.96754909, 0.97267294, 0.96669513, 0.96925706, 0.97011101, 0.96754909, 0.96498722, 0.96754909]

Training Accuracy :  0.992739 Calibration Accuracy :  0.972673 Step : 71
P-Value:  0.356624148014 
 [0.9641332, 0.96754909, 0.97096497, 0.9684031, 0.96669513, 0.9684031, 0.97779673, 0.97181898, 0.96925706, 0.97096497] 
 [0.9641332, 0.96754909, 0.97267294, 0.96669513, 0.96925706, 0.97011101, 0.96754909, 0.96498722, 0.96754909, 0.97267294]

Training Accuracy :  0.993273 Calibration Accuracy :  0.972673 Step : 72
P-Value:  0.801197982413 
 [0.96754909, 0.97096497, 0.9684031, 0.96669513, 0.9684031, 0.97779673, 0.97181898, 0.96925706, 0.97096497, 0.9641332] 
 [0.96754909, 0.97267294, 0.96669513, 0.96925706, 0.97011101, 0.96754909, 0.96498722, 0.96754909, 0.97267294, 0.97267294]

Training Accuracy :  0.992525 Calibration Accuracy :  0.975235 Step : 73
P-Value:  0.856595723182 
 [0.97096497, 0.9684031, 0.96669513, 0.9684031, 0.97779673, 0.97181898, 0.96925706, 0.97096497, 0.9641332, 0.96754909] 
 [0.97267294, 0.96669513, 0.96925706, 0.97011101, 0.96754909, 0.96498722, 0.96754909, 0.97267294, 0.97267294, 0.97523487]

Training Accuracy :  0.99338 Calibration Accuracy :  0.976089 Step : 74
P-Value:  0.789037839755 
 [0.9684031, 0.96669513, 0.9684031, 0.97779673, 0.97181898, 0.96925706, 0.97096497, 0.9641332, 0.96754909, 0.97267294] 
 [0.96669513, 0.96925706, 0.97011101, 0.96754909, 0.96498722, 0.96754909, 0.97267294, 0.97267294, 0.97523487, 0.97608882]

Training Accuracy :  0.99402 Calibration Accuracy :  0.977797 Step : 75
P-Value:  0.41799693626 
 [0.96669513, 0.9684031, 0.97779673, 0.97181898, 0.96925706, 0.97096497, 0.9641332, 0.96754909, 0.97267294, 0.96669513] 
 [0.96925706, 0.97011101, 0.96754909, 0.96498722, 0.96754909, 0.97267294, 0.97267294, 0.97523487, 0.97608882, 0.97779673]

Training Accuracy :  0.994447 Calibration Accuracy :  0.973527 Step : 76
P-Value:  0.3797810085 
 [0.9684031, 0.97779673, 0.97181898, 0.96925706, 0.97096497, 0.9641332, 0.96754909, 0.97267294, 0.96669513, 0.96925706] 
 [0.97011101, 0.96754909, 0.96498722, 0.96754909, 0.97267294, 0.97267294, 0.97523487, 0.97608882, 0.97779673, 0.9735269]

Training Accuracy :  0.994127 Calibration Accuracy :  0.976089 Step : 77
P-Value:  0.297714381984 
 [0.97779673, 0.97181898, 0.96925706, 0.97096497, 0.9641332, 0.96754909, 0.97267294, 0.96669513, 0.96925706, 0.97011101] 
 [0.96754909, 0.96498722, 0.96754909, 0.97267294, 0.97267294, 0.97523487, 0.97608882, 0.97779673, 0.9735269, 0.97608882]

Training Accuracy :  0.993593 Calibration Accuracy :  0.976943 Step : 78
P-Value:  0.0335573101521 
 [0.97181898, 0.96925706, 0.97096497, 0.9641332, 0.96754909, 0.97267294, 0.96669513, 0.96925706, 0.97011101, 0.96754909] 
 [0.96498722, 0.96754909, 0.97267294, 0.97267294, 0.97523487, 0.97608882, 0.97779673, 0.9735269, 0.97608882, 0.97694278]

Training Accuracy :  0.99402 Calibration Accuracy :  0.972673 Step : 79
P-Value:  0.00110463850796 
 [0.96925706, 0.97096497, 0.9641332, 0.96754909, 0.97267294, 0.96669513, 0.96925706, 0.97011101, 0.96754909, 0.96498722] 
 [0.96754909, 0.97267294, 0.97267294, 0.97523487, 0.97608882, 0.97779673, 0.9735269, 0.97608882, 0.97694278, 0.97267294]

Training Accuracy :  0.994661 Calibration Accuracy :  0.974381 Step : 80
P-Value:  4.36783869922e-05 
 [0.97096497, 0.9641332, 0.96754909, 0.97267294, 0.96669513, 0.96925706, 0.97011101, 0.96754909, 0.96498722, 0.96754909] 
 [0.97267294, 0.97267294, 0.97523487, 0.97608882, 0.97779673, 0.9735269, 0.97608882, 0.97694278, 0.97267294, 0.97438085]

Training Accuracy :  0.993914 Calibration Accuracy :  0.971819 Step : 81
P-Value:  0.000223741707223 
 [0.9641332, 0.96754909, 0.97267294, 0.96669513, 0.96925706, 0.97011101, 0.96754909, 0.96498722, 0.96754909, 0.97267294] 
 [0.97267294, 0.97523487, 0.97608882, 0.97779673, 0.9735269, 0.97608882, 0.97694278, 0.97267294, 0.97438085, 0.97181898]

Training Accuracy :  0.994234 Calibration Accuracy :  0.975235 Step : 82
P-Value:  0.000560170367134 
 [0.96754909, 0.97267294, 0.96669513, 0.96925706, 0.97011101, 0.96754909, 0.96498722, 0.96754909, 0.97267294, 0.97267294] 
 [0.97523487, 0.97608882, 0.97779673, 0.9735269, 0.97608882, 0.97694278, 0.97267294, 0.97438085, 0.97181898, 0.97523487]

Training Accuracy :  0.991351 Calibration Accuracy :  0.972673 Step : 83
P-Value:  0.00672350454975 
 [0.97267294, 0.96669513, 0.96925706, 0.97011101, 0.96754909, 0.96498722, 0.96754909, 0.97267294, 0.97267294, 0.97523487] 
 [0.97608882, 0.97779673, 0.9735269, 0.97608882, 0.97694278, 0.97267294, 0.97438085, 0.97181898, 0.97523487, 0.97267294]

Training Accuracy :  0.990924 Calibration Accuracy :  0.971819 Step : 84
P-Value:  0.0369547231966 
 [0.96669513, 0.96925706, 0.97011101, 0.96754909, 0.96498722, 0.96754909, 0.97267294, 0.97267294, 0.97523487, 0.97608882] 
 [0.97779673, 0.9735269, 0.97608882, 0.97694278, 0.97267294, 0.97438085, 0.97181898, 0.97523487, 0.97267294, 0.97181898]

Training Accuracy :  0.992952 Calibration Accuracy :  0.975235 Step : 85
P-Value:  0.122044968428 
 [0.96925706, 0.97011101, 0.96754909, 0.96498722, 0.96754909, 0.97267294, 0.97267294, 0.97523487, 0.97608882, 0.97779673] 
 [0.9735269, 0.97608882, 0.97694278, 0.97267294, 0.97438085, 0.97181898, 0.97523487, 0.97267294, 0.97181898, 0.97523487]

Training Accuracy :  0.994127 Calibration Accuracy :  0.975235 Step : 86
P-Value:  0.155491497617 
 [0.97011101, 0.96754909, 0.96498722, 0.96754909, 0.97267294, 0.97267294, 0.97523487, 0.97608882, 0.97779673, 0.9735269] 
 [0.97608882, 0.97694278, 0.97267294, 0.97438085, 0.97181898, 0.97523487, 0.97267294, 0.97181898, 0.97523487, 0.97523487]

Training Accuracy :  0.993914 Calibration Accuracy :  0.971819 Step : 87
P-Value:  0.419809051176 
 [0.96754909, 0.96498722, 0.96754909, 0.97267294, 0.97267294, 0.97523487, 0.97608882, 0.97779673, 0.9735269, 0.97608882] 
 [0.97694278, 0.97267294, 0.97438085, 0.97181898, 0.97523487, 0.97267294, 0.97181898, 0.97523487, 0.97523487, 0.97181898]

Training Accuracy :  0.994554 Calibration Accuracy :  0.970965 Step : 88
P-Value:  0.911520830726 
 [0.96498722, 0.96754909, 0.97267294, 0.97267294, 0.97523487, 0.97608882, 0.97779673, 0.9735269, 0.97608882, 0.97694278] 
 [0.97267294, 0.97438085, 0.97181898, 0.97523487, 0.97267294, 0.97181898, 0.97523487, 0.97523487, 0.97181898, 0.97096497]

Training Accuracy :  0.99402 Calibration Accuracy :  0.972673 Step : 89
P-Value:  0.46012003801 
 [0.96754909, 0.97267294, 0.97267294, 0.97523487, 0.97608882, 0.97779673, 0.9735269, 0.97608882, 0.97694278, 0.97267294] 
 [0.97438085, 0.97181898, 0.97523487, 0.97267294, 0.97181898, 0.97523487, 0.97523487, 0.97181898, 0.97096497, 0.97267294]

Training Accuracy :  0.992632 Calibration Accuracy :  0.969257 Step : 90
P-Value:  0.0454810895233 
 [0.97267294, 0.97267294, 0.97523487, 0.97608882, 0.97779673, 0.9735269, 0.97608882, 0.97694278, 0.97267294, 0.97438085] 
 [0.97181898, 0.97523487, 0.97267294, 0.97181898, 0.97523487, 0.97523487, 0.97181898, 0.97096497, 0.97267294, 0.96925706]
Learning Finished!! P-Value:  0.0454810895233 
 [0.97267294, 0.97267294, 0.97523487, 0.97608882, 0.97779673, 0.9735269, 0.97608882, 0.97694278, 0.97267294, 0.97438085] 
 [0.97181898, 0.97523487, 0.97267294, 0.97181898, 0.97523487, 0.97523487, 0.97181898, 0.97096497, 0.97267294, 0.96925706]
Save path:  /home/tjahn/tf_save_data/sungmin/save_path/saved
Max_step:  58 Max_accuracy:  0.977797

Test Accuracy:  0.961571
2342 9365

Training Accuracy :  0.832034 Calibration Accuracy :  0.820666 Step : 1

Training Accuracy :  0.888628 Calibration Accuracy :  0.871904 Step : 2

Training Accuracy :  0.914362 Calibration Accuracy :  0.895816 Step : 3

Training Accuracy :  0.931233 Calibration Accuracy :  0.906063 Step : 4

Training Accuracy :  0.94095 Calibration Accuracy :  0.912041 Step : 5

Training Accuracy :  0.955259 Calibration Accuracy :  0.926558 Step : 6

Training Accuracy :  0.957822 Calibration Accuracy :  0.944492 Step : 7

Training Accuracy :  0.960171 Calibration Accuracy :  0.935098 Step : 8

Training Accuracy :  0.951522 Calibration Accuracy :  0.920581 Step : 9

Training Accuracy :  0.963268 Calibration Accuracy :  0.938514 Step : 10

Training Accuracy :  0.975868 Calibration Accuracy :  0.942784 Step : 11

Training Accuracy :  0.972023 Calibration Accuracy :  0.929974 Step : 12

Training Accuracy :  0.967432 Calibration Accuracy :  0.934244 Step : 13

Training Accuracy :  0.971917 Calibration Accuracy :  0.938514 Step : 14

Training Accuracy :  0.961452 Calibration Accuracy :  0.922289 Step : 15

Training Accuracy :  0.970101 Calibration Accuracy :  0.936806 Step : 16

Training Accuracy :  0.974907 Calibration Accuracy :  0.939368 Step : 17

Training Accuracy :  0.987507 Calibration Accuracy :  0.95474 Step : 18

Training Accuracy :  0.98142 Calibration Accuracy :  0.942784 Step : 19

Training Accuracy :  0.982915 Calibration Accuracy :  0.95474 Step : 20

Training Accuracy :  0.9874 Calibration Accuracy :  0.959863 Step : 21
P-Value:  0.00327146071745 
 [0.87190437, 0.89581555, 0.9060632, 0.91204101, 0.92655849, 0.94449186, 0.93509823, 0.92058069, 0.93851411, 0.94278395] 
 [0.92997438, 0.93424422, 0.93851411, 0.92228866, 0.93680614, 0.93936807, 0.95473951, 0.94278395, 0.95473951, 0.95986336]
Save path:  /home/tjahn/tf_save_data/sungmin/save_path/saved 
Max_step:  21 
Max_Accuracy:  0.959863

Training Accuracy :  0.987507 Calibration Accuracy :  0.959009 Step : 22
P-Value:  0.00097298285977 
 [0.89581555, 0.9060632, 0.91204101, 0.92655849, 0.94449186, 0.93509823, 0.92058069, 0.93851411, 0.94278395, 0.92997438] 
 [0.93424422, 0.93851411, 0.92228866, 0.93680614, 0.93936807, 0.95473951, 0.94278395, 0.95473951, 0.95986336, 0.95900941]

Training Accuracy :  0.986119 Calibration Accuracy :  0.956447 Step : 23
P-Value:  0.000591720250908 
 [0.9060632, 0.91204101, 0.92655849, 0.94449186, 0.93509823, 0.92058069, 0.93851411, 0.94278395, 0.92997438, 0.93424422] 
 [0.93851411, 0.92228866, 0.93680614, 0.93936807, 0.95473951, 0.94278395, 0.95473951, 0.95986336, 0.95900941, 0.95644748]

Training Accuracy :  0.986332 Calibration Accuracy :  0.958155 Step : 24
P-Value:  0.000401081814831 
 [0.91204101, 0.92655849, 0.94449186, 0.93509823, 0.92058069, 0.93851411, 0.94278395, 0.92997438, 0.93424422, 0.93851411] 
 [0.92228866, 0.93680614, 0.93936807, 0.95473951, 0.94278395, 0.95473951, 0.95986336, 0.95900941, 0.95644748, 0.95815539]

Training Accuracy :  0.990176 Calibration Accuracy :  0.959009 Step : 25
P-Value:  0.00045609579272 
 [0.92655849, 0.94449186, 0.93509823, 0.92058069, 0.93851411, 0.94278395, 0.92997438, 0.93424422, 0.93851411, 0.92228866] 
 [0.93680614, 0.93936807, 0.95473951, 0.94278395, 0.95473951, 0.95986336, 0.95900941, 0.95644748, 0.95815539, 0.95900941]

Training Accuracy :  0.990817 Calibration Accuracy :  0.95474 Step : 26
P-Value:  0.000263460608695 
 [0.94449186, 0.93509823, 0.92058069, 0.93851411, 0.94278395, 0.92997438, 0.93424422, 0.93851411, 0.92228866, 0.93680614] 
 [0.93936807, 0.95473951, 0.94278395, 0.95473951, 0.95986336, 0.95900941, 0.95644748, 0.95815539, 0.95900941, 0.95473951]

Training Accuracy :  0.987186 Calibration Accuracy :  0.951324 Step : 27
P-Value:  5.28028585245e-06 
 [0.93509823, 0.92058069, 0.93851411, 0.94278395, 0.92997438, 0.93424422, 0.93851411, 0.92228866, 0.93680614, 0.93936807] 
 [0.95473951, 0.94278395, 0.95473951, 0.95986336, 0.95900941, 0.95644748, 0.95815539, 0.95900941, 0.95473951, 0.95132363]

Training Accuracy :  0.991778 Calibration Accuracy :  0.959863 Step : 28
P-Value:  5.15037362687e-05 
 [0.92058069, 0.93851411, 0.94278395, 0.92997438, 0.93424422, 0.93851411, 0.92228866, 0.93680614, 0.93936807, 0.95473951] 
 [0.94278395, 0.95473951, 0.95986336, 0.95900941, 0.95644748, 0.95815539, 0.95900941, 0.95473951, 0.95132363, 0.95986336]

Training Accuracy :  0.992632 Calibration Accuracy :  0.959009 Step : 29
P-Value:  6.66351309346e-05 
 [0.93851411, 0.94278395, 0.92997438, 0.93424422, 0.93851411, 0.92228866, 0.93680614, 0.93936807, 0.95473951, 0.94278395] 
 [0.95473951, 0.95986336, 0.95900941, 0.95644748, 0.95815539, 0.95900941, 0.95473951, 0.95132363, 0.95986336, 0.95900941]

Training Accuracy :  0.991991 Calibration Accuracy :  0.959863 Step : 30
P-Value:  0.000246505719958 
 [0.94278395, 0.92997438, 0.93424422, 0.93851411, 0.92228866, 0.93680614, 0.93936807, 0.95473951, 0.94278395, 0.95473951] 
 [0.95986336, 0.95900941, 0.95644748, 0.95815539, 0.95900941, 0.95473951, 0.95132363, 0.95986336, 0.95900941, 0.95986336]

Training Accuracy :  0.991885 Calibration Accuracy :  0.956447 Step : 31
P-Value:  0.00214443002956 
 [0.92997438, 0.93424422, 0.93851411, 0.92228866, 0.93680614, 0.93936807, 0.95473951, 0.94278395, 0.95473951, 0.95986336] 
 [0.95900941, 0.95644748, 0.95815539, 0.95900941, 0.95473951, 0.95132363, 0.95986336, 0.95900941, 0.95986336, 0.95644748]

Training Accuracy :  0.992098 Calibration Accuracy :  0.959009 Step : 32
P-Value:  0.00700251782047 
 [0.93424422, 0.93851411, 0.92228866, 0.93680614, 0.93936807, 0.95473951, 0.94278395, 0.95473951, 0.95986336, 0.95900941] 
 [0.95644748, 0.95815539, 0.95900941, 0.95473951, 0.95132363, 0.95986336, 0.95900941, 0.95986336, 0.95644748, 0.95900941]

Training Accuracy :  0.988681 Calibration Accuracy :  0.95474 Step : 33
P-Value:  0.0222371197723 
 [0.93851411, 0.92228866, 0.93680614, 0.93936807, 0.95473951, 0.94278395, 0.95473951, 0.95986336, 0.95900941, 0.95644748] 
 [0.95815539, 0.95900941, 0.95473951, 0.95132363, 0.95986336, 0.95900941, 0.95986336, 0.95644748, 0.95900941, 0.95473951]

Training Accuracy :  0.989749 Calibration Accuracy :  0.957301 Step : 34
P-Value:  0.0535473175615 
 [0.92228866, 0.93680614, 0.93936807, 0.95473951, 0.94278395, 0.95473951, 0.95986336, 0.95900941, 0.95644748, 0.95815539] 
 [0.95900941, 0.95473951, 0.95132363, 0.95986336, 0.95900941, 0.95986336, 0.95644748, 0.95900941, 0.95473951, 0.95730144]

Training Accuracy :  0.991244 Calibration Accuracy :  0.957301 Step : 35
P-Value:  0.0831536630795 
 [0.93680614, 0.93936807, 0.95473951, 0.94278395, 0.95473951, 0.95986336, 0.95900941, 0.95644748, 0.95815539, 0.95900941] 
 [0.95473951, 0.95132363, 0.95986336, 0.95900941, 0.95986336, 0.95644748, 0.95900941, 0.95473951, 0.95730144, 0.95730144]

Training Accuracy :  0.993166 Calibration Accuracy :  0.956447 Step : 36
P-Value:  0.146137140567 
 [0.93936807, 0.95473951, 0.94278395, 0.95473951, 0.95986336, 0.95900941, 0.95644748, 0.95815539, 0.95900941, 0.95473951] 
 [0.95132363, 0.95986336, 0.95900941, 0.95986336, 0.95644748, 0.95900941, 0.95473951, 0.95730144, 0.95730144, 0.95644748]

Training Accuracy :  0.992525 Calibration Accuracy :  0.961571 Step : 37
P-Value:  0.152086499834 
 [0.95473951, 0.94278395, 0.95473951, 0.95986336, 0.95900941, 0.95644748, 0.95815539, 0.95900941, 0.95473951, 0.95132363] 
 [0.95986336, 0.95900941, 0.95986336, 0.95644748, 0.95900941, 0.95473951, 0.95730144, 0.95730144, 0.95644748, 0.96157134]
Save path:  /home/tjahn/tf_save_data/sungmin/save_path/saved 
Max_step:  37 
Max_Accuracy:  0.961571

Training Accuracy :  0.989642 Calibration Accuracy :  0.962425 Step : 38
P-Value:  0.182656743461 
 [0.94278395, 0.95473951, 0.95986336, 0.95900941, 0.95644748, 0.95815539, 0.95900941, 0.95473951, 0.95132363, 0.95986336] 
 [0.95900941, 0.95986336, 0.95644748, 0.95900941, 0.95473951, 0.95730144, 0.95730144, 0.95644748, 0.96157134, 0.96242529]
Save path:  /home/tjahn/tf_save_data/sungmin/save_path/saved 
Max_step:  38 
Max_Accuracy:  0.962425

Training Accuracy :  0.991564 Calibration Accuracy :  0.955594 Step : 39
P-Value:  0.541938803998 
 [0.95473951, 0.95986336, 0.95900941, 0.95644748, 0.95815539, 0.95900941, 0.95473951, 0.95132363, 0.95986336, 0.95900941] 
 [0.95986336, 0.95644748, 0.95900941, 0.95473951, 0.95730144, 0.95730144, 0.95644748, 0.96157134, 0.96242529, 0.95559353]

Training Accuracy :  0.992098 Calibration Accuracy :  0.961571 Step : 40
P-Value:  0.695561283879 
 [0.95986336, 0.95900941, 0.95644748, 0.95815539, 0.95900941, 0.95473951, 0.95132363, 0.95986336, 0.95900941, 0.95986336] 
 [0.95644748, 0.95900941, 0.95473951, 0.95730144, 0.95730144, 0.95644748, 0.96157134, 0.96242529, 0.95559353, 0.96157134]

Training Accuracy :  0.989536 Calibration Accuracy :  0.953032 Step : 41
P-Value:  0.695561283879 
 [0.95900941, 0.95644748, 0.95815539, 0.95900941, 0.95473951, 0.95132363, 0.95986336, 0.95900941, 0.95986336, 0.95644748] 
 [0.95900941, 0.95473951, 0.95730144, 0.95730144, 0.95644748, 0.96157134, 0.96242529, 0.95559353, 0.96157134, 0.9530316]

Training Accuracy :  0.992312 Calibration Accuracy :  0.956447 Step : 42
P-Value:  0.848695276006 
 [0.95644748, 0.95815539, 0.95900941, 0.95473951, 0.95132363, 0.95986336, 0.95900941, 0.95986336, 0.95644748, 0.95900941] 
 [0.95473951, 0.95730144, 0.95730144, 0.95644748, 0.96157134, 0.96242529, 0.95559353, 0.96157134, 0.9530316, 0.95644748]

Training Accuracy :  0.989749 Calibration Accuracy :  0.947054 Step : 43
P-Value:  0.827592113137 
 [0.95815539, 0.95900941, 0.95473951, 0.95132363, 0.95986336, 0.95900941, 0.95986336, 0.95644748, 0.95900941, 0.95473951] 
 [0.95730144, 0.95730144, 0.95644748, 0.96157134, 0.96242529, 0.95559353, 0.96157134, 0.9530316, 0.95644748, 0.94705379]

Training Accuracy :  0.9874 Calibration Accuracy :  0.944492 Step : 44
P-Value:  0.455558437572 
 [0.95900941, 0.95473951, 0.95132363, 0.95986336, 0.95900941, 0.95986336, 0.95644748, 0.95900941, 0.95473951, 0.95730144] 
 [0.95730144, 0.95644748, 0.96157134, 0.96242529, 0.95559353, 0.96157134, 0.9530316, 0.95644748, 0.94705379, 0.94449186]

Training Accuracy :  0.99103 Calibration Accuracy :  0.951324 Step : 45
P-Value:  0.356531177601 
 [0.95473951, 0.95132363, 0.95986336, 0.95900941, 0.95986336, 0.95644748, 0.95900941, 0.95473951, 0.95730144, 0.95730144] 
 [0.95644748, 0.96157134, 0.96242529, 0.95559353, 0.96157134, 0.9530316, 0.95644748, 0.94705379, 0.94449186, 0.95132363]

Training Accuracy :  0.981954 Calibration Accuracy :  0.94193 Step : 46
P-Value:  0.156887411857 
 [0.95132363, 0.95986336, 0.95900941, 0.95986336, 0.95644748, 0.95900941, 0.95473951, 0.95730144, 0.95730144, 0.95644748] 
 [0.96157134, 0.96242529, 0.95559353, 0.96157134, 0.9530316, 0.95644748, 0.94705379, 0.94449186, 0.95132363, 0.94193]

Training Accuracy :  0.990817 Calibration Accuracy :  0.951324 Step : 47
P-Value:  0.0126018747788 
 [0.95986336, 0.95900941, 0.95986336, 0.95644748, 0.95900941, 0.95473951, 0.95730144, 0.95730144, 0.95644748, 0.96157134] 
 [0.96242529, 0.95559353, 0.96157134, 0.9530316, 0.95644748, 0.94705379, 0.94449186, 0.95132363, 0.94193, 0.95132363]

Training Accuracy :  0.988254 Calibration Accuracy :  0.947054 Step : 48
P-Value:  0.00257382579364 
 [0.95900941, 0.95986336, 0.95644748, 0.95900941, 0.95473951, 0.95730144, 0.95730144, 0.95644748, 0.96157134, 0.96242529] 
 [0.95559353, 0.96157134, 0.9530316, 0.95644748, 0.94705379, 0.94449186, 0.95132363, 0.94193, 0.95132363, 0.94705379]

Training Accuracy :  0.990069 Calibration Accuracy :  0.951324 Step : 49
P-Value:  0.00224362679101 
 [0.95986336, 0.95644748, 0.95900941, 0.95473951, 0.95730144, 0.95730144, 0.95644748, 0.96157134, 0.96242529, 0.95559353] 
 [0.96157134, 0.9530316, 0.95644748, 0.94705379, 0.94449186, 0.95132363, 0.94193, 0.95132363, 0.94705379, 0.95132363]

Training Accuracy :  0.9937 Calibration Accuracy :  0.957301 Step : 50
P-Value:  0.000466477515245 
 [0.95644748, 0.95900941, 0.95473951, 0.95730144, 0.95730144, 0.95644748, 0.96157134, 0.96242529, 0.95559353, 0.96157134] 
 [0.9530316, 0.95644748, 0.94705379, 0.94449186, 0.95132363, 0.94193, 0.95132363, 0.94705379, 0.95132363, 0.95730144]

Training Accuracy :  0.993914 Calibration Accuracy :  0.958155 Step : 51
P-Value:  0.00520721124791 
 [0.95900941, 0.95473951, 0.95730144, 0.95730144, 0.95644748, 0.96157134, 0.96242529, 0.95559353, 0.96157134, 0.9530316] 
 [0.95644748, 0.94705379, 0.94449186, 0.95132363, 0.94193, 0.95132363, 0.94705379, 0.95132363, 0.95730144, 0.95815539]

Training Accuracy :  0.993914 Calibration Accuracy :  0.955594 Step : 52
P-Value:  0.00686933461245 
 [0.95473951, 0.95730144, 0.95730144, 0.95644748, 0.96157134, 0.96242529, 0.95559353, 0.96157134, 0.9530316, 0.95644748] 
 [0.94705379, 0.94449186, 0.95132363, 0.94193, 0.95132363, 0.94705379, 0.95132363, 0.95730144, 0.95815539, 0.95559353]

Training Accuracy :  0.992525 Calibration Accuracy :  0.956447 Step : 53
P-Value:  0.0695260407963 
 [0.95730144, 0.95730144, 0.95644748, 0.96157134, 0.96242529, 0.95559353, 0.96157134, 0.9530316, 0.95644748, 0.94705379] 
 [0.94449186, 0.95132363, 0.94193, 0.95132363, 0.94705379, 0.95132363, 0.95730144, 0.95815539, 0.95559353, 0.95644748]

Training Accuracy :  0.991244 Calibration Accuracy :  0.951324 Step : 54
P-Value:  0.241970196554 
 [0.95730144, 0.95644748, 0.96157134, 0.96242529, 0.95559353, 0.96157134, 0.9530316, 0.95644748, 0.94705379, 0.94449186] 
 [0.95132363, 0.94193, 0.95132363, 0.94705379, 0.95132363, 0.95730144, 0.95815539, 0.95559353, 0.95644748, 0.95132363]

Training Accuracy :  0.990817 Calibration Accuracy :  0.953032 Step : 55
P-Value:  0.361747943293 
 [0.95644748, 0.96157134, 0.96242529, 0.95559353, 0.96157134, 0.9530316, 0.95644748, 0.94705379, 0.94449186, 0.95132363] 
 [0.94193, 0.95132363, 0.94705379, 0.95132363, 0.95730144, 0.95815539, 0.95559353, 0.95644748, 0.95132363, 0.9530316]

Training Accuracy :  0.991778 Calibration Accuracy :  0.952178 Step : 56
P-Value:  0.950608273695 
 [0.96157134, 0.96242529, 0.95559353, 0.96157134, 0.9530316, 0.95644748, 0.94705379, 0.94449186, 0.95132363, 0.94193] 
 [0.95132363, 0.94705379, 0.95132363, 0.95730144, 0.95815539, 0.95559353, 0.95644748, 0.95132363, 0.9530316, 0.95217764]

Training Accuracy :  0.992739 Calibration Accuracy :  0.958155 Step : 57
P-Value:  0.554949221358 
 [0.96242529, 0.95559353, 0.96157134, 0.9530316, 0.95644748, 0.94705379, 0.94449186, 0.95132363, 0.94193, 0.95132363] 
 [0.94705379, 0.95132363, 0.95730144, 0.95815539, 0.95559353, 0.95644748, 0.95132363, 0.9530316, 0.95217764, 0.95815539]

Training Accuracy :  0.992205 Calibration Accuracy :  0.956447 Step : 58
P-Value:  0.0489553214586 
 [0.95559353, 0.96157134, 0.9530316, 0.95644748, 0.94705379, 0.94449186, 0.95132363, 0.94193, 0.95132363, 0.94705379] 
 [0.95132363, 0.95730144, 0.95815539, 0.95559353, 0.95644748, 0.95132363, 0.9530316, 0.95217764, 0.95815539, 0.95644748]

Training Accuracy :  0.991778 Calibration Accuracy :  0.953032 Step : 59
P-Value:  0.0150563491498 
 [0.96157134, 0.9530316, 0.95644748, 0.94705379, 0.94449186, 0.95132363, 0.94193, 0.95132363, 0.94705379, 0.95132363] 
 [0.95730144, 0.95815539, 0.95559353, 0.95644748, 0.95132363, 0.9530316, 0.95217764, 0.95815539, 0.95644748, 0.9530316]

Training Accuracy :  0.992952 Calibration Accuracy :  0.956447 Step : 60
P-Value:  0.00507767552301 
 [0.9530316, 0.95644748, 0.94705379, 0.94449186, 0.95132363, 0.94193, 0.95132363, 0.94705379, 0.95132363, 0.95730144] 
 [0.95815539, 0.95559353, 0.95644748, 0.95132363, 0.9530316, 0.95217764, 0.95815539, 0.95644748, 0.9530316, 0.95644748]

Training Accuracy :  0.993914 Calibration Accuracy :  0.957301 Step : 61
P-Value:  0.015633525298 
 [0.95644748, 0.94705379, 0.94449186, 0.95132363, 0.94193, 0.95132363, 0.94705379, 0.95132363, 0.95730144, 0.95815539] 
 [0.95559353, 0.95644748, 0.95132363, 0.9530316, 0.95217764, 0.95815539, 0.95644748, 0.9530316, 0.95644748, 0.95730144]

Training Accuracy :  0.992739 Calibration Accuracy :  0.95047 Step : 62
P-Value:  0.0441661789218 
 [0.94705379, 0.94449186, 0.95132363, 0.94193, 0.95132363, 0.94705379, 0.95132363, 0.95730144, 0.95815539, 0.95559353] 
 [0.95644748, 0.95132363, 0.9530316, 0.95217764, 0.95815539, 0.95644748, 0.9530316, 0.95644748, 0.95730144, 0.95046967]

Training Accuracy :  0.992846 Calibration Accuracy :  0.958155 Step : 63
P-Value:  0.0757814373939 
 [0.94449186, 0.95132363, 0.94193, 0.95132363, 0.94705379, 0.95132363, 0.95730144, 0.95815539, 0.95559353, 0.95644748] 
 [0.95132363, 0.9530316, 0.95217764, 0.95815539, 0.95644748, 0.9530316, 0.95644748, 0.95730144, 0.95046967, 0.95815539]

Training Accuracy :  0.990924 Calibration Accuracy :  0.9462 Step : 64
P-Value:  0.281090182711 
 [0.95132363, 0.94193, 0.95132363, 0.94705379, 0.95132363, 0.95730144, 0.95815539, 0.95559353, 0.95644748, 0.95132363] 
 [0.9530316, 0.95217764, 0.95815539, 0.95644748, 0.9530316, 0.95644748, 0.95730144, 0.95046967, 0.95815539, 0.94619983]

Training Accuracy :  0.987186 Calibration Accuracy :  0.952178 Step : 65
P-Value:  0.350947351568 
 [0.94193, 0.95132363, 0.94705379, 0.95132363, 0.95730144, 0.95815539, 0.95559353, 0.95644748, 0.95132363, 0.9530316] 
 [0.95217764, 0.95815539, 0.95644748, 0.9530316, 0.95644748, 0.95730144, 0.95046967, 0.95815539, 0.94619983, 0.95217764]

Training Accuracy :  0.99103 Calibration Accuracy :  0.959009 Step : 66
P-Value:  0.408379547491 
 [0.95132363, 0.94705379, 0.95132363, 0.95730144, 0.95815539, 0.95559353, 0.95644748, 0.95132363, 0.9530316, 0.95217764] 
 [0.95815539, 0.95644748, 0.9530316, 0.95644748, 0.95730144, 0.95046967, 0.95815539, 0.94619983, 0.95217764, 0.95900941]

Training Accuracy :  0.991458 Calibration Accuracy :  0.953886 Step : 67
P-Value:  0.871422076139 
 [0.94705379, 0.95132363, 0.95730144, 0.95815539, 0.95559353, 0.95644748, 0.95132363, 0.9530316, 0.95217764, 0.95815539] 
 [0.95644748, 0.9530316, 0.95644748, 0.95730144, 0.95046967, 0.95815539, 0.94619983, 0.95217764, 0.95900941, 0.95388556]

Training Accuracy :  0.99103 Calibration Accuracy :  0.957301 Step : 68
P-Value:  0.620848376153 
 [0.95132363, 0.95730144, 0.95815539, 0.95559353, 0.95644748, 0.95132363, 0.9530316, 0.95217764, 0.95815539, 0.95644748] 
 [0.9530316, 0.95644748, 0.95730144, 0.95046967, 0.95815539, 0.94619983, 0.95217764, 0.95900941, 0.95388556, 0.95730144]

Training Accuracy :  0.991137 Calibration Accuracy :  0.957301 Step : 69
P-Value:  0.790584475733 
 [0.95730144, 0.95815539, 0.95559353, 0.95644748, 0.95132363, 0.9530316, 0.95217764, 0.95815539, 0.95644748, 0.9530316] 
 [0.95644748, 0.95730144, 0.95046967, 0.95815539, 0.94619983, 0.95217764, 0.95900941, 0.95388556, 0.95730144, 0.95730144]

Training Accuracy :  0.989108 Calibration Accuracy :  0.948762 Step : 70
P-Value:  0.497721113383 
 [0.95815539, 0.95559353, 0.95644748, 0.95132363, 0.9530316, 0.95217764, 0.95815539, 0.95644748, 0.9530316, 0.95644748] 
 [0.95730144, 0.95046967, 0.95815539, 0.94619983, 0.95217764, 0.95900941, 0.95388556, 0.95730144, 0.95730144, 0.94876176]

Training Accuracy :  0.990069 Calibration Accuracy :  0.962425 Step : 71
P-Value:  0.792547878801 
 [0.95559353, 0.95644748, 0.95132363, 0.9530316, 0.95217764, 0.95815539, 0.95644748, 0.9530316, 0.95644748, 0.95730144] 
 [0.95046967, 0.95815539, 0.94619983, 0.95217764, 0.95900941, 0.95388556, 0.95730144, 0.95730144, 0.94876176, 0.96242529]

Training Accuracy :  0.990283 Calibration Accuracy :  0.95047 Step : 72
P-Value:  0.955457093932 
 [0.95644748, 0.95132363, 0.9530316, 0.95217764, 0.95815539, 0.95644748, 0.9530316, 0.95644748, 0.95730144, 0.95046967] 
 [0.95815539, 0.94619983, 0.95217764, 0.95900941, 0.95388556, 0.95730144, 0.95730144, 0.94876176, 0.96242529, 0.95046967]

Training Accuracy :  0.989536 Calibration Accuracy :  0.956447 Step : 73
P-Value:  0.866839419884 
 [0.95132363, 0.9530316, 0.95217764, 0.95815539, 0.95644748, 0.9530316, 0.95644748, 0.95730144, 0.95046967, 0.95815539] 
 [0.94619983, 0.95217764, 0.95900941, 0.95388556, 0.95730144, 0.95730144, 0.94876176, 0.96242529, 0.95046967, 0.95644748]

Training Accuracy :  0.992632 Calibration Accuracy :  0.957301 Step : 74
P-Value:  0.456388998639 
 [0.9530316, 0.95217764, 0.95815539, 0.95644748, 0.9530316, 0.95644748, 0.95730144, 0.95046967, 0.95815539, 0.94619983] 
 [0.95217764, 0.95900941, 0.95388556, 0.95730144, 0.95730144, 0.94876176, 0.96242529, 0.95046967, 0.95644748, 0.95730144]

Training Accuracy :  0.991778 Calibration Accuracy :  0.962425 Step : 75
P-Value:  0.23391012742 
 [0.95217764, 0.95815539, 0.95644748, 0.9530316, 0.95644748, 0.95730144, 0.95046967, 0.95815539, 0.94619983, 0.95217764] 
 [0.95900941, 0.95388556, 0.95730144, 0.95730144, 0.94876176, 0.96242529, 0.95046967, 0.95644748, 0.95730144, 0.96242529]

Training Accuracy :  0.992205 Calibration Accuracy :  0.952178 Step : 76
P-Value:  0.605845663458 
 [0.95815539, 0.95644748, 0.9530316, 0.95644748, 0.95730144, 0.95046967, 0.95815539, 0.94619983, 0.95217764, 0.95900941] 
 [0.95388556, 0.95730144, 0.95730144, 0.94876176, 0.96242529, 0.95046967, 0.95644748, 0.95730144, 0.96242529, 0.95217764]

Training Accuracy :  0.993914 Calibration Accuracy :  0.961571 Step : 77
P-Value:  0.295600359017 
 [0.95644748, 0.9530316, 0.95644748, 0.95730144, 0.95046967, 0.95815539, 0.94619983, 0.95217764, 0.95900941, 0.95388556] 
 [0.95730144, 0.95730144, 0.94876176, 0.96242529, 0.95046967, 0.95644748, 0.95730144, 0.96242529, 0.95217764, 0.96157134]

Training Accuracy :  0.994447 Calibration Accuracy :  0.956447 Step : 78
P-Value:  0.335139593303 
 [0.9530316, 0.95644748, 0.95730144, 0.95046967, 0.95815539, 0.94619983, 0.95217764, 0.95900941, 0.95388556, 0.95730144] 
 [0.95730144, 0.94876176, 0.96242529, 0.95046967, 0.95644748, 0.95730144, 0.96242529, 0.95217764, 0.96157134, 0.95644748]

Training Accuracy :  0.992846 Calibration Accuracy :  0.95474 Step : 79
P-Value:  0.512732201703 
 [0.95644748, 0.95730144, 0.95046967, 0.95815539, 0.94619983, 0.95217764, 0.95900941, 0.95388556, 0.95730144, 0.95730144] 
 [0.94876176, 0.96242529, 0.95046967, 0.95644748, 0.95730144, 0.96242529, 0.95217764, 0.96157134, 0.95644748, 0.95473951]

Training Accuracy :  0.992098 Calibration Accuracy :  0.958155 Step : 80
P-Value:  0.148033405959 
 [0.95730144, 0.95046967, 0.95815539, 0.94619983, 0.95217764, 0.95900941, 0.95388556, 0.95730144, 0.95730144, 0.94876176] 
 [0.96242529, 0.95046967, 0.95644748, 0.95730144, 0.96242529, 0.95217764, 0.96157134, 0.95644748, 0.95473951, 0.95815539]

Training Accuracy :  0.992419 Calibration Accuracy :  0.957301 Step : 81
P-Value:  0.34506022623 
 [0.95046967, 0.95815539, 0.94619983, 0.95217764, 0.95900941, 0.95388556, 0.95730144, 0.95730144, 0.94876176, 0.96242529] 
 [0.95046967, 0.95644748, 0.95730144, 0.96242529, 0.95217764, 0.96157134, 0.95644748, 0.95473951, 0.95815539, 0.95730144]

Training Accuracy :  0.993166 Calibration Accuracy :  0.961571 Step : 82
P-Value:  0.192121583292 
 [0.95815539, 0.94619983, 0.95217764, 0.95900941, 0.95388556, 0.95730144, 0.95730144, 0.94876176, 0.96242529, 0.95046967] 
 [0.95644748, 0.95730144, 0.96242529, 0.95217764, 0.96157134, 0.95644748, 0.95473951, 0.95815539, 0.95730144, 0.96157134]

Training Accuracy :  0.993486 Calibration Accuracy :  0.960717 Step : 83
P-Value:  0.119665643356 
 [0.94619983, 0.95217764, 0.95900941, 0.95388556, 0.95730144, 0.95730144, 0.94876176, 0.96242529, 0.95046967, 0.95644748] 
 [0.95730144, 0.96242529, 0.95217764, 0.96157134, 0.95644748, 0.95473951, 0.95815539, 0.95730144, 0.96157134, 0.96071732]

Training Accuracy :  0.994234 Calibration Accuracy :  0.961571 Step : 84
P-Value:  0.164527530638 
 [0.95217764, 0.95900941, 0.95388556, 0.95730144, 0.95730144, 0.94876176, 0.96242529, 0.95046967, 0.95644748, 0.95730144] 
 [0.96242529, 0.95217764, 0.96157134, 0.95644748, 0.95473951, 0.95815539, 0.95730144, 0.96157134, 0.96071732, 0.96157134]

Training Accuracy :  0.993273 Calibration Accuracy :  0.959009 Step : 85
P-Value:  0.397456260314 
 [0.95900941, 0.95388556, 0.95730144, 0.95730144, 0.94876176, 0.96242529, 0.95046967, 0.95644748, 0.95730144, 0.96242529] 
 [0.95217764, 0.96157134, 0.95644748, 0.95473951, 0.95815539, 0.95730144, 0.96157134, 0.96071732, 0.96157134, 0.95900941]

Training Accuracy :  0.992846 Calibration Accuracy :  0.955594 Step : 86
P-Value:  0.147412660621 
 [0.95388556, 0.95730144, 0.95730144, 0.94876176, 0.96242529, 0.95046967, 0.95644748, 0.95730144, 0.96242529, 0.95217764] 
 [0.96157134, 0.95644748, 0.95473951, 0.95815539, 0.95730144, 0.96157134, 0.96071732, 0.96157134, 0.95900941, 0.95559353]

Training Accuracy :  0.989002 Calibration Accuracy :  0.959863 Step : 87
P-Value:  0.308321543903 
 [0.95730144, 0.95730144, 0.94876176, 0.96242529, 0.95046967, 0.95644748, 0.95730144, 0.96242529, 0.95217764, 0.96157134] 
 [0.95644748, 0.95473951, 0.95815539, 0.95730144, 0.96157134, 0.96071732, 0.96157134, 0.95900941, 0.95559353, 0.95986336]

Training Accuracy :  0.993166 Calibration Accuracy :  0.949616 Step : 88
P-Value:  0.52474741287 
 [0.95730144, 0.94876176, 0.96242529, 0.95046967, 0.95644748, 0.95730144, 0.96242529, 0.95217764, 0.96157134, 0.95644748] 
 [0.95473951, 0.95815539, 0.95730144, 0.96157134, 0.96071732, 0.96157134, 0.95900941, 0.95559353, 0.95986336, 0.94961572]

Training Accuracy :  0.994234 Calibration Accuracy :  0.955594 Step : 89
P-Value:  0.412932796063 
 [0.94876176, 0.96242529, 0.95046967, 0.95644748, 0.95730144, 0.96242529, 0.95217764, 0.96157134, 0.95644748, 0.95473951] 
 [0.95815539, 0.95730144, 0.96157134, 0.96071732, 0.96157134, 0.95900941, 0.95559353, 0.95986336, 0.94961572, 0.95559353]

Training Accuracy :  0.994554 Calibration Accuracy :  0.953886 Step : 90
P-Value:  0.887151516535 
 [0.96242529, 0.95046967, 0.95644748, 0.95730144, 0.96242529, 0.95217764, 0.96157134, 0.95644748, 0.95473951, 0.95815539] 
 [0.95730144, 0.96157134, 0.96071732, 0.96157134, 0.95900941, 0.95559353, 0.95986336, 0.94961572, 0.95559353, 0.95388556]

Training Accuracy :  0.993807 Calibration Accuracy :  0.956447 Step : 91
P-Value:  0.690088624376 
 [0.95046967, 0.95644748, 0.95730144, 0.96242529, 0.95217764, 0.96157134, 0.95644748, 0.95473951, 0.95815539, 0.95730144] 
 [0.96157134, 0.96071732, 0.96157134, 0.95900941, 0.95559353, 0.95986336, 0.94961572, 0.95559353, 0.95388556, 0.95644748]

Training Accuracy :  0.99338 Calibration Accuracy :  0.95474 Step : 92
P-Value:  0.43132132709 
 [0.95644748, 0.95730144, 0.96242529, 0.95217764, 0.96157134, 0.95644748, 0.95473951, 0.95815539, 0.95730144, 0.96157134] 
 [0.96071732, 0.96157134, 0.95900941, 0.95559353, 0.95986336, 0.94961572, 0.95559353, 0.95388556, 0.95644748, 0.95473951]

Training Accuracy :  0.993807 Calibration Accuracy :  0.956447 Step : 93
P-Value:  0.146088369841 
 [0.95730144, 0.96242529, 0.95217764, 0.96157134, 0.95644748, 0.95473951, 0.95815539, 0.95730144, 0.96157134, 0.96071732] 
 [0.96157134, 0.95900941, 0.95559353, 0.95986336, 0.94961572, 0.95559353, 0.95388556, 0.95644748, 0.95473951, 0.95644748]

Training Accuracy :  0.99338 Calibration Accuracy :  0.959009 Step : 94
P-Value:  0.0291976654025 
 [0.96242529, 0.95217764, 0.96157134, 0.95644748, 0.95473951, 0.95815539, 0.95730144, 0.96157134, 0.96071732, 0.96157134] 
 [0.95900941, 0.95559353, 0.95986336, 0.94961572, 0.95559353, 0.95388556, 0.95644748, 0.95473951, 0.95644748, 0.95900941]

Training Accuracy :  0.995195 Calibration Accuracy :  0.960717 Step : 95
P-Value:  0.0852241964491 
 [0.95217764, 0.96157134, 0.95644748, 0.95473951, 0.95815539, 0.95730144, 0.96157134, 0.96071732, 0.96157134, 0.95900941] 
 [0.95559353, 0.95986336, 0.94961572, 0.95559353, 0.95388556, 0.95644748, 0.95473951, 0.95644748, 0.95900941, 0.96071732]

Training Accuracy :  0.994127 Calibration Accuracy :  0.95474 Step : 96
P-Value:  0.0228993353931 
 [0.96157134, 0.95644748, 0.95473951, 0.95815539, 0.95730144, 0.96157134, 0.96071732, 0.96157134, 0.95900941, 0.95559353] 
 [0.95986336, 0.94961572, 0.95559353, 0.95388556, 0.95644748, 0.95473951, 0.95644748, 0.95900941, 0.96071732, 0.95473951]

Training Accuracy :  0.994768 Calibration Accuracy :  0.955594 Step : 97
P-Value:  0.0153594377493 
 [0.95644748, 0.95473951, 0.95815539, 0.95730144, 0.96157134, 0.96071732, 0.96157134, 0.95900941, 0.95559353, 0.95986336] 
 [0.94961572, 0.95559353, 0.95388556, 0.95644748, 0.95473951, 0.95644748, 0.95900941, 0.96071732, 0.95473951, 0.95559353]

Training Accuracy :  0.994447 Calibration Accuracy :  0.956447 Step : 98
P-Value:  0.272159479911 
 [0.95473951, 0.95815539, 0.95730144, 0.96157134, 0.96071732, 0.96157134, 0.95900941, 0.95559353, 0.95986336, 0.94961572] 
 [0.95559353, 0.95388556, 0.95644748, 0.95473951, 0.95644748, 0.95900941, 0.96071732, 0.95473951, 0.95559353, 0.95644748]

Training Accuracy :  0.993807 Calibration Accuracy :  0.959863 Step : 99
P-Value:  0.43328851804 
 [0.95815539, 0.95730144, 0.96157134, 0.96071732, 0.96157134, 0.95900941, 0.95559353, 0.95986336, 0.94961572, 0.95559353] 
 [0.95388556, 0.95644748, 0.95473951, 0.95644748, 0.95900941, 0.96071732, 0.95473951, 0.95559353, 0.95644748, 0.95986336]

Training Accuracy :  0.992739 Calibration Accuracy :  0.956447 Step : 100
P-Value:  0.758776850791 
 [0.95730144, 0.96157134, 0.96071732, 0.96157134, 0.95900941, 0.95559353, 0.95986336, 0.94961572, 0.95559353, 0.95388556] 
 [0.95644748, 0.95473951, 0.95644748, 0.95900941, 0.96071732, 0.95473951, 0.95559353, 0.95644748, 0.95986336, 0.95644748]

Training Accuracy :  0.99338 Calibration Accuracy :  0.956447 Step : 101
P-Value:  0.805706099128 
 [0.96157134, 0.96071732, 0.96157134, 0.95900941, 0.95559353, 0.95986336, 0.94961572, 0.95559353, 0.95388556, 0.95644748] 
 [0.95473951, 0.95644748, 0.95900941, 0.96071732, 0.95473951, 0.95559353, 0.95644748, 0.95986336, 0.95644748, 0.95644748]

Training Accuracy :  0.992846 Calibration Accuracy :  0.957301 Step : 102
P-Value:  0.618783535161 
 [0.96071732, 0.96157134, 0.95900941, 0.95559353, 0.95986336, 0.94961572, 0.95559353, 0.95388556, 0.95644748, 0.95473951] 
 [0.95644748, 0.95900941, 0.96071732, 0.95473951, 0.95559353, 0.95644748, 0.95986336, 0.95644748, 0.95644748, 0.95730144]

Training Accuracy :  0.994768 Calibration Accuracy :  0.958155 Step : 103
P-Value:  0.274708945173 
 [0.96157134, 0.95900941, 0.95559353, 0.95986336, 0.94961572, 0.95559353, 0.95388556, 0.95644748, 0.95473951, 0.95644748] 
 [0.95900941, 0.96071732, 0.95473951, 0.95559353, 0.95644748, 0.95986336, 0.95644748, 0.95644748, 0.95730144, 0.95815539]

Training Accuracy :  0.995195 Calibration Accuracy :  0.953886 Step : 104
P-Value:  0.437391571644 
 [0.95900941, 0.95559353, 0.95986336, 0.94961572, 0.95559353, 0.95388556, 0.95644748, 0.95473951, 0.95644748, 0.95900941] 
 [0.96071732, 0.95473951, 0.95559353, 0.95644748, 0.95986336, 0.95644748, 0.95644748, 0.95730144, 0.95815539, 0.95388556]

Training Accuracy :  0.995302 Calibration Accuracy :  0.95474 Step : 105
P-Value:  0.901385725352 
 [0.95559353, 0.95986336, 0.94961572, 0.95559353, 0.95388556, 0.95644748, 0.95473951, 0.95644748, 0.95900941, 0.96071732] 
 [0.95473951, 0.95559353, 0.95644748, 0.95986336, 0.95644748, 0.95644748, 0.95730144, 0.95815539, 0.95388556, 0.95473951]

Training Accuracy :  0.994234 Calibration Accuracy :  0.958155 Step : 106
P-Value:  0.673183725403 
 [0.95986336, 0.94961572, 0.95559353, 0.95388556, 0.95644748, 0.95473951, 0.95644748, 0.95900941, 0.96071732, 0.95473951] 
 [0.95559353, 0.95644748, 0.95986336, 0.95644748, 0.95644748, 0.95730144, 0.95815539, 0.95388556, 0.95473951, 0.95815539]

Training Accuracy :  0.985691 Calibration Accuracy :  0.94193 Step : 107
P-Value:  0.864407666414 
 [0.94961572, 0.95559353, 0.95388556, 0.95644748, 0.95473951, 0.95644748, 0.95900941, 0.96071732, 0.95473951, 0.95559353] 
 [0.95644748, 0.95986336, 0.95644748, 0.95644748, 0.95730144, 0.95815539, 0.95388556, 0.95473951, 0.95815539, 0.94193]

Training Accuracy :  0.989002 Calibration Accuracy :  0.943638 Step : 108
P-Value:  0.305625126727 
 [0.95559353, 0.95388556, 0.95644748, 0.95473951, 0.95644748, 0.95900941, 0.96071732, 0.95473951, 0.95559353, 0.95644748] 
 [0.95986336, 0.95644748, 0.95644748, 0.95730144, 0.95815539, 0.95388556, 0.95473951, 0.95815539, 0.94193, 0.94363791]

Training Accuracy :  0.988788 Calibration Accuracy :  0.9462 Step : 109
P-Value:  0.102947457376 
 [0.95388556, 0.95644748, 0.95473951, 0.95644748, 0.95900941, 0.96071732, 0.95473951, 0.95559353, 0.95644748, 0.95986336] 
 [0.95644748, 0.95644748, 0.95730144, 0.95815539, 0.95388556, 0.95473951, 0.95815539, 0.94193, 0.94363791, 0.94619983]

Training Accuracy :  0.987827 Calibration Accuracy :  0.93766 Step : 110
P-Value:  0.0370418228663 
 [0.95644748, 0.95473951, 0.95644748, 0.95900941, 0.96071732, 0.95473951, 0.95559353, 0.95644748, 0.95986336, 0.95644748] 
 [0.95644748, 0.95730144, 0.95815539, 0.95388556, 0.95473951, 0.95815539, 0.94193, 0.94363791, 0.94619983, 0.9376601]

Training Accuracy :  0.984517 Calibration Accuracy :  0.944492 Step : 111
P-Value:  0.0157922458749 
 [0.95473951, 0.95644748, 0.95900941, 0.96071732, 0.95473951, 0.95559353, 0.95644748, 0.95986336, 0.95644748, 0.95644748] 
 [0.95730144, 0.95815539, 0.95388556, 0.95473951, 0.95815539, 0.94193, 0.94363791, 0.94619983, 0.9376601, 0.94449186]

Training Accuracy :  0.992952 Calibration Accuracy :  0.955594 Step : 112
P-Value:  0.00855096790432 
 [0.95644748, 0.95900941, 0.96071732, 0.95473951, 0.95559353, 0.95644748, 0.95986336, 0.95644748, 0.95644748, 0.95730144] 
 [0.95815539, 0.95388556, 0.95473951, 0.95815539, 0.94193, 0.94363791, 0.94619983, 0.9376601, 0.94449186, 0.95559353]

Training Accuracy :  0.994234 Calibration Accuracy :  0.944492 Step : 113
P-Value:  0.00177461685812 
 [0.95900941, 0.96071732, 0.95473951, 0.95559353, 0.95644748, 0.95986336, 0.95644748, 0.95644748, 0.95730144, 0.95815539] 
 [0.95388556, 0.95473951, 0.95815539, 0.94193, 0.94363791, 0.94619983, 0.9376601, 0.94449186, 0.95559353, 0.94449186]

Training Accuracy :  0.994341 Calibration Accuracy :  0.959863 Step : 114
P-Value:  0.0116219759478 
 [0.96071732, 0.95473951, 0.95559353, 0.95644748, 0.95986336, 0.95644748, 0.95644748, 0.95730144, 0.95815539, 0.95388556] 
 [0.95473951, 0.95815539, 0.94193, 0.94363791, 0.94619983, 0.9376601, 0.94449186, 0.95559353, 0.94449186, 0.95986336]

Training Accuracy :  0.993807 Calibration Accuracy :  0.960717 Step : 115
P-Value:  0.0417816788584 
 [0.95473951, 0.95559353, 0.95644748, 0.95986336, 0.95644748, 0.95644748, 0.95730144, 0.95815539, 0.95388556, 0.95473951] 
 [0.95815539, 0.94193, 0.94363791, 0.94619983, 0.9376601, 0.94449186, 0.95559353, 0.94449186, 0.95986336, 0.96071732]

Training Accuracy :  0.99338 Calibration Accuracy :  0.960717 Step : 116
P-Value:  0.0381908568445 
 [0.95559353, 0.95644748, 0.95986336, 0.95644748, 0.95644748, 0.95730144, 0.95815539, 0.95388556, 0.95473951, 0.95815539] 
 [0.94193, 0.94363791, 0.94619983, 0.9376601, 0.94449186, 0.95559353, 0.94449186, 0.95986336, 0.96071732, 0.96071732]

Training Accuracy :  0.993593 Calibration Accuracy :  0.953032 Step : 117
P-Value:  0.195826641047 
 [0.95644748, 0.95986336, 0.95644748, 0.95644748, 0.95730144, 0.95815539, 0.95388556, 0.95473951, 0.95815539, 0.94193] 
 [0.94363791, 0.94619983, 0.9376601, 0.94449186, 0.95559353, 0.94449186, 0.95986336, 0.96071732, 0.96071732, 0.9530316]

Training Accuracy :  0.994554 Calibration Accuracy :  0.961571 Step : 118
P-Value:  0.687114337225 
 [0.95986336, 0.95644748, 0.95644748, 0.95730144, 0.95815539, 0.95388556, 0.95473951, 0.95815539, 0.94193, 0.94363791] 
 [0.94619983, 0.9376601, 0.94449186, 0.95559353, 0.94449186, 0.95986336, 0.96071732, 0.96071732, 0.9530316, 0.96157134]

Training Accuracy :  0.992312 Calibration Accuracy :  0.957301 Step : 119
P-Value:  0.828801319833 
 [0.95644748, 0.95644748, 0.95730144, 0.95815539, 0.95388556, 0.95473951, 0.95815539, 0.94193, 0.94363791, 0.94619983] 
 [0.9376601, 0.94449186, 0.95559353, 0.94449186, 0.95986336, 0.96071732, 0.96071732, 0.9530316, 0.96157134, 0.95730144]

Training Accuracy :  0.993807 Calibration Accuracy :  0.959863 Step : 120
P-Value:  0.212529791659 
 [0.95644748, 0.95730144, 0.95815539, 0.95388556, 0.95473951, 0.95815539, 0.94193, 0.94363791, 0.94619983, 0.9376601] 
 [0.94449186, 0.95559353, 0.94449186, 0.95986336, 0.96071732, 0.96071732, 0.9530316, 0.96157134, 0.95730144, 0.95986336]

Training Accuracy :  0.99338 Calibration Accuracy :  0.95047 Step : 121
P-Value:  0.0627893058581 
 [0.95730144, 0.95815539, 0.95388556, 0.95473951, 0.95815539, 0.94193, 0.94363791, 0.94619983, 0.9376601, 0.94449186] 
 [0.95559353, 0.94449186, 0.95986336, 0.96071732, 0.96071732, 0.9530316, 0.96157134, 0.95730144, 0.95986336, 0.95046967]

Training Accuracy :  0.993807 Calibration Accuracy :  0.959009 Step : 122
P-Value:  0.0421081261269 
 [0.95815539, 0.95388556, 0.95473951, 0.95815539, 0.94193, 0.94363791, 0.94619983, 0.9376601, 0.94449186, 0.95559353] 
 [0.94449186, 0.95986336, 0.96071732, 0.96071732, 0.9530316, 0.96157134, 0.95730144, 0.95986336, 0.95046967, 0.95900941]

Training Accuracy :  0.992846 Calibration Accuracy :  0.958155 Step : 123
P-Value:  0.000853108675628 
 [0.95388556, 0.95473951, 0.95815539, 0.94193, 0.94363791, 0.94619983, 0.9376601, 0.94449186, 0.95559353, 0.94449186] 
 [0.95986336, 0.96071732, 0.96071732, 0.9530316, 0.96157134, 0.95730144, 0.95986336, 0.95046967, 0.95900941, 0.95815539]

Training Accuracy :  0.994875 Calibration Accuracy :  0.949616 Step : 124
P-Value:  0.0171858998672 
 [0.95473951, 0.95815539, 0.94193, 0.94363791, 0.94619983, 0.9376601, 0.94449186, 0.95559353, 0.94449186, 0.95986336] 
 [0.96071732, 0.96071732, 0.9530316, 0.96157134, 0.95730144, 0.95986336, 0.95046967, 0.95900941, 0.95815539, 0.94961572]

Training Accuracy :  0.993914 Calibration Accuracy :  0.960717 Step : 125
P-Value:  0.0286493315493 
 [0.95815539, 0.94193, 0.94363791, 0.94619983, 0.9376601, 0.94449186, 0.95559353, 0.94449186, 0.95986336, 0.96071732] 
 [0.96071732, 0.9530316, 0.96157134, 0.95730144, 0.95986336, 0.95046967, 0.95900941, 0.95815539, 0.94961572, 0.96071732]

Training Accuracy :  0.993273 Calibration Accuracy :  0.956447 Step : 126
P-Value:  0.0534147516067 
 [0.94193, 0.94363791, 0.94619983, 0.9376601, 0.94449186, 0.95559353, 0.94449186, 0.95986336, 0.96071732, 0.96071732] 
 [0.9530316, 0.96157134, 0.95730144, 0.95986336, 0.95046967, 0.95900941, 0.95815539, 0.94961572, 0.96071732, 0.95644748]

Training Accuracy :  0.992952 Calibration Accuracy :  0.947054 Step : 127
P-Value:  0.148211263382 
 [0.94363791, 0.94619983, 0.9376601, 0.94449186, 0.95559353, 0.94449186, 0.95986336, 0.96071732, 0.96071732, 0.9530316] 
 [0.96157134, 0.95730144, 0.95986336, 0.95046967, 0.95900941, 0.95815539, 0.94961572, 0.96071732, 0.95644748, 0.94705379]

Training Accuracy :  0.993486 Calibration Accuracy :  0.952178 Step : 128
P-Value:  0.453453899964 
 [0.94619983, 0.9376601, 0.94449186, 0.95559353, 0.94449186, 0.95986336, 0.96071732, 0.96071732, 0.9530316, 0.96157134] 
 [0.95730144, 0.95986336, 0.95046967, 0.95900941, 0.95815539, 0.94961572, 0.96071732, 0.95644748, 0.94705379, 0.95217764]

Training Accuracy :  0.994234 Calibration Accuracy :  0.949616 Step : 129
P-Value:  0.825140896164 
 [0.9376601, 0.94449186, 0.95559353, 0.94449186, 0.95986336, 0.96071732, 0.96071732, 0.9530316, 0.96157134, 0.95730144] 
 [0.95986336, 0.95046967, 0.95900941, 0.95815539, 0.94961572, 0.96071732, 0.95644748, 0.94705379, 0.95217764, 0.94961572]

Training Accuracy :  0.994661 Calibration Accuracy :  0.955594 Step : 130
P-Value:  0.455908503602 
 [0.94449186, 0.95559353, 0.94449186, 0.95986336, 0.96071732, 0.96071732, 0.9530316, 0.96157134, 0.95730144, 0.95986336] 
 [0.95046967, 0.95900941, 0.95815539, 0.94961572, 0.96071732, 0.95644748, 0.94705379, 0.95217764, 0.94961572, 0.95559353]

Training Accuracy :  0.993486 Calibration Accuracy :  0.959009 Step : 131
P-Value:  0.535006445574 
 [0.95559353, 0.94449186, 0.95986336, 0.96071732, 0.96071732, 0.9530316, 0.96157134, 0.95730144, 0.95986336, 0.95046967] 
 [0.95900941, 0.95815539, 0.94961572, 0.96071732, 0.95644748, 0.94705379, 0.95217764, 0.94961572, 0.95559353, 0.95900941]

Training Accuracy :  0.994554 Calibration Accuracy :  0.95047 Step : 132
P-Value:  0.294812456872 
 [0.94449186, 0.95986336, 0.96071732, 0.96071732, 0.9530316, 0.96157134, 0.95730144, 0.95986336, 0.95046967, 0.95900941] 
 [0.95815539, 0.94961572, 0.96071732, 0.95644748, 0.94705379, 0.95217764, 0.94961572, 0.95559353, 0.95900941, 0.95046967]

Training Accuracy :  0.994661 Calibration Accuracy :  0.95474 Step : 133
P-Value:  0.0297465860035 
 [0.95986336, 0.96071732, 0.96071732, 0.9530316, 0.96157134, 0.95730144, 0.95986336, 0.95046967, 0.95900941, 0.95815539] 
 [0.94961572, 0.96071732, 0.95644748, 0.94705379, 0.95217764, 0.94961572, 0.95559353, 0.95900941, 0.95046967, 0.95473951]

Training Accuracy :  0.993166 Calibration Accuracy :  0.953032 Step : 134
P-Value:  0.111613344802 
 [0.96071732, 0.96071732, 0.9530316, 0.96157134, 0.95730144, 0.95986336, 0.95046967, 0.95900941, 0.95815539, 0.94961572] 
 [0.96071732, 0.95644748, 0.94705379, 0.95217764, 0.94961572, 0.95559353, 0.95900941, 0.95046967, 0.95473951, 0.9530316]

Training Accuracy :  0.994981 Calibration Accuracy :  0.95474 Step : 135
P-Value:  0.0632389875507 
 [0.96071732, 0.9530316, 0.96157134, 0.95730144, 0.95986336, 0.95046967, 0.95900941, 0.95815539, 0.94961572, 0.96071732] 
 [0.95644748, 0.94705379, 0.95217764, 0.94961572, 0.95559353, 0.95900941, 0.95046967, 0.95473951, 0.9530316, 0.95473951]

Training Accuracy :  0.994127 Calibration Accuracy :  0.953886 Step : 136
P-Value:  0.0742839978824 
 [0.9530316, 0.96157134, 0.95730144, 0.95986336, 0.95046967, 0.95900941, 0.95815539, 0.94961572, 0.96071732, 0.95644748] 
 [0.94705379, 0.95217764, 0.94961572, 0.95559353, 0.95900941, 0.95046967, 0.95473951, 0.9530316, 0.95473951, 0.95388556]

Training Accuracy :  0.993486 Calibration Accuracy :  0.955594 Step : 137
P-Value:  0.340155625211 
 [0.96157134, 0.95730144, 0.95986336, 0.95046967, 0.95900941, 0.95815539, 0.94961572, 0.96071732, 0.95644748, 0.94705379] 
 [0.95217764, 0.94961572, 0.95559353, 0.95900941, 0.95046967, 0.95473951, 0.9530316, 0.95473951, 0.95388556, 0.95559353]

Training Accuracy :  0.992952 Calibration Accuracy :  0.955594 Step : 138
P-Value:  0.68193081958 
 [0.95730144, 0.95986336, 0.95046967, 0.95900941, 0.95815539, 0.94961572, 0.96071732, 0.95644748, 0.94705379, 0.95217764] 
 [0.94961572, 0.95559353, 0.95900941, 0.95046967, 0.95473951, 0.9530316, 0.95473951, 0.95388556, 0.95559353, 0.95559353]

Training Accuracy :  0.995302 Calibration Accuracy :  0.95474 Step : 139
P-Value:  0.830713901825 
 [0.95986336, 0.95046967, 0.95900941, 0.95815539, 0.94961572, 0.96071732, 0.95644748, 0.94705379, 0.95217764, 0.94961572] 
 [0.95559353, 0.95900941, 0.95046967, 0.95473951, 0.9530316, 0.95473951, 0.95388556, 0.95559353, 0.95559353, 0.95473951]

Training Accuracy :  0.988895 Calibration Accuracy :  0.951324 Step : 140
P-Value:  0.830716360431 
 [0.95046967, 0.95900941, 0.95815539, 0.94961572, 0.96071732, 0.95644748, 0.94705379, 0.95217764, 0.94961572, 0.95559353] 
 [0.95900941, 0.95046967, 0.95473951, 0.9530316, 0.95473951, 0.95388556, 0.95559353, 0.95559353, 0.95473951, 0.95132363]

Training Accuracy :  0.993914 Calibration Accuracy :  0.95474 Step : 141
P-Value:  0.638992915132 
 [0.95900941, 0.95815539, 0.94961572, 0.96071732, 0.95644748, 0.94705379, 0.95217764, 0.94961572, 0.95559353, 0.95900941] 
 [0.95046967, 0.95473951, 0.9530316, 0.95473951, 0.95388556, 0.95559353, 0.95559353, 0.95473951, 0.95132363, 0.95473951]

Training Accuracy :  0.993486 Calibration Accuracy :  0.956447 Step : 142
P-Value:  0.725544862277 
 [0.95815539, 0.94961572, 0.96071732, 0.95644748, 0.94705379, 0.95217764, 0.94961572, 0.95559353, 0.95900941, 0.95046967] 
 [0.95473951, 0.9530316, 0.95473951, 0.95388556, 0.95559353, 0.95559353, 0.95473951, 0.95132363, 0.95473951, 0.95644748]

Training Accuracy :  0.994981 Calibration Accuracy :  0.953032 Step : 143
P-Value:  0.644990918253 
 [0.94961572, 0.96071732, 0.95644748, 0.94705379, 0.95217764, 0.94961572, 0.95559353, 0.95900941, 0.95046967, 0.95473951] 
 [0.9530316, 0.95473951, 0.95388556, 0.95559353, 0.95559353, 0.95473951, 0.95132363, 0.95473951, 0.95644748, 0.9530316]

Training Accuracy :  0.994234 Calibration Accuracy :  0.955594 Step : 144
P-Value:  0.679267738062 
 [0.96071732, 0.95644748, 0.94705379, 0.95217764, 0.94961572, 0.95559353, 0.95900941, 0.95046967, 0.95473951, 0.9530316] 
 [0.95473951, 0.95388556, 0.95559353, 0.95559353, 0.95473951, 0.95132363, 0.95473951, 0.95644748, 0.9530316, 0.95559353]

Training Accuracy :  0.994768 Calibration Accuracy :  0.958155 Step : 145
P-Value:  0.286319548275 
 [0.95644748, 0.94705379, 0.95217764, 0.94961572, 0.95559353, 0.95900941, 0.95046967, 0.95473951, 0.9530316, 0.95473951] 
 [0.95388556, 0.95559353, 0.95559353, 0.95473951, 0.95132363, 0.95473951, 0.95644748, 0.9530316, 0.95559353, 0.95815539]

Training Accuracy :  0.994981 Calibration Accuracy :  0.955594 Step : 146
P-Value:  0.164526461828 
 [0.94705379, 0.95217764, 0.94961572, 0.95559353, 0.95900941, 0.95046967, 0.95473951, 0.9530316, 0.95473951, 0.95388556] 
 [0.95559353, 0.95559353, 0.95473951, 0.95132363, 0.95473951, 0.95644748, 0.9530316, 0.95559353, 0.95815539, 0.95559353]

Training Accuracy :  0.995195 Calibration Accuracy :  0.959863 Step : 147
P-Value:  0.203648313381 
 [0.95217764, 0.94961572, 0.95559353, 0.95900941, 0.95046967, 0.95473951, 0.9530316, 0.95473951, 0.95388556, 0.95559353] 
 [0.95559353, 0.95473951, 0.95132363, 0.95473951, 0.95644748, 0.9530316, 0.95559353, 0.95815539, 0.95559353, 0.95986336]

Training Accuracy :  0.995195 Calibration Accuracy :  0.958155 Step : 148
P-Value:  0.222246699459 
 [0.94961572, 0.95559353, 0.95900941, 0.95046967, 0.95473951, 0.9530316, 0.95473951, 0.95388556, 0.95559353, 0.95559353] 
 [0.95473951, 0.95132363, 0.95473951, 0.95644748, 0.9530316, 0.95559353, 0.95815539, 0.95559353, 0.95986336, 0.95815539]

Training Accuracy :  0.995195 Calibration Accuracy :  0.959009 Step : 149
P-Value:  0.237058166337 
 [0.95559353, 0.95900941, 0.95046967, 0.95473951, 0.9530316, 0.95473951, 0.95388556, 0.95559353, 0.95559353, 0.95473951] 
 [0.95132363, 0.95473951, 0.95644748, 0.9530316, 0.95559353, 0.95815539, 0.95559353, 0.95986336, 0.95815539, 0.95900941]

Training Accuracy :  0.995195 Calibration Accuracy :  0.959009 Step : 150
P-Value:  0.0402873775453 
 [0.95900941, 0.95046967, 0.95473951, 0.9530316, 0.95473951, 0.95388556, 0.95559353, 0.95559353, 0.95473951, 0.95132363] 
 [0.95473951, 0.95644748, 0.9530316, 0.95559353, 0.95815539, 0.95559353, 0.95986336, 0.95815539, 0.95900941, 0.95900941]

Training Accuracy :  0.995195 Calibration Accuracy :  0.959009 Step : 151
P-Value:  0.00177388338352 
 [0.95046967, 0.95473951, 0.9530316, 0.95473951, 0.95388556, 0.95559353, 0.95559353, 0.95473951, 0.95132363, 0.95473951] 
 [0.95644748, 0.9530316, 0.95559353, 0.95815539, 0.95559353, 0.95986336, 0.95815539, 0.95900941, 0.95900941, 0.95900941]

Training Accuracy :  0.995195 Calibration Accuracy :  0.959863 Step : 152
P-Value:  0.00192986758492 
 [0.95473951, 0.9530316, 0.95473951, 0.95388556, 0.95559353, 0.95559353, 0.95473951, 0.95132363, 0.95473951, 0.95644748] 
 [0.9530316, 0.95559353, 0.95815539, 0.95559353, 0.95986336, 0.95815539, 0.95900941, 0.95900941, 0.95900941, 0.95986336]

Training Accuracy :  0.995195 Calibration Accuracy :  0.959863 Step : 153
P-Value:  7.09589485516e-05 
 [0.9530316, 0.95473951, 0.95388556, 0.95559353, 0.95559353, 0.95473951, 0.95132363, 0.95473951, 0.95644748, 0.9530316] 
 [0.95559353, 0.95815539, 0.95559353, 0.95986336, 0.95815539, 0.95900941, 0.95900941, 0.95900941, 0.95986336, 0.95986336]

Training Accuracy :  0.995195 Calibration Accuracy :  0.959863 Step : 154
P-Value:  3.69283253493e-05 
 [0.95473951, 0.95388556, 0.95559353, 0.95559353, 0.95473951, 0.95132363, 0.95473951, 0.95644748, 0.9530316, 0.95559353] 
 [0.95815539, 0.95559353, 0.95986336, 0.95815539, 0.95900941, 0.95900941, 0.95900941, 0.95986336, 0.95986336, 0.95986336]

Training Accuracy :  0.995195 Calibration Accuracy :  0.959863 Step : 155
P-Value:  9.92491262719e-05 
 [0.95388556, 0.95559353, 0.95559353, 0.95473951, 0.95132363, 0.95473951, 0.95644748, 0.9530316, 0.95559353, 0.95815539] 
 [0.95559353, 0.95986336, 0.95815539, 0.95900941, 0.95900941, 0.95900941, 0.95986336, 0.95986336, 0.95986336, 0.95986336]

Training Accuracy :  0.995195 Calibration Accuracy :  0.959863 Step : 156
P-Value:  2.82853329345e-05 
 [0.95559353, 0.95559353, 0.95473951, 0.95132363, 0.95473951, 0.95644748, 0.9530316, 0.95559353, 0.95815539, 0.95559353] 
 [0.95986336, 0.95815539, 0.95900941, 0.95900941, 0.95900941, 0.95986336, 0.95986336, 0.95986336, 0.95986336, 0.95986336]

Training Accuracy :  0.995195 Calibration Accuracy :  0.959863 Step : 157
P-Value:  0.00036837976748 
 [0.95559353, 0.95473951, 0.95132363, 0.95473951, 0.95644748, 0.9530316, 0.95559353, 0.95815539, 0.95559353, 0.95986336] 
 [0.95815539, 0.95900941, 0.95900941, 0.95900941, 0.95986336, 0.95986336, 0.95986336, 0.95986336, 0.95986336, 0.95986336]
Learning Finished!! P-Value:  0.00036837976748 
 [0.95559353, 0.95473951, 0.95132363, 0.95473951, 0.95644748, 0.9530316, 0.95559353, 0.95815539, 0.95559353, 0.95986336] 
 [0.95815539, 0.95900941, 0.95900941, 0.95900941, 0.95986336, 0.95986336, 0.95986336, 0.95986336, 0.95986336, 0.95986336]
Save path:  /home/tjahn/tf_save_data/sungmin/save_path/saved
Traceback (most recent call last):
  File "/usr/local/lib/python3.4/dist-packages/tensorflow/python/client/session.py", line 1327, in _do_call
    return fn(*args)
  File "/usr/local/lib/python3.4/dist-packages/tensorflow/python/client/session.py", line 1306, in _run_fn
    status, run_metadata)
  File "/usr/lib/python3.4/contextlib.py", line 66, in __exit__
    next(self.gen)
  File "/usr/local/lib/python3.4/dist-packages/tensorflow/python/framework/errors_impl.py", line 466, in raise_exception_on_not_ok_status
    pywrap_tensorflow.TF_GetCode(status))
tensorflow.python.framework.errors_impl.InvalidArgumentError: Assign requires shapes of both tensors to match. lhs shape= [150] rhs shape= [2400]
	 [[Node: save/Assign_7 = Assign[T=DT_FLOAT, _class=["loc:@bias2"], use_locking=true, validate_shape=true, _device="/job:localhost/replica:0/task:0/cpu:0"](bias2/Adam_1, save/RestoreV2_7)]]

During handling of the above exception, another exception occurred:

Traceback (most recent call last):
  File "DNN_modifying_inputfile.py", line 207, in <module>
    train_p, train_h , test_p ,test_h, weighted_sum_result  = (set_train_three_layer(nodes, learning_rate, j, gene_off))
  File "DNN_modifying_inputfile.py", line 135, in set_train_three_layer
    saver.restore(sess,save_path)
  File "/usr/local/lib/python3.4/dist-packages/tensorflow/python/training/saver.py", line 1560, in restore
    {self.saver_def.filename_tensor_name: save_path})
  File "/usr/local/lib/python3.4/dist-packages/tensorflow/python/client/session.py", line 895, in run
    run_metadata_ptr)
  File "/usr/local/lib/python3.4/dist-packages/tensorflow/python/client/session.py", line 1124, in _run
    feed_dict_tensor, options, run_metadata)
  File "/usr/local/lib/python3.4/dist-packages/tensorflow/python/client/session.py", line 1321, in _do_run
    options, run_metadata)
  File "/usr/local/lib/python3.4/dist-packages/tensorflow/python/client/session.py", line 1340, in _do_call
    raise type(e)(node_def, op, message)
tensorflow.python.framework.errors_impl.InvalidArgumentError: Assign requires shapes of both tensors to match. lhs shape= [150] rhs shape= [2400]
	 [[Node: save/Assign_7 = Assign[T=DT_FLOAT, _class=["loc:@bias2"], use_locking=true, validate_shape=true, _device="/job:localhost/replica:0/task:0/cpu:0"](bias2/Adam_1, save/RestoreV2_7)]]

Caused by op 'save/Assign_7', defined at:
  File "DNN_modifying_inputfile.py", line 207, in <module>
    train_p, train_h , test_p ,test_h, weighted_sum_result  = (set_train_three_layer(nodes, learning_rate, j, gene_off))
  File "DNN_modifying_inputfile.py", line 69, in set_train_three_layer
    saver = tf.train.Saver()
  File "/usr/local/lib/python3.4/dist-packages/tensorflow/python/training/saver.py", line 1140, in __init__
    self.build()
  File "/usr/local/lib/python3.4/dist-packages/tensorflow/python/training/saver.py", line 1172, in build
    filename=self._filename)
  File "/usr/local/lib/python3.4/dist-packages/tensorflow/python/training/saver.py", line 688, in build
    restore_sequentially, reshape)
  File "/usr/local/lib/python3.4/dist-packages/tensorflow/python/training/saver.py", line 419, in _AddRestoreOps
    assign_ops.append(saveable.restore(tensors, shapes))
  File "/usr/local/lib/python3.4/dist-packages/tensorflow/python/training/saver.py", line 155, in restore
    self.op.get_shape().is_fully_defined())
  File "/usr/local/lib/python3.4/dist-packages/tensorflow/python/ops/state_ops.py", line 274, in assign
    validate_shape=validate_shape)
  File "/usr/local/lib/python3.4/dist-packages/tensorflow/python/ops/gen_state_ops.py", line 43, in assign
    use_locking=use_locking, name=name)
  File "/usr/local/lib/python3.4/dist-packages/tensorflow/python/framework/op_def_library.py", line 767, in apply_op
    op_def=op_def)
  File "/usr/local/lib/python3.4/dist-packages/tensorflow/python/framework/ops.py", line 2630, in create_op
    original_op=self._default_original_op, op_def=op_def)
  File "/usr/local/lib/python3.4/dist-packages/tensorflow/python/framework/ops.py", line 1204, in __init__
    self._traceback = self._graph._extract_stack()  # pylint: disable=protected-access

InvalidArgumentError (see above for traceback): Assign requires shapes of both tensors to match. lhs shape= [150] rhs shape= [2400]
	 [[Node: save/Assign_7 = Assign[T=DT_FLOAT, _class=["loc:@bias2"], use_locking=true, validate_shape=true, _device="/job:localhost/replica:0/task:0/cpu:0"](bias2/Adam_1, save/RestoreV2_7)]]

