2017-11-02 17:55:09.436469: W tensorflow/core/platform/cpu_feature_guard.cc:45] The TensorFlow library wasn't compiled to use SSE4.1 instructions, but these are available on your machine and could speed up CPU computations.
2017-11-02 17:55:09.436864: W tensorflow/core/platform/cpu_feature_guard.cc:45] The TensorFlow library wasn't compiled to use SSE4.2 instructions, but these are available on your machine and could speed up CPU computations.
2017-11-02 17:55:09.436916: W tensorflow/core/platform/cpu_feature_guard.cc:45] The TensorFlow library wasn't compiled to use AVX instructions, but these are available on your machine and could speed up CPU computations.
2017-11-02 17:55:09.436927: W tensorflow/core/platform/cpu_feature_guard.cc:45] The TensorFlow library wasn't compiled to use AVX2 instructions, but these are available on your machine and could speed up CPU computations.
2017-11-02 17:55:09.436937: W tensorflow/core/platform/cpu_feature_guard.cc:45] The TensorFlow library wasn't compiled to use FMA instructions, but these are available on your machine and could speed up CPU computations.

Current Accuracy :  0.534666 cost :  4.77816 Current Step :  0

Current Accuracy :  0.53529 cost :  0.690701 Current Step :  20

Current Accuracy :  0.53554 cost :  0.690646 Current Step :  40

Current Accuracy :  0.535665 cost :  0.690538 Current Step :  60

Current Accuracy :  0.535665 cost :  0.690591 Current Step :  80

Current Accuracy :  0.535665 cost :  0.690614 Current Step :  100

Current Accuracy :  0.53554 cost :  0.69064 Current Step :  120

Current Accuracy :  0.535665 cost :  0.690618 Current Step :  140

Current Accuracy :  0.535665 cost :  0.690601 Current Step :  160

Current Accuracy :  0.535665 cost :  0.690601 Current Step :  180

Current Accuracy :  0.535665 cost :  0.690615 Current Step :  200

Current Accuracy :  0.535665 cost :  0.690619 Current Step :  220

Current Accuracy :  0.535665 cost :  0.690615 Current Step :  240

Current Accuracy :  0.535665 cost :  0.690601 Current Step :  260

Current Accuracy :  0.535665 cost :  0.690601 Current Step :  280

Current Accuracy :  0.535665 cost :  0.690601 Current Step :  300

Current Accuracy :  0.535665 cost :  0.690598 Current Step :  320

Current Accuracy :  0.535665 cost :  0.690601 Current Step :  340

Current Accuracy :  0.535665 cost :  0.690598 Current Step :  360

Current Accuracy :  0.535665 cost :  0.690605 Current Step :  380

Current Accuracy :  0.535665 cost :  0.690601 Current Step :  400

Current Accuracy :  0.535665 cost :  0.690615 Current Step :  420

Current Accuracy :  0.535665 cost :  0.690601 Current Step :  440

Current Accuracy :  0.535665 cost :  0.690601 Current Step :  460

Current Accuracy :  0.535665 cost :  0.690601 Current Step :  480

Current Accuracy :  0.53554 cost :  0.690632 Current Step :  500

Current Accuracy :  0.535665 cost :  0.690615 Current Step :  520

Current Accuracy :  0.53554 cost :  0.690644 Current Step :  540

Current Accuracy :  0.535665 cost :  0.690601 Current Step :  560

Current Accuracy :  0.535665 cost :  0.690601 Current Step :  580

Current Accuracy :  0.535665 cost :  0.690601 Current Step :  600

Current Accuracy :  0.535665 cost :  0.690601 Current Step :  620

Current Accuracy :  0.535665 cost :  0.690603 Current Step :  640

Current Accuracy :  0.535665 cost :  0.690601 Current Step :  660

Current Accuracy :  0.535665 cost :  0.690601 Current Step :  680

Current Accuracy :  0.535665 cost :  0.690601 Current Step :  700

Current Accuracy :  0.535665 cost :  0.690601 Current Step :  720

Current Accuracy :  0.535665 cost :  0.690601 Current Step :  740

Current Accuracy :  0.535665 cost :  0.690601 Current Step :  760

Current Accuracy :  0.535665 cost :  0.690601 Current Step :  780

Current Accuracy :  0.535665 cost :  0.690601 Current Step :  800

Current Accuracy :  0.535665 cost :  0.690601 Current Step :  820

Current Accuracy :  0.535665 cost :  0.690601 Current Step :  840

Current Accuracy :  0.535665 cost :  0.690601 Current Step :  860

Current Accuracy :  0.535665 cost :  0.690615 Current Step :  880

Current Accuracy :  0.535665 cost :  0.690141 Current Step :  900

Current Accuracy :  0.535665 cost :  0.687702 Current Step :  920

Current Accuracy :  0.535665 cost :  0.682954 Current Step :  940

Current Accuracy :  0.53579 cost :  0.680778 Current Step :  960

Current Accuracy :  0.535665 cost :  0.679451 Current Step :  980

Train Accuracy:  0.535665

Test Accuracy:  0.544

Current Accuracy :  0.464335 Cost :  16.5444 Current Step :  0

Current Accuracy :  0.535166 Cost :  0.756078 Current Step :  20

Current Accuracy :  0.639475 Cost :  0.65996 Current Step :  40

Current Accuracy :  0.753404 Cost :  0.540059 Current Step :  60

Current Accuracy :  0.812242 Cost :  0.461967 Current Step :  80

Current Accuracy :  0.865459 Cost :  0.366078 Current Step :  100

Current Accuracy :  0.865834 Cost :  0.350608 Current Step :  120

Current Accuracy :  0.890943 Cost :  0.28588 Current Step :  140

Current Accuracy :  0.911555 Cost :  0.235231 Current Step :  160

Current Accuracy :  0.926796 Cost :  0.194888 Current Step :  180

Current Accuracy :  0.941661 Cost :  0.159722 Current Step :  200

Current Accuracy :  0.945409 Cost :  0.14298 Current Step :  220

Current Accuracy :  0.954404 Cost :  0.112799 Current Step :  240

Current Accuracy :  0.959026 Cost :  0.0994597 Current Step :  260

Current Accuracy :  0.945784 Cost :  0.136879 Current Step :  280

Current Accuracy :  0.964272 Cost :  0.0886931 Current Step :  300

Current Accuracy :  0.963273 Cost :  0.0813883 Current Step :  320

Current Accuracy :  0.962773 Cost :  0.0923546 Current Step :  340

Current Accuracy :  0.970768 Cost :  0.0686783 Current Step :  360

Test Accuracy:  0.9605

Current Accuracy :  0.535665 cost :  67.5445 Current Step :  0

Current Accuracy :  0.538788 cost :  0.711619 Current Step :  20

Current Accuracy :  0.609244 cost :  0.658765 Current Step :  40

Current Accuracy :  0.719176 cost :  0.572331 Current Step :  60

Current Accuracy :  0.785759 cost :  0.491198 Current Step :  80

Current Accuracy :  0.826234 cost :  0.433294 Current Step :  100

Current Accuracy :  0.848595 cost :  0.393621 Current Step :  120

Current Accuracy :  0.876452 cost :  0.337578 Current Step :  140

Current Accuracy :  0.895066 cost :  0.292143 Current Step :  160

Current Accuracy :  0.91243 cost :  0.246048 Current Step :  180

Current Accuracy :  0.922049 cost :  0.217324 Current Step :  200

Current Accuracy :  0.920799 cost :  0.21477 Current Step :  220

Current Accuracy :  0.935166 cost :  0.184376 Current Step :  240

Current Accuracy :  0.942286 cost :  0.159631 Current Step :  260

Current Accuracy :  0.940037 cost :  0.153902 Current Step :  280

Current Accuracy :  0.953404 cost :  0.135083 Current Step :  300

Current Accuracy :  0.951905 cost :  0.12331 Current Step :  320

Current Accuracy :  0.951905 cost :  0.129677 Current Step :  340

Current Accuracy :  0.957027 cost :  0.118791 Current Step :  360

Current Accuracy :  0.962149 cost :  0.105862 Current Step :  380

Current Accuracy :  0.965397 cost :  0.0900299 Current Step :  400

Current Accuracy :  0.964772 cost :  0.0937062 Current Step :  420

Current Accuracy :  0.958776 cost :  0.10453 Current Step :  440

Current Accuracy :  0.962773 cost :  0.0939912 Current Step :  460

Current Accuracy :  0.969269 cost :  0.0833217 Current Step :  480

Current Accuracy :  0.961524 cost :  0.0960008 Current Step :  500

Current Accuracy :  0.967395 cost :  0.0859701 Current Step :  520

Current Accuracy :  0.909182 cost :  0.231654 Current Step :  540

Current Accuracy :  0.935915 cost :  0.172726 Current Step :  560

Current Accuracy :  0.943161 cost :  0.148701 Current Step :  580

Current Accuracy :  0.953279 cost :  0.131608 Current Step :  600

Current Accuracy :  0.954404 cost :  0.126142 Current Step :  620

Current Accuracy :  0.957651 cost :  0.120127 Current Step :  640

Current Accuracy :  0.962773 cost :  0.10506 Current Step :  660

Current Accuracy :  0.965147 cost :  0.102992 Current Step :  680

Current Accuracy :  0.963898 cost :  0.105141 Current Step :  700

Current Accuracy :  0.964522 cost :  0.101526 Current Step :  720

Current Accuracy :  0.965646 cost :  0.0923835 Current Step :  740

Current Accuracy :  0.969019 cost :  0.0878727 Current Step :  760

Current Accuracy :  0.973392 cost :  0.077499 Current Step :  780

Test Accuracy:  0.947

Current Accuracy :  0.535665 Cost :  37.5119 Current Step :  0

Current Accuracy :  0.53554 Cost :  0.690745 Current Step :  20

Current Accuracy :  0.53654 Cost :  0.657121 Current Step :  40

Current Accuracy :  0.68782 Cost :  0.569371 Current Step :  60

Current Accuracy :  0.828732 Cost :  0.429265 Current Step :  80

Current Accuracy :  0.869082 Cost :  0.349644 Current Step :  100

Current Accuracy :  0.898064 Cost :  0.270735 Current Step :  120

Current Accuracy :  0.91243 Cost :  0.239149 Current Step :  140

Current Accuracy :  0.928545 Cost :  0.202316 Current Step :  160

Current Accuracy :  0.937539 Cost :  0.169077 Current Step :  180

Current Accuracy :  0.93679 Cost :  0.17018 Current Step :  200

Current Accuracy :  0.95178 Cost :  0.128825 Current Step :  220

Current Accuracy :  0.9161772017-11-02 18:08:57.568033: W tensorflow/core/platform/cpu_feature_guard.cc:45] The TensorFlow library wasn't compiled to use SSE4.1 instructions, but these are available on your machine and could speed up CPU computations.
2017-11-02 18:08:57.568307: W tensorflow/core/platform/cpu_feature_guard.cc:45] The TensorFlow library wasn't compiled to use SSE4.2 instructions, but these are available on your machine and could speed up CPU computations.
2017-11-02 18:08:57.568320: W tensorflow/core/platform/cpu_feature_guard.cc:45] The TensorFlow library wasn't compiled to use AVX instructions, but these are available on your machine and could speed up CPU computations.
2017-11-02 18:08:57.568328: W tensorflow/core/platform/cpu_feature_guard.cc:45] The TensorFlow library wasn't compiled to use AVX2 instructions, but these are available on your machine and could speed up CPU computations.
2017-11-02 18:08:57.568335: W tensorflow/core/platform/cpu_feature_guard.cc:45] The TensorFlow library wasn't compiled to use FMA instructions, but these are available on your machine and could speed up CPU computations.
 Cost :  0.213812 Current Step :  240

Current Accuracy :  0.945534 Cost :  0.152117 Current Step :  260

Current Accuracy :  0.952405 Cost :  0.131081 Current Step :  280

Current Accuracy :  0.954029 Cost :  0.121068 Current Step :  300

Current Accuracy :  0.960275 Cost :  0.110641 Current Step :  320

Current Accuracy :  0.959525 Cost :  0.109424 Current Step :  340

Current Accuracy :  0.966271 Cost :  0.0886896 Current Step :  360

Current Accuracy :  0.966646 Cost :  0.0884123 Current Step :  380

Current Accuracy :  0.970643 Cost :  0.0807517 Current Step :  400

Test Accuracy:  0.9395

Current Accuracy :  0.464335 cost :  204.973 Current Step :  0

Current Accuracy :  0.464335 cost :  0.694598 Current Step :  20

Current Accuracy :  0.535665 cost :  0.692341 Current Step :  40

Current Accuracy :  0.535665 cost :  0.691143 Current Step :  60

Current Accuracy :  0.535665 cost :  0.690716 Current Step :  80

Current Accuracy :  0.535665 cost :  0.690619 Current Step :  100

Current Accuracy :  0.535665 cost :  0.690601 Current Step :  120

Current Accuracy :  0.535665 cost :  0.690603 Current Step :  140

Current Accuracy :  0.535665 cost :  0.690609 Current Step :  160

Current Accuracy :  0.535665 cost :  0.690587 Current Step :  180

Current Accuracy :  0.535665 cost :  0.690605 Current Step :  200

Current Accuracy :  0.535665 cost :  0.690601 Current Step :  220

Current Accuracy :  0.535665 cost :  0.690601 Current Step :  240

Current Accuracy :  0.535665 cost :  0.690601 Current Step :  260

Current Accuracy :  0.535665 cost :  0.690601 Current Step :  280

Current Accuracy :  0.535665 cost :  0.690601 Current Step :  300

Current Accuracy :  0.535665 cost :  0.690601 Current Step :  320

Current Accuracy :  0.535665 cost :  0.690601 Current Step :  340

Current Accuracy :  0.535665 cost :  0.690601 Current Step :  360

Current Accuracy :  0.535665 cost :  0.690601 Current Step :  380

Current Accuracy :  0.535665 cost :  0.690601 Current Step :  400

Current Accuracy :  0.535665 cost :  0.690601 Current Step :  420

Current Accuracy :  0.535665 cost :  0.690601 Current Step :  440

Current Accuracy :  0.535665 cost :  0.690601 Current Step :  460

Current Accuracy :  0.535665 cost :  0.690601 Current Step :  480

Current Accuracy :  0.535665 cost :  0.690601 Current Step :  500

Current Accuracy :  0.535665 cost :  0.690601 Current Step :  520

Current Accuracy :  0.535665 cost :  0.690601 Current Step :  540

Current Accuracy :  0.535665 cost :  0.690601 Current Step :  560

Current Accuracy :  0.535665 cost :  0.690601 Current Step :  580

Current Accuracy :  0.535665 cost :  0.690601 Current Step :  600

Current Accuracy :  0.535665 cost :  0.690601 Current Step :  620

Current Accuracy :  0.535665 cost :  0.690601 Current Step :  640

Current Accuracy :  0.535665 cost :  0.690601 Current Step :  660

Current Accuracy :  0.535665 cost :  0.690601 Current Step :  680

Current Accuracy :  0.535665 cost :  0.690601 Current Step :  700

Current Accuracy :  0.535665 cost :  0.690601 Current Step :  720

Current Accuracy :  0.535665 cost :  0.690601 Current Step :  740

Current Accuracy :  0.535665 cost :  0.690601 Current Step :  760

Current Accuracy :  0.535665 cost :  0.690601 Current Step :  780

Current Accuracy :  0.535665 cost :  0.690601 Current Step :  800

Current Accuracy :  0.535665 cost :  0.690601 Current Step :  820

Current Accuracy :  0.535665 cost :  0.690601 Current Step :  840

Current Accuracy :  0.535665 cost :  0.690601 Current Step :  860

Current Accuracy :  0.535665 cost :  0.690601 Current Step :  880

Current Accuracy :  0.535665 cost :  0.690601 Current Step :  900

Current Accuracy :  0.535665 cost :  0.690601 Current Step :  920

Current Accuracy :  0.535665 cost :  0.690601 Current Step :  940

Current Accuracy :  0.535665 cost :  0.690601 Current Step :  960

Current Accuracy :  0.535665 cost :  0.690601 Current Step :  980

Train Accuracy:  0.535665

Test Accuracy:  0.544

Current Accuracy :  0.535665 Cost :  299.921 Current Step :  0

Current Accuracy :  0.580013 Cost :  0.707823 Current Step :  20

Current Accuracy :  0.742286 Cost :  0.554436 Current Step :  40

Current Accuracy :  0.822611 Cost :  0.439539 Current Step :  60

Current Accuracy :  0.854091 Cost :  0.382633 Current Step :  80

Current Accuracy :  0.881074 Cost :  0.33814 Current Step :  100

Current Accuracy :  0.899813 Cost :  0.299628 Current Step :  120

Current Accuracy :  0.858089 Cost :  0.345275 Current Step :  140

Current Accuracy :  0.901187 Cost :  0.282378 Current Step :  160

Current Accuracy :  0.911056 Cost :  0.25647 Current Step :  180

Current Accuracy :  0.917302 Cost :  0.229711 Current Step :  200

Current Accuracy :  0.916052 Cost :  0.231403 Current Step :  220

Current Accuracy :  0.9193 Cost :  0.227612 Current Step :  240

Current Accuracy :  0.933916 Cost :  0.195143 Current Step :  260

Current Accuracy :  0.939038 Cost :  0.178223 Current Step :  280

Current Accuracy :  0.93579 Cost :  0.188765 Current Step :  300

Current Accuracy :  0.930668 Cost :  0.190402 Current Step :  320

Current Accuracy :  0.945159 Cost :  0.158469 Current Step :  340

Current Accuracy :  0.938788 Cost :  0.17779 Current Step :  360

Current Accuracy :  0.937289 Cost :  0.17808 Current Step :  380

Current Accuracy :  0.947533 Cost :  0.162657 Current Step :  400

Current Accuracy :  0.94441 Cost :  0.157019 Current Step :  420

Current Accuracy :  0.938414 Cost :  0.185854 Current Step :  440

Current Accuracy :  0.939538 Cost :  0.170604 Current Step :  460

Current Accuracy :  0.950906 Cost :  0.138873 Current Step :  480

Current Accuracy :  0.952155 Cost :  0.136811 Current Step :  500

Current Accuracy :  0.952405 Cost :  0.133583 Current Step :  520

Current Accuracy :  0.955403 Cost :  0.125038 Current Step :  540

Current Accuracy :  0.953154 Cost :  0.135246 Current Step :  560

Current Accuracy :  0.950781 Cost :  0.140633 Current Step :  580

Current Accuracy :  0.957901 Cost :  0.127598 Current Step :  600

Current Accuracy :  0.956402 Cost :  0.12898 Current Step :  620

Current Accuracy :  0.959026 Cost :  0.130053 Current Step :  640

Current Accuracy :  0.955278 Cost :  0.132677 Current Step :  660

Current Accuracy :  0.948032 Cost :  0.146301 Current Step :  680

Current Accuracy :  0.938039 Cost :  0.167255 Current Step :  700

Current Accuracy :  0.939038 Cost :  0.165586 Current Step :  720

Current Accuracy :  0.948282 Cost :  0.146865 Current Step :  740

Current Accuracy :  0.95278 Cost :  0.143592 Current Step :  760

Current Accuracy :  0.95178 Cost :  0.13858 Current Step :  780

Current Accuracy :  0.94466 Cost :  0.148445 Current Step :  800

Current Accuracy :  0.950906 Cost :  0.139519 Current Step :  820

Current Accuracy :  0.956527 Cost :  0.12148 Current Step :  840

Current Accuracy :  0.96065 Cost :  0.111444 Current Step :  860

Current Accuracy :  0.957776 Cost :  0.116461 Current Step :  880

Current Accuracy :  0.958526 Cost :  0.113241 Current Step :  900

Current Accuracy :  0.957651 Cost :  0.118517 Current Step :  920

Current Accuracy :  0.960275 Cost :  0.115171 Current Step :  940

Current Accuracy :  0.962773 Cost :  0.110652 Current Step :  960

Current Accuracy :  0.961274 Cost :  0.105516 Current Step :  980

Train Accuracy:  0.95228

Test Accuracy:  0.87

Current Accuracy :  0.535665 cost :  47.7361 Current Step :  0

Current Accuracy :  0.535665 cost :  0.710793 Current Step :  20

Current Accuracy :  0.640849 cost :  0.648517 Current Step :  40

Current Accuracy :  0.705309 cost :  0.578616 Current Step :  60

Current Accuracy :  0.740912 cost :  0.535564 Current Step :  80

Current Accuracy :  0.756777 cost :  0.512493 Current Step :  100

Current Accuracy :  0.769394 cost :  0.50062 Current Step :  120

Current Accuracy :  0.78451 cost :  0.47556 Current Step :  140

Current Accuracy :  0.786134 cost :  0.467605 Current Step :  160

Current Accuracy :  0.796377 cost :  0.451257 Current Step :  180

Current Accuracy :  0.795878 cost :  0.450188 Current Step :  200

Current Accuracy :  0.806871 cost :  0.437261 Current Step :  220

Current Accuracy :  0.804372
Current Accuracy :  0.537664 cost :  68.4436 Current Step :  0

Current Accuracy :  0.539038 cost :  0.870023 Current Step :  20

Current Accuracy :  0.561524 cost :  0.749645 Current Step :  40

Current Accuracy :  0.630106 cost :  0.66438 Current Step :  60

Current Accuracy :  0.772392 cost :  0.506397 Current Step :  80

Current Accuracy :  0.825109 cost :  0.416565 Current Step :  100

Current Accuracy :  0.861212 cost :  0.371405 Current Step :  120

Current Accuracy :  0.8807 cost :  0.309083 Current Step :  140

Current Accuracy :  0.907308 cost :  0.255483 Current Step :  160

Current Accuracy :  0.916677 cost :  0.236992 Current Step :  180

Current Accuracy :  0.93654 cost :  0.177812 Current Step :  200

Current Accuracy :  0.926171 cost :  0.197976 Current Step :  220

Current Accuracy :  0.946783 cost :  0.152434 Current Step :  240

Current Accuracy :  0.953029 cost :  0.132358 Current Step :  260

Current Accuracy :  0.940912 cost :  0.161561 Current Step :  280

Current Accuracy :  0.958901 cost :  0.115737 Current Step :  300

Current Accuracy :  0.958526 cost :  0.115075 Current Step :  320

Current Accuracy :  0.904809 cost :  0.251291 Current Step :  340

Current Accuracy :  0.942661 cost :  0.150566 Current Step :  360

Current Accuracy :  0.95178 cost :  0.131012 Current Step :  380

Current Accuracy :  0.961024 cost :  0.1025 Current Step :  400

Current Accuracy :  0.96802 cost :  0.0884729 Current Step :  420

Current Accuracy :  0.965646 cost :  0.0881431 Current Step :  440

Current Accuracy :  0.967021 cost :  0.0964656 Current Step :  460

Current Accuracy :  0.972017 cost :  0.0806211 Current Step :  480

Current Accuracy :  0.971893 cost :  0.079218 Current Step :  500

Current Accuracy :  0.97539 cost :  0.0720924 Current Step :  520

Current Accuracy :  0.972642 cost :  0.0719294 Current Step :  540

Current Accuracy :  0.971643 cost :  0.0745947 Current Step :  560

Current Accuracy :  0.980012 cost :  0.0564684 Current Step :  580

Current Accuracy :  0.979263 cost :  0.0569729 Current Step :  600

Current Accuracy :  0.98401 cost :  0.048123 Current Step :  620

Current Accuracy :  0.983635 cost :  0.0443713 Current Step :  640

Current Accuracy :  0.98426 cost :  0.0488719 Current Step :  660

Current Accuracy :  0.977264 cost :  0.0641255 Current Step :  680

Current Accuracy :  0.928795 cost :  0.163269 Current Step :  700

Current Accuracy :  0.956527 cost :  0.119899 Current Step :  720

Current Accuracy :  0.972017 cost :  0.08422 Current Step :  740

Current Accuracy :  0.976265 cost :  0.0645729 Current Step :  760

Current Accuracy :  0.977764 cost :  0.0642778 Current Step :  780

Current Accuracy :  0.980512 cost :  0.0601421 Current Step :  800

Current Accuracy :  0.982261 cost :  0.0544189 Current Step :  820

Current Accuracy :  0.978763 cost :  0.0570755 Current Step :  840

Current Accuracy :  0.984135 cost :  0.0498685 Current Step :  860

Current Accuracy :  0.981761 cost :  0.0558994 Current Step :  880

Current Accuracy :  0.979513 cost :  0.0571362 Current Step :  900

Current Accuracy :  0.983136 cost :  0.0521069 Current Step :  920

Current Accuracy :  0.983635 cost :  0.0533308 Current Step :  940

Current Accuracy :  0.984385 cost :  0.0484447 Current Step :  960

Current Accuracy :  0.980887 cost :  0.0537191 Current Step :  980

Train Accuracy:  0.984385

Test Accuracy:  0.945

Current Accuracy :  0.462336 Cost :  69.5777 Current Step :  0

Current Accuracy :  0.569769 Cost :  0.689364 Current Step :  20

Current Accuracy :  0.742661 Cost :  0.555236 Current Step :  40

Current Accuracy :  0.81674 Cost :  0.472754 Current Step :  60

Current Accuracy :  0.860462 Cost :  0.373573 Current Step :  80

Current Accuracy :  0.89619 Cost :  0.287332 Current Step :  100

Current Accuracy :  0.905309 Cost :  0.236528 Current Step :  120

Current Accuracy :  0.941786 Cost :  0.171326 Current Step :  140

Current Accuracy :  0.938913 Cost :  0.160828 Current Step :  160

Current Accuracy :  0.954903 Cost :  0.129645 Current Step :  180

Current Accuracy :  0.969644 Cost :  0.0943399 Current Step :  200

Current Accuracy :  0.969894 Cost :  0.0809774 Current Step :  220

Current Accuracy :  0.972517 Cost :  0.0772929 Current Step :  240

Current Accuracy :  0.978014 Cost :  0.0629753 Current Step :  260

Current Accuracy :  0.985259 Cost :  0.0480958 Current Step :  280

Current Accuracy :  0.983136 Cost :  0.0495162 Current Step :  300

Current Accuracy :  0.972017 Cost :  0.0714822 Current Step :  320

Current Accuracy :  0.950656 Cost :  0.13275 Current Step :  340

Current Accuracy :  0.982136 Cost :  0.0574284 Current Step :  360

Current Accuracy :  0.974016 Cost :  0.0794435 Current Step :  380

Current Accuracy :  0.985884 Cost :  0.0455962 Current Step :  400

Current Accuracy :  0.988882 Cost :  0.0360713 Current Step :  420

Current Accuracy :  0.989007 Cost :  0.0349552 Current Step :  440

Current Accuracy :  0.985009 Cost :  0.0444372 Current Step :  460

Current Accuracy :  0.985384 Cost :  0.04015 Current Step :  480

Current Accuracy :  0.987258 Cost :  0.0379007 Current Step :  500

Current Accuracy :  0.991755 Cost :  0.0273261 Current Step :  520

Test Accuracy:  0.9535

Current Accuracy :  0.537664 cost :  43.6913 Current Step :  0

Current Accuracy :  0.538413 cost :  0.712038 Current Step :  20

Current Accuracy :  0.618363 cost :  0.659587 Current Step :  40

Current Accuracy :  0.718676 cost :  0.570818 Current Step :  60

Current Accuracy :  0.798126 cost :  0.488474 Current Step :  80

Current Accuracy :  0.83123 cost :  0.43443 Current Step :  100

Current Accuracy :  0.862336 cost :  0.378888 Current Step :  120

Current Accuracy :  0.878701 cost :  0.344218 Current Step :  140

Current Accuracy :  0.900187 cost :  0.285998 Current Step :  160

Current Accuracy :  0.913804 cost :  0.254344 Current Step :  180

Current Accuracy :  0.927795 cost :  0.222433 Current Step :  200

Current Accuracy :  0.934666 cost :  0.196131 Current Step :  220

Current Accuracy :  0.939538 cost :  0.181589 Current Step :  240

Current Accuracy :  0.944285 cost :  0.159699 Current Step :  260

Current Accuracy :  0.928919 cost :  0.196297 Current Step :  280

Current Accuracy :  0.949532 cost :  0.150292 Current Step :  300

Current Accuracy :  0.957776 cost :  0.12775 Current Step :  320

Current Accuracy :  0.958151 cost :  0.115665 Current Step :  340

Current Accuracy :  0.964522 cost :  0.104156 Current Step :  360

Current Accuracy :  0.970768 cost :  0.0855012 Current Step :  380

Current Accuracy :  0.96752 cost :  0.0909403 Current Step :  400

Current Accuracy :  0.969894 cost :  0.0919135 Current Step :  420

Current Accuracy :  0.96802 cost :  0.0928176 Current Step :  440

Current Accuracy :  0.964522 cost :  0.102426 Current Step :  460

Current Accuracy :  0.974891 cost :  0.0754021 Current Step :  480

Current Accuracy :  0.971518 cost :  0.0795526 Current Step :  500

Current Accuracy :  0.962648 cost :  0.0907521 Current Step :  520

Current Accuracy :  0.968769 cost :  0.0803891 Current Step :  540

Current Accuracy :  0.976015 cost :  0.0681024 Current Step :  560

Current Accuracy :  0.978139 cost :  0.0597688 Current Step :  580

Current Accuracy :  0.976889 cost :  0.0663709 Current Step :  600

Current Accuracy :  0.976889 cost :  0.058155 Current Step :  620

Current Accuracy :  0.980137 cost :  0.0593094 Current Step :  640

Current Accuracy :  0.977139 cost :  0.0582474 Current Step :  660

Current Accuracy :  0.981137 cost :  0.0506923 Current Step :  680

Current Accuracy :  0.966521 cost :  0.0898822 Current Step :  700

Current Accuracy :  0.966396 cost :  0.0818584 Current Step :  720

Current Accuracy :  0.962399 cost :  0.0918082 Current Step :  740

Current Accuracy :  0.971268 cost :  0.0715832 Current Step :  760

Current Accuracy :  0.977389 cost :  0.0588137 Current Step :  780

Current Accuracy :  0.979263 cost :  0.0512795 Current Step :  800

Current Accuracy :  0.981886 cost :  0.0471671 Current Step :  820

Current Accuracy :  0.980887 cost :  0.0520798 Current Step :  840

Current Accuracy :  0.979638 cost :  0.0495899 Current Step : sys:1: DtypeWarning: Columns (2) have mixed types. Specify dtype option on import or set low_memory=False.
 cost :  0.43372 Current Step :  240

Current Accuracy :  0.804372 cost :  0.437359 Current Step :  260

Current Accuracy :  0.814491 cost :  0.422883 Current Step :  280

Current Accuracy :  0.816115 cost :  0.419346 Current Step :  300

Current Accuracy :  0.817739 cost :  0.415598 Current Step :  320

Current Accuracy :  0.817864 cost :  0.413729 Current Step :  340

Current Accuracy :  0.818738 cost :  0.414912 Current Step :  360

Current Accuracy :  0.825859 cost :  0.402913 Current Step :  380

Current Accuracy :  0.825734 cost :  0.402931 Current Step :  400

Current Accuracy :  0.829232 cost :  0.397493 Current Step :  420

Current Accuracy :  0.829482 cost :  0.400872 Current Step :  440

Current Accuracy :  0.827733 cost :  0.401834 Current Step :  460

Current Accuracy :  0.827358 cost :  0.399757 Current Step :  480

Current Accuracy :  0.835103 cost :  0.389075 Current Step :  500

Current Accuracy :  0.825734 cost :  0.400398 Current Step :  520

Current Accuracy :  0.819113 cost :  0.409412 Current Step :  540

Current Accuracy :  0.83148 cost :  0.392281 Current Step :  560

Current Accuracy :  0.829107 cost :  0.39806 Current Step :  580

Current Accuracy :  0.823735 cost :  0.401527 Current Step :  600

Current Accuracy :  0.908182 cost :  0.28855 Current Step :  620

Current Accuracy :  0.880075 cost :  0.368652 Current Step :  640

Current Accuracy :  0.918926 cost :  0.257718 Current Step :  660

Current Accuracy :  0.929419 cost :  0.227331 Current Step :  680

Current Accuracy :  0.934041 cost :  0.198978 Current Step :  700

Current Accuracy :  0.942536 cost :  0.189971 Current Step :  720

Current Accuracy :  0.938414 cost :  0.184605 Current Step :  740

Current Accuracy :  0.939413 cost :  0.177206 Current Step :  760

Current Accuracy :  0.942661 cost :  0.174932 Current Step :  780

Current Accuracy :  0.938788 cost :  0.168174 Current Step :  800

Current Accuracy :  0.940287 cost :  0.1652 Current Step :  820

Current Accuracy :  0.945159 cost :  0.147212 Current Step :  840

Current Accuracy :  0.940287 cost :  0.174444 Current Step :  860

Current Accuracy :  0.941537 cost :  0.154258 Current Step :  880

Current Accuracy :  0.938289 cost :  0.168671 Current Step :  900

Current Accuracy :  0.949157 cost :  0.142358 Current Step :  920

Current Accuracy :  0.952405 cost :  0.130534 Current Step :  940

Current Accuracy :  0.953529 cost :  0.128016 Current Step :  960

Current Accuracy :  0.950406 cost :  0.124849 Current Step :  980

Train Accuracy:  0.945284

Test Accuracy:  0.949

Current Accuracy :  0.464335 Cost :  86.7533 Current Step :  0

Current Accuracy :  0.535415 Cost :  0.71051 Current Step :  20

Current Accuracy :  0.535665 Cost :  0.703692 Current Step :  40

Current Accuracy :  0.663086 Cost :  0.633518 Current Step :  60

Current Accuracy :  0.714678 Cost :  0.570499 Current Step :  80

Current Accuracy :  0.74441 Cost :  0.526754 Current Step :  100

Current Accuracy :  0.745409 Cost :  0.494638 Current Step :  120

Current Accuracy :  0.837851 Cost :  0.374424 Current Step :  140

Current Accuracy :  0.866708 Cost :  0.304425 Current Step :  160

Current Accuracy :  0.898314 Cost :  0.255889 Current Step :  180

Current Accuracy :  0.922673 Cost :  0.196655 Current Step :  200

Current Accuracy :  0.943285 Cost :  0.141413 Current Step :  220

Current Accuracy :  0.955653 Cost :  0.118124 Current Step :  240

Current Accuracy :  0.954279 Cost :  0.133327 Current Step :  260

Current Accuracy :  0.962274 Cost :  0.109502 Current Step :  280

Current Accuracy :  0.907183 Cost :  0.248725 Current Step :  300

Current Accuracy :  0.92005 Cost :  0.210201 Current Step :  320

Current Accuracy :  0.930918 Cost :  0.16616 Current Step :  340

Current Accuracy :  0.952904 Cost :  0.127619 Current Step :  360

Current Accuracy :  0.961399 Cost :  0.103097 Current Step :  380

Current Accuracy :  0.964397 Cost :  0.0933193 Current Step :  400

Current Accuracy :  0.970518 Cost :  0.0812845 Current Step :  420

Test Accuracy:  0.945
 860

Current Accuracy :  0.977639 cost :  0.0586049 Current Step :  880

Current Accuracy :  0.980387 cost :  0.0521654 Current Step :  900

Current Accuracy :  0.974141 cost :  0.060643 Current Step :  920

Current Accuracy :  0.972642 cost :  0.0704113 Current Step :  940

Current Accuracy :  0.957901 cost :  0.105969 Current Step :  960

Current Accuracy :  0.969394 cost :  0.0816671 Current Step :  980

Train Accuracy:  0.972642

Test Accuracy:  0.9395

Current Accuracy :  0.462336 Cost :  68.6142 Current Step :  0

Current Accuracy :  0.616365 Cost :  0.655711 Current Step :  20

Current Accuracy :  0.756902 Cost :  0.518848 Current Step :  40

Current Accuracy :  0.843848 Cost :  0.397867 Current Step :  60

Current Accuracy :  0.8797 Cost :  0.325315 Current Step :  80

Current Accuracy :  0.902186 Cost :  0.260252 Current Step :  100

Current Accuracy :  0.921924 Cost :  0.224157 Current Step :  120

Current Accuracy :  0.941287 Cost :  0.175962 Current Step :  140

Current Accuracy :  0.913804 Cost :  0.235305 Current Step :  160

Current Accuracy :  0.953279 Cost :  0.132694 Current Step :  180

Current Accuracy :  0.964647 Cost :  0.114981 Current Step :  200

Current Accuracy :  0.965272 Cost :  0.107098 Current Step :  220

Current Accuracy :  0.971018 Cost :  0.0907 Current Step :  240

Current Accuracy :  0.970393 Cost :  0.0909656 Current Step :  260

Current Accuracy :  0.970019 Cost :  0.0895827 Current Step :  280

Current Accuracy :  0.965147 Cost :  0.0983647 Current Step :  300

Current Accuracy :  0.96802 Cost :  0.0895376 Current Step :  320

Current Accuracy :  0.957277 Cost :  0.125291 Current Step :  340

Current Accuracy :  0.970893 Cost :  0.0847231 Current Step :  360

Current Accuracy :  0.968395 Cost :  0.0968389 Current Step :  380

Current Accuracy :  0.972142 Cost :  0.0789204 Current Step :  400

Current Accuracy :  0.977639 Cost :  0.0701246 Current Step :  420

Current Accuracy :  0.965147 Cost :  0.0961168 Current Step :  440

Current Accuracy :  0.977889 Cost :  0.0772356 Current Step :  460

Current Accuracy :  0.97664 Cost :  0.0671112 Current Step :  480

Current Accuracy :  0.977764 Cost :  0.0716438 Current Step :  500

Current Accuracy :  0.952155 Cost :  0.154757 Current Step :  520

Current Accuracy :  0.973017 Cost :  0.0830115 Current Step :  540

Current Accuracy :  0.972517 Cost :  0.0839339 Current Step :  560

Current Accuracy :  0.979763 Cost :  0.0602989 Current Step :  580

Current Accuracy :  0.977264 Cost :  0.0682111 Current Step :  600

Current Accuracy :  0.972142 Cost :  0.0833691 Current Step :  620

Current Accuracy :  0.96777 Cost :  0.0884011 Current Step :  640

Current Accuracy :  0.961774 Cost :  0.107282 Current Step :  660

Current Accuracy :  0.973891 Cost :  0.0747061 Current Step :  680

Current Accuracy :  0.973142 Cost :  0.0801922 Current Step :  700

Current Accuracy :  0.976015 Cost :  0.0669915 Current Step :  720

Current Accuracy :  0.978888 Cost :  0.0640047 Current Step :  740

Current Accuracy :  0.978139 Cost :  0.0712476 Current Step :  760

Current Accuracy :  0.977264 Cost :  0.0728045 Current Step :  780

Current Accuracy :  0.962274 Cost :  0.107502 Current Step :  800

Current Accuracy :  0.973891 Cost :  0.0731226 Current Step :  820

Current Accuracy :  0.972017 Cost :  0.0806715 Current Step :  840

Current Accuracy :  0.968894 Cost :  0.0931286 Current Step :  860

Current Accuracy :  0.97664 Cost :  0.0706469 Current Step :  880

Current Accuracy :  0.970393 Cost :  0.0878801 Current Step :  900

Current Accuracy :  0.96827 Cost :  0.0924803 Current Step :  920

Current Accuracy :  0.980637 Cost :  0.0571577 Current Step :  940

Current Accuracy :  0.981137 Cost :  0.0541786 Current Step :  960

Current Accuracy :  0.981761 Cost :  0.0546422 Current Step :  980

Train Accuracy:  0.984635

Test Accuracy:  0.948

Current Accuracy :  0.462336 cost :  257.208 Current Step :  0

Current Accuracy :  0.537664 cost :  0.690857 Current Step :  20

Current Accuracy :  0.537664 cost :  0.690195 Current Step :  40

Current Accuracy :  0.537664 cost :  0.685723 Current Step :  60

Current Accuracy :  0.537664 cost :  0.682534 Current Step :  80

Current Accuracy :  0.537664 cost :  0.635621 Current Step :  100

Current Accuracy :  0.698938 cost :  0.587664 Current Step :  120

Current Accuracy :  0.732042 cost :  0.543217 Current Step :  140

Current Accuracy :  0.738414 cost :  0.525398 Current Step :  160

Current Accuracy :  0.752655 cost :  0.496844 Current Step :  180

Current Accuracy :  0.769894 cost :  0.474881 Current Step :  200

Current Accuracy :  0.783635 cost :  0.455258 Current Step :  220

Current Accuracy :  0.803123 cost :  0.426936 Current Step :  240

Current Accuracy :  0.796127 cost :  0.425783 Current Step :  260

Current Accuracy :  0.781012 cost :  0.455273 Current Step :  280

Current Accuracy :  0.795878 cost :  0.426544 Current Step :  300

Current Accuracy :  0.802249 cost :  0.41647 Current Step :  320

Current Accuracy :  0.804997 cost :  0.378352 Current Step :  340

Current Accuracy :  0.799875 cost :  0.307939 Current Step :  360

Current Accuracy :  0.811618 cost :  0.258824 Current Step :  380

Current Accuracy :  0.84847 cost :  0.201302 Current Step :  400

Current Accuracy :  0.915803 cost :  0.240518 Current Step :  420

Current Accuracy :  0.947283 cost :  0.161161 Current Step :  440

Current Accuracy :  0.960525 cost :  0.138325 Current Step :  460

Current Accuracy :  0.953279 cost :  0.162162 Current Step :  480

Current Accuracy :  0.955903 cost :  0.144929 Current Step :  500

Current Accuracy :  0.96777 cost :  0.11994 Current Step :  520

Current Accuracy :  0.965147 cost :  0.128013 Current Step :  540

Current Accuracy :  0.973517 cost :  0.0997898 Current Step :  560

Current Accuracy :  0.971143 cost :  0.115289 Current Step :  580

Current Accuracy :  0.972642 cost :  0.0993269 Current Step :  600

Current Accuracy :  0.973142 cost :  0.100222 Current Step :  620

Current Accuracy :  0.972142 cost :  0.100556 Current Step :  640

Current Accuracy :  0.977139 cost :  0.0864673 Current Step :  660

Current Accuracy :  0.97639 cost :  0.08506 Current Step :  680

Current Accuracy :  0.973891 cost :  0.088481 Current Step :  700

Current Accuracy :  0.97589 cost :  0.0918316 Current Step :  720

Current Accuracy :  0.96065 cost :  0.126605 Current Step :  740

Current Accuracy :  0.969019 cost :  0.11059 Current Step :  760

Current Accuracy :  0.966021 cost :  0.112721 Current Step :  780

Current Accuracy :  0.958776 cost :  0.1312 Current Step :  800

Current Accuracy :  0.960025 cost :  0.120911 Current Step :  820

Current Accuracy :  0.95153 cost :  0.137886 Current Step :  840

Current Accuracy :  0.964772 cost :  0.11297 Current Step :  860

Current Accuracy :  0.969769 cost :  0.0958038 Current Step :  880

Current Accuracy :  0.970643 cost :  0.0889119 Current Step :  900

Current Accuracy :  0.969644 cost :  0.0913722 Current Step :  920

Current Accuracy :  0.970144 cost :  0.0842118 Current Step :  940

Current Accuracy :  0.968769 cost :  0.0867759 Current Step :  960

Current Accuracy :  0.968769 cost :  0.0961429 Current Step :  980

Train Accuracy:  0.970393

Test Accuracy:  0.9425

Current Accuracy :  0.462336 Cost :  249.844 Current Step :  0

Current Accuracy :  0.655465 Cost :  0.673448 Current Step :  20

Current Accuracy :  0.779638 Cost :  0.485275 Current Step :  40

Current Accuracy :  0.843973 Cost :  0.363656 Current Step :  60

Current Accuracy :  0.886946 Cost :  0.292729 Current Step :  80

Current Accuracy :  0.881324 Cost :  0.282965 Current Step :  100

Current Accuracy :  0.915428 Cost :  0.229023 Current Step :  120

Current Accuracy :  0.899438 Cost :  0.258685 Current Step :  140

Current Accuracy :  0.926921 Cost :  0.193872 Current Step :  160

Current Accuracy :  0.93529 Cost :  0.171536 Current Step :  180

Current Accuracy :  0.946658 Cost :  0.141034 Current Step :  200

Current Accuracy :  0.917676 Cost :  0.19333 Current Step :  220

Current Accuracy :  0.939288 Cost :  0.156077 Current Step :  240

Current Accuracy :  0.95178 Cost :  0.135249 Current Step :  260

Current Accuracy :  0.948157 Cost :  0.146126 Current Step :  280

Current Accuracy :  0.947283 Cost :  0.12808 Current Step :  300

Current Accuracy :  0.956152 Cost :  0.117493 Current Step :  320

Current Accuracy :  0.955028 Cost :  0.116586 Current Step :  340

Current Accuracy :  0.963898 Cost :  0.100002 Current Step :  360

Current Accuracy :  0.9594 Cost :  0.10807 Current Step :  380

Current Accuracy :  0.963398 Cost :  0.106602 Current Step :  400

Current Accuracy :  0.966521 Cost :  0.0930756 Current Step :  420

Current Accuracy :  0.891693 Cost :  0.266142 Current Step :  440

Current Accuracy :  0.930294 Cost :  0.174621 Current Step :  460

Current Accuracy :  0.943785 Cost :  0.14425 Current Step :  480

Current Accuracy :  0.948157 Cost :  0.137893 Current Step :  500

Current Accuracy :  0.940037 Cost :  0.156146 Current Step :  520

Current Accuracy :  0.945284 Cost :  0.138958 Current Step :  540

Current Accuracy :  0.955653 Cost :  0.116841 Current Step :  560

Current Accuracy :  0.961899 Cost :  0.103492 Current Step :  580

Current Accuracy :  0.961524 Cost :  0.103471 Current Step :  600

Current Accuracy :  0.964647 Cost :  0.100673 Current Step :  620

Current Accuracy :  0.965896 Cost :  0.0943218 Current Step :  640

Current Accuracy :  0.963148 Cost :  0.0991179 Current Step :  660

Current Accuracy :  0.958026 Cost :  0.115836 Current Step :  680

Current Accuracy :  0.962523 Cost :  0.10651 Current Step :  700

Current Accuracy :  0.964022 Cost :  0.102262 Current Step :  720

Current Accuracy :  0.963523 Cost :  0.0963582 Current Step :  740

Current Accuracy :  0.963648 Cost :  0.0972655 Current Step :  760

Current Accuracy :  0.961774 Cost :  0.10585 Current Step :  780

Current Accuracy :  0.954404 Cost :  0.113127 Current Step :  800

Current Accuracy :  0.964272 Cost :  0.10671 Current Step :  820

Current Accuracy :  0.96752 Cost :  0.0908991 Current Step :  840

Current Accuracy :  0.96802 Cost :  0.0885921 Current Step :  860

Current Accuracy :  0.9594 Cost :  0.105385 Current Step :  880

Current Accuracy :  0.963398 Cost :  0.110307 Current Step :  900

Current Accuracy :  0.962648 Cost :  0.101133 Current Step :  920

Current Accuracy :  0.966146 Cost :  0.0930553 Current Step :  940

Current Accuracy :  0.964272 Cost :  0.100888 Current Step :  960

Current Accuracy :  0.96727 Cost :  0.0897173 Current Step :  980

Train Accuracy:  0.963648

Test Accuracy:  0.887

Current Accuracy :  0.466583 cost :  7.28758 Current Step :  0

Current Accuracy :  0.553779 cost :  0.853459 Current Step :  20

Current Accuracy :  0.646346 cost :  0.723853 Current Step :  40

Current Accuracy :  0.719051 cost :  0.618154 Current Step :  60

Current Accuracy :  0.786883 cost :  0.53378 Current Step :  80

Current Accuracy :  0.829482 cost :  0.446573 Current Step :  100

Current Accuracy :  0.857839 cost :  0.369297 Current Step :  120

Current Accuracy :  0.87158 cost :  0.343665 Current Step :  140

Current Accuracy :  0.886446 cost :  0.33522 Current Step :  160

Current Accuracy :  0.903061 cost :  0.279502 Current Step :  180

Current Accuracy :  0.860087 cost :  0.350499 Current Step :  200

Current Accuracy :  0.912305 cost :  0.257686 Current Step :  220

Current Accuracy :  0.922049 cost :  0.234672 Current Step :  240

Current Accuracy :  0.931793 cost :  0.192029 Current Step :  260

Current Accuracy :  0.930668 cost :  0.190803 Current Step :  280

Current Accuracy :  0.927295 cost :  0.18533 Current Step :  300

Current Accuracy :  0.927545 cost :  0.174849 Current Step :  320

Current Accuracy :  0.938913 cost :  0.14493 Current Step :  340

Current Accuracy :  0.933916 cost :  0.156469 Current Step :  360

Current Accuracy :  0.941162 cost :  0.135847 Current Step :  380

Current Accuracy :  0.947033 cost :  0.118153 Current Step :  400

Current Accuracy :  0.941911 cost :  0.12571 Current Step :  420

Current Accuracy :  0.947533 cost :  0.109599 Current Step :  440

Current Accuracy :  0.940662 cost :  0.120304 Current Step :  460

Current Accuracy :  0.941661 cost :  0.117627 Current Step :  480

Current Accuracy :  0.945534 cost :  0.100901 Current Step :  500

Current Accuracy :  0.94341 cost :  0.105971 Current Step :  520

Current Accuracy :  0.945909 cost :  0.0951144 Current Step :  540

Current Accuracy :  0.950406 cost :  0.0822468 Current Step :  560

Current Accuracy :  0.69644 cost :  0.534608 Current Step :  580

Current Accuracy :  0.862461 cost :  0.331756 Current Step :  600

Current Accuracy :  0.935041 cost :  0.165437 Current Step :  620

Current Accuracy :  0.954778 cost :  0.107611 Current Step :  640

Current Accuracy :  0.962274 cost :  0.0841255 Current Step :  660

Current Accuracy :  0.972392 cost :  0.0733446 Current Step :  680

Current Accuracy :  0.980387 cost :  0.0536486 Current Step :  700

Current Accuracy :  0.977139 cost :  0.060161 Current Step :  720

Current Accuracy :  0.976015 cost :  0.0545298 Current Step :  740

Current Accuracy :  0.978513 cost :  0.0558901 Current Step :  760

Current Accuracy :  0.977889 cost :  0.0543163 Current Step :  780

Current Accuracy :  0.975016 cost :  0.0626934 Current Step :  800

Current Accuracy :  0.982511 cost :  0.044411 Current Step :  820

Current Accuracy :  0.982886 cost :  0.0431532 Current Step :  840

Current Accuracy :  0.98451 cost :  0.0461265 Current Step :  860

Current Accuracy :  0.986758 cost :  0.0371662 Current Step :  880

Current Accuracy :  0.985259 cost :  0.0388303 Current Step :  900

Current Accuracy :  0.986383 cost :  0.0387972 Current Step :  920

Current Accuracy :  0.984385 cost :  0.0411922 Current Step :  940

Current Accuracy :  0.986508 cost :  0.0395922 Current Step :  960

Current Accuracy :  0.987508 cost :  0.0359509 Current Step :  980

Train Accuracy:  0.987508

Test Accuracy:  0.9525

Current Accuracy :  0.462336 Cost :  467.865 Current Step :  0

Current Accuracy :  0.582886 Cost :  0.686674 Current Step :  20

Current Accuracy :  0.764772 Cost :  0.533281 Current Step :  40

Current Accuracy :  0.827108 Cost :  0.427139 Current Step :  60

Current Accuracy :  0.867958 Cost :  0.360611 Current Step :  80

Current Accuracy :  0.892192 Cost :  0.307996 Current Step :  100

Current Accuracy :  0.898314 Cost :  0.285197 Current Step :  120

Current Accuracy :  0.916302 Cost :  0.238615 Current Step :  140

Current Accuracy :  0.892192 Cost :  0.294249 Current Step :  160

Current Accuracy :  0.91243 Cost :  0.238037 Current Step :  180

Current Accuracy :  0.931293 Cost :  0.190835 Current Step :  200

Current Accuracy :  0.935665 Cost :  0.180048 Current Step :  220

Current Accuracy :  0.947033 Cost :  0.157575 Current Step :  240

Current Accuracy :  0.947658 Cost :  0.153723 Current Step :  260

Current Accuracy :  0.945284 Cost :  0.152196 Current Step :  280

Current Accuracy :  0.947408 Cost :  0.162321 Current Step :  300

Current Accuracy :  0.935665 Cost :  0.179493 Current Step :  320

Current Accuracy :  0.945159 Cost :  0.154113 Current Step :  340

Current Accuracy :  0.95128 Cost :  0.135373 Current Step :  360

Current Accuracy :  0.957277 Cost :  0.121224 Current Step :  380

Current Accuracy :  0.954279 Cost :  0.126107 Current Step :  400

Current Accuracy :  0.954528 Cost :  0.124391 Current Step :  420

Current Accuracy :  0.952155 Cost :  0.127423 Current Step :  440

Current Accuracy :  0.95203 Cost :  0.123332 Current Step :  460

Current Accuracy :  0.955653 Cost :  0.121585 Current Step :  480

Current Accuracy :  0.954279 Cost :  0.121047 Current Step :  500

Current Accuracy :  0.956902 Cost :  0.113756 Current Step :  520

Current Accuracy :  0.956527 Cost :  0.112641 Current Step :  540

Current Accuracy :  0.960025 Cost :  0.103615 Current Step :  560

Current Accuracy :  0.961024 Cost :  0.100834 Current Step :  580

Current Accuracy :  0.964272 Cost :  0.101436 Current Step :  600

Current Accuracy :  0.967146 Cost :  0.0924258 Current Step :  620

Current Accuracy :  0.970144 Cost :  0.0866496 Current Step :  640

Current Accuracy :  0.964022 Cost :  0.0958848 Current Step :  660

Current Accuracy :  0.95253 Cost :  0.126205 Current Step : sys:1: DtypeWarning: Columns (2) have mixed types. Specify dtype option on import or set low_memory=False.
 680

Current Accuracy :  0.961649 Cost :  0.106626 Current Step :  700

Current Accuracy :  0.968645 Cost :  0.091373 Current Step :  720

Current Accuracy :  0.963023 Cost :  0.105461 Current Step :  740

Current Accuracy :  0.963898 Cost :  0.0994088 Current Step :  760

Current Accuracy :  0.969894 Cost :  0.0847395 Current Step :  780

Current Accuracy :  0.969894 Cost :  0.0858136 Current Step :  800

Current Accuracy :  0.970768 Cost :  0.0861112 Current Step :  820

Current Accuracy :  0.943535 Cost :  0.135735 Current Step :  840

Current Accuracy :  0.956277 Cost :  0.123038 Current Step :  860

Current Accuracy :  0.957402 Cost :  0.113009 Current Step :  880

Current Accuracy :  0.963898 Cost :  0.100498 Current Step :  900

Current Accuracy :  0.96752 Cost :  0.092236 Current Step :  920

Current Accuracy :  0.964147 Cost :  0.101131 Current Step :  940

Current Accuracy :  0.963523 Cost :  0.101526 Current Step :  960

Current Accuracy :  0.962773 Cost :  0.0963516 Current Step :  980

Train Accuracy:  0.966521

Test Accuracy:  0.906
