sys:1: DtypeWarning: Columns (2) have mixed types. Specify dtype option on import or set low_memory=False.
2017-11-09 16:03:59.577614: W tensorflow/core/platform/cpu_feature_guard.cc:45] The TensorFlow library wasn't compiled to use SSE4.1 instructions, but these are available on your machine and could speed up CPU computations.
2017-11-09 16:03:59.577798: W tensorflow/core/platform/cpu_feature_guard.cc:45] The TensorFlow library wasn't compiled to use SSE4.2 instructions, but these are available on your machine and could speed up CPU computations.
2017-11-09 16:03:59.577817: W tensorflow/core/platform/cpu_feature_guard.cc:45] The TensorFlow library wasn't compiled to use AVX instructions, but these are available on your machine and could speed up CPU computations.
2017-11-09 16:03:59.577830: W tensorflow/core/platform/cpu_feature_guard.cc:45] The TensorFlow library wasn't compiled to use AVX2 instructions, but these are available on your machine and could speed up CPU computations.
2017-11-09 16:03:59.577843: W tensorflow/core/platform/cpu_feature_guard.cc:45] The TensorFlow library wasn't compiled to use FMA instructions, but these are available on your machine and could speed up CPU computations.

Current Accuracy :  0.485197 cost :  0.859552 Current Step :  0

Current Accuracy :  0.888195 cost :  0.294322 Current Step :  20

Current Accuracy :  0.934666 cost :  0.185565 Current Step :  40

Current Accuracy :  0.941786 cost :  0.161721 Current Step :  60

Current Accuracy :  0.941287 cost :  0.155013 Current Step :  80

Current Accuracy :  0.937414 cost :  0.156705 Current Step :  100

Current Accuracy :  0.948157 cost :  0.133123 Current Step :  120

Current Accuracy :  0.950531 cost :  0.130828 Current Step :  140

Current Accuracy :  0.949656 cost :  0.117589 Current Step :  160

Current Accuracy :  0.956527 cost :  0.10592 Current Step :  180

Current Accuracy :  0.948532 cost :  0.131915 Current Step :  200

Current Accuracy :  0.940287 cost :  0.130942 Current Step :  220

Current Accuracy :  0.949781 cost :  0.119247 Current Step :  240

Current Accuracy :  0.955153 cost :  0.117223 Current Step :  260

Current Accuracy :  0.956028 cost :  0.121477 Current Step :  280

Current Accuracy :  0.95153 cost :  0.12449 Current Step :  300

Current Accuracy :  0.95178 cost :  0.118365 Current Step :  320

Current Accuracy :  0.963148 cost :  0.0994578 Current Step :  340

Test Accuracy:  0.9395

Current Accuracy :  0.525297 cost :  0.703192 Current Step :  0

Current Accuracy :  0.534916 cost :  0.679965 Current Step :  20

Current Accuracy :  0.534916 cost :  0.672383 Current Step :  40

Current Accuracy :  0.681949 cost :  0.598836 Current Step :  60

Current Accuracy :  0.867583 cost :  0.355077 Current Step :  80

Current Accuracy :  0.936415 cost :  0.180258 Current Step :  100

Current Accuracy :  0.941037 cost :  0.158662 Current Step :  120

Current Accuracy :  0.944285 cost :  0.144473 Current Step :  140

Current Accuracy :  0.947283 cost :  0.136084 Current Step :  160

Current Accuracy :  0.9604 cost :  0.101441 Current Step :  180

Test Accuracy:  0.95

Current Accuracy :  0.508557 cost :  0.764868 Current Step :  0

Current Accuracy :  0.883823 cost :  0.316624 Current Step :  20

Current Accuracy :  0.940162 cost :  0.173228 Current Step :  40

Current Accuracy :  0.841974 cost :  0.323234 Current Step :  60

Current Accuracy :  0.955653 cost :  0.12699 Current Step :  80

Current Accuracy :  0.954029 cost :  0.117179 Current Step :  100

Current Accuracy :  0.954778 cost :  0.120603 Current Step :  120

Current Accuracy :  0.963148 cost :  0.104785 Current Step :  140

Test Accuracy:  0.9405

Current Accuracy :  0.484322 cost :  0.75622 Current Step :  0

Current Accuracy :  0.837851 cost :  0.421898 Current Step :  20

Current Accuracy :  0.882948 cost :  0.301249 Current Step :  40

Current Accuracy :  0.915678 cost :  0.209603 Current Step :  60

Current Accuracy :  0.937164 cost :  0.167462 Current Step :  80

Current Accuracy :  0.942161 cost :  0.149543 Current Step :  100

Current Accuracy :  0.941412 cost :  0.149328 Current Step :  120

Current Accuracy :  0.95203 cost :  0.127838 Current Step :  140

Current Accuracy :  0.949157 cost :  0.131078 Current Step :  160

Current Accuracy :  0.957527 cost :  0.124696 Current Step :  180

Current Accuracy :  0.954404 cost :  0.113281 Current Step :  200

Current Accuracy :  0.961774 cost :  0.104734 Current Step :  220

Test Accuracy:  0.9465

Current Accuracy :  0.484322 cost :  0.794598 Current Step :  0

Current Accuracy :  0.853217 cost :  0.423826 Current Step :  20

Current Accuracy :  0.903435 cost :  0.280799 Current Step :  40

Current Accuracy :  0.918801 cost :  0.220717 Current Step :  60

Current Accuracy :  0.930044 cost :  0.196743 Current Step :  80

Current Accuracy :  0.939413 cost :  0.168279 Current Step :  100

Current Accuracy :  0.957901 cost :  0.122404 Current Step :  120

Current Accuracy :  0.954404 cost :  0.132388 Current Step :  140

Current Accuracy :  0.9599 cost :  0.120323 Current Step :  160

Current Accuracy :  0.954653 cost :  0.134792 Current Step :  180

Current Accuracy :  0.956277 cost :  0.115695 Current Step :  200

Current Accuracy :  0.951405 cost :  0.136519 Current Step :  220

Current Accuracy :  0.961024 cost :  0.108464 Current Step :  240

Test Accuracy:  0.943

Current Accuracy :  0.474703 cost :  1.6245 Current Step :  0

Current Accuracy :  0.885322 cost :  0.310382 Current Step :  20

Current Accuracy :  0.920924 cost :  0.214387 Current Step :  40

Current Accuracy :  0.939538 cost :  0.170172 Current Step :  60

Current Accuracy :  0.946658 cost :  0.145591 Current Step :  80

Current Accuracy :  0.947158 cost :  0.137011 Current Step :  100

Current Accuracy :  0.950656 cost :  0.129392 Current Step :  120

Current Accuracy :  0.942911 cost :  0.146646 Current Step :  140

Current Accuracy :  0.958651 cost :  0.115598 Current Step :  160

Current Accuracy :  0.957527 cost :  0.110495 Current Step :  180

Current Accuracy :  0.962523 cost :  0.0988009 Current Step :  200

Test Accuracy:  0.945

Current Accuracy :  0.470081 cost :  1.17342 Current Step :  0

Current Accuracy :  0.891818 cost :  0.285096 Current Step :  20

Current Accuracy :  0.921174 cost :  0.212687 Current Step :  40

Current Accuracy :  0.942911 cost :  0.155868 Current Step :  60

Current Accuracy :  0.936665 cost :  0.163766 Current Step :  80

Current Accuracy :  0.946284 cost :  0.141196 Current Step :  100

Current Accuracy :  0.956402 cost :  0.116927 Current Step :  120

Current Accuracy :  0.955278 cost :  0.118406 Current Step :  140

Current Accuracy :  0.965522 cost :  0.0949257 Current Step :  160

Test Accuracy:  0.953

Current Accuracy :  0.470706 cost :  1.02664 Current Step :  0

Current Accuracy :  0.891443 cost :  0.311109 Current Step :  20

Current Accuracy :  0.913304 cost :  0.219287 Current Step :  40

Current Accuracy :  0.93529 cost :  0.175399 Current Step :  60

Current Accuracy :  0.937664 cost :  0.174493 Current Step :  80

Current Accuracy :  0.94441 cost :  0.145577 Current Step :  100

Current Accuracy :  0.947033 cost :  0.140683 Current Step :  120

Current Accuracy :  0.947283 cost :  0.144233 Current Step :  140

Current Accuracy :  0.950781 cost :  0.134472 Current Step :  160

Current Accuracy :  0.945409 cost :  0.142104 Current Step :  180

Current Accuracy :  0.95153 cost :  0.134239 Current Step :  200

Current Accuracy :  0.957776 cost :  0.121912 Current Step :  220

Current Accuracy :  0.963648 cost :  0.104082 Current Step :  240

Test Accuracy:  0.9275

Current Accuracy :  0.531793 cost :  1.26043 Current Step :  0

Current Accuracy :  0.892442 cost :  0.275273 Current Step :  20

Current Accuracy :  0.91955 cost :  0.209109 Current Step :  40

Current Accuracy :  0.938289 cost :  0.173419 Current Step :  60

Current Accuracy :  0.934291 cost :  0.169752 Current Step :  80

Current Accuracy :  0.945784 cost :  0.142841 Current Step :  100

Current Accuracy :  0.951655 cost :  0.119459 Current Step :  120

Current Accuracy :  0.948782 cost :  0.12438 Current Step :  140

Current Accuracy :  0.925796 cost :  0.184107 Current Step :  160

Current Accuracy :  0.952904 cost :  0.121179 Current Step :  180

Current Accuracy :  0.945284 cost :  0.139626 Current Step :  200

Current Accuracy :  0.955278 cost :  0.119027 Current Step :  220

Current Accuracy :  0.956028 cost :  0.115732 Current Step :  240

Current Accuracy :  0.951156 cost :  0.120155 Current Step :  260

Current Accuracy :  0.946034 cost :  0.127536 Current Step :  280

Current Accuracy :  0.958401 cost :  0.10867 Current Step :  300

Current Accuracy :  0.961399 cost :  0.0981389 Current Step :  320

Test Accuracy:  0.9435

Current Accuracy :  0.471206 cost :  0.928009 Current Step :  0

Current Accuracy :  0.900937 cost :  0.257701 Current Step :  20

Current Accuracy :  0.917302 cost :  0.205168 Current Step :  40

Current Accuracy :  0.913054 cost :  0.216854 Current Step :  60

Current Accuracy :  0.929169 cost :  0.179046 Current Step :  80

Current Accuracy :  0.937164 cost :  0.162599 Current Step :  100

Current Accuracy :  0.931418 cost :  0.180992 Current Step :  120

Current Accuracy :  0.94441 cost :  0.158564 Current Step :  140

Current Accuracy :  0.937664 cost :  0.159334 Current Step :  160

Current Accuracy :  0.941412 cost :  0.15629 Current Step :  180

Current Accuracy :  0.922798 cost :  0.198908 Current Step :  200

Current Accuracy :  0.936165 cost :  0.172069 Current Step :  220

Current Accuracy :  0.941162 cost :  0.152292 Current Step :  240

Current Accuracy :  0.93654 cost :  0.218369 Current Step :  260

Current Accuracy :  0.947908 cost :  0.141536 Current Step :  280

Current Accuracy :  0.958901 cost :  0.112441 Current Step :  300

Current Accuracy :  0.9599 cost :  0.119189 Current Step :  320

Current Accuracy :  0.959026 cost :  0.113058 Current Step :  340

Current Accuracy :  0.958026 cost :  0.115933 Current Step :  360

Current Accuracy :  0.955278 cost :  0.132392 Current Step :  380

Current Accuracy :  0.965896 cost :  0.111891 Current Step :  400

Test Accuracy:  0.9215

Current Accuracy :  0.535415 cost :  0.977148 Current Step :  0

Current Accuracy :  0.898813 cost :  0.2637 Current Step :  20

Current Accuracy :  0.926171 cost :  0.20132 Current Step :  40

Current Accuracy :  0.946034 cost :  0.154466 Current Step :  60

Current Accuracy :  0.955653 cost :  0.129484 Current Step :  80

Current Accuracy :  0.955778 cost :  0.135723 Current Step :  100

Current Accuracy :  0.952155 cost :  0.131956 Current Step :  120

Current Accuracy :  0.956028 cost :  0.126262 Current Step :  140

Current Accuracy :  0.932792 cost :  0.171133 Current Step :  160

Current Accuracy :  0.948032 cost :  0.13937 Current Step :  180

Current Accuracy :  0.955778 cost :  0.12537 Current Step :  200

Current Accuracy :  0.958151 cost :  0.119869 Current Step :  220

Current Accuracy :  0.962274 cost :  0.109295 Current Step :  240

Test Accuracy:  0.9075

Current Accuracy :  0.533916 cost :  1.34344 Current Step :  0

Current Accuracy :  0.88857 cost :  0.292127 Current Step :  20

Current Accuracy :  0.925796 cost :  0.203743 Current Step :  40

Current Accuracy :  0.939288 cost :  0.161409 Current Step :  60

Current Accuracy :  0.948157 cost :  0.136209 Current Step :  80

Current Accuracy :  0.950531 cost :  0.133342 Current Step :  100

Current Accuracy :  0.947783 cost :  0.134221 Current Step :  120

Current Accuracy :  0.95965 cost :  0.107603 Current Step :  140

Current Accuracy :  0.961149 cost :  0.112302 Current Step :  160

Test Accuracy:  0.953

Current Accuracy :  0.506433 cost :  0.870451 Current Step :  0

Current Accuracy :  0.901187 cost :  0.264739 Current Step :  20

Current Accuracy :  0.917552 cost :  0.23243 Current Step :  40

Current Accuracy :  0.950656 cost :  0.135836 Current Step :  60

Current Accuracy :  0.955653 cost :  0.128229 Current Step :  80

Current Accuracy :  0.957527 cost :  0.119453 Current Step :  100

Current Accuracy :  0.938289 cost :  0.164582 Current Step :  120

Current Accuracy :  0.966146 cost :  0.0983485 Current Step :  140

Test Accuracy:  0.94

Current Accuracy :  0.486446 cost :  1.13948 Current Step :  0

Current Accuracy :  0.904685 cost :  0.257835 Current Step :  20

Current Accuracy :  0.938663 cost :  0.170911 Current Step :  40

Current Accuracy :  0.942161 cost :  0.15728 Current Step :  60

Current Accuracy :  0.926921 cost :  0.177195 Current Step :  80

Current Accuracy :  0.948782 cost :  0.137093 Current Step :  100

Current Accuracy :  0.945659 cost :  0.144781 Current Step :  120

Current Accuracy :  0.964022 cost :  0.107281 Current Step :  140

Test Accuracy:  0.9425

Current Accuracy :  0.52792 cost :  0.865243 Current Step :  0

Current Accuracy :  0.90456 cost :  0.247609 Current Step :  20

Current Accuracy :  0.938663 cost :  0.167689 Current Step :  40

Current Accuracy :  0.953654 cost :  0.131073 Current Step :  60

Current Accuracy :  0.94466 cost :  0.149363 Current Step :  80

Current Accuracy :  0.952904 cost :  0.130446 Current Step :  100

Current Accuracy :  0.963023 cost :  0.110957 Current Step :  120

Test Accuracy:  0.9385

Current Accuracy :  0.465209 cost :  1.71223 Current Step :  0

Current Accuracy :  0.866458 cost :  0.350149 Current Step :  20

Current Accuracy :  0.9203 cost :  0.232577 Current Step :  40

Current Accuracy :  0.932667 cost :  0.207576 Current Step :  60

Current Accuracy :  0.949781 cost :  0.140233 Current Step :  80

Current Accuracy :  0.958276 cost :  0.121797 Current Step :  100

Current Accuracy :  0.955278 cost :  0.122348 Current Step :  120

Current Accuracy :  0.954404 cost :  0.127438 Current Step :  140

Current Accuracy :  0.953529 cost :  0.126019 Current Step :  160

Current Accuracy :  0.957402 cost :  0.117964 Current Step :  180

Current Accuracy :  0.954778 cost :  0.123895 Current Step :  200

Current Accuracy :  0.959275 cost :  0.112366 Current Step :  220

Current Accuracy :  0.961774 cost :  0.111899 Current Step :  240

Test Accuracy:  0.9305

Current Accuracy :  0.466084 cost :  1.20469 Current Step :  0

Current Accuracy :  0.892567 cost :  0.270736 Current Step :  20

Current Accuracy :  0.923923 cost :  0.196392 Current Step :  40

Current Accuracy :  0.933542 cost :  0.172563 Current Step :  60

Current Accuracy :  0.937914 cost :  0.164692 Current Step :  80

Current Accuracy :  0.933167 cost :  0.173302 Current Step :  100

Current Accuracy :  0.930294 cost :  0.172263 Current Step :  120

Current Accuracy :  0.95228 cost :  0.122335 Current Step :  140

Current Accuracy :  0.951031 cost :  0.123032 Current Step :  160

Current Accuracy :  0.948032 cost :  0.134532 Current Step :  180

Current Accuracy :  0.957402 cost :  0.106867 Current Step :  200

Current Accuracy :  0.942661 cost :  0.135708 Current Step :  220

Current Accuracy :  0.936415 cost :  0.150857 Current Step :  240

Current Accuracy :  0.956402 cost :  0.114525 Current Step :  260

Current Accuracy :  0.9594 cost :  0.108868 Current Step :  280

Current Accuracy :  0.949656 cost :  0.126809 Current Step :  300

Current Accuracy :  0.940662 cost :  0.144 Current Step :  320

Current Accuracy :  0.950656 cost :  0.12234 Current Step :  340

Current Accuracy :  0.955653 cost :  0.109383 Current Step :  360

Current Accuracy :  0.96777 cost :  0.082677 Current Step :  380

Test Accuracy:  0.9515

Current Accuracy :  0.464585 cost :  0.88834 Current Step :  0

Current Accuracy :  0.867333 cost :  0.384977 Current Step :  20

Current Accuracy :  0.914928 cost :  0.235605 Current Step :  40

Current Accuracy :  0.936165 cost :  0.180361 Current Step :  60

Current Accuracy :  0.943285 cost :  0.151014 Current Step :  80

Current Accuracy :  0.953029 cost :  0.121317 Current Step :  100

Current Accuracy :  0.946533 cost :  0.128997 Current Step :  120

Current Accuracy :  0.947033 cost :  0.137328 Current Step :  140

Current Accuracy :  0.956028 cost :  0.121473 Current Step :  160

Current Accuracy :  0.950781 cost :  0.125096 Current Step :  180

Current Accuracy :  0.948032 cost :  0.129817 Current Step :  200

Current Accuracy :  0.955653 cost :  0.119695 Current Step :  220

Current Accuracy :  0.9604 cost :  0.109383 Current Step :  240

Test Accuracy:  0.9315

Current Accuracy :  0.479825 cost :  1.41788 Current Step :  0

Current Accuracy :  0.890943 cost :  0.324665 Current Step :  20

Current Accuracy :  0.929044 cost :  0.209446 Current Step :  40

Current Accuracy :  0.940912 cost :  0.164935 Current Step :  60

Current Accuracy :  0.946783 cost :  0.157655 Current Step :  80

Current Accuracy :  0.95965 cost :  0.117537 Current Step :  100

Current Accuracy :  0.951655 cost :  0.128033 Current Step :  120

Current Accuracy :  0.95128 cost :  0.131932 Current Step :  140

Current Accuracy :  0.956277 cost :  0.122244 Current Step :  160

Current Accuracy :  0.958151 cost :  0.113875 Current Step :  180

Current Accuracy :  0.964022 cost :  0.103556 Current Step :  200

Test Accuracy:  0.9535

Current Accuracy :  0.521924 cost :  0.827074 Current Step :  0

Current Accuracy :  0.907433 cost :  0.241469 Current Step :  20

Current Accuracy :  0.932292 cost :  0.18039 Current Step :  40

Current Accuracy :  0.924297 cost :  0.189685 Current Step :  60

Current Accuracy :  0.933791 cost :  0.180036 Current Step :  80

Current Accuracy :  0.948657 cost :  0.145131 Current Step :  100

Current Accuracy :  0.947158 cost :  0.151893 Current Step :  120

Current Accuracy :  0.943285 cost :  0.146306 Current Step :  140

Current Accuracy :  0.938289 cost :  0.167545 Current Step :  160

Current Accuracy :  0.94441 cost :  0.144632 Current Step :  180

Current Accuracy :  0.930543 cost :  0.168158 Current Step :  200

Current Accuracy :  0.942536 cost :  0.155951 Current Step :  220

Current Accuracy :  0.952155 cost :  0.12603 Current Step :  240

Current Accuracy :  0.956277 cost :  0.118007 Current Step :  260

Current Accuracy :  0.949282 cost :  0.13222 Current Step :  280

Current Accuracy :  0.960899 cost :  0.104324 Current Step :  300

Test Accuracy:  0.951

Current Accuracy :  0.486071 cost :  1.19227 Current Step :  0

Current Accuracy :  0.876202 cost :  0.314375 Current Step :  20

Current Accuracy :  0.930294 cost :  0.19433 Current Step :  40

Current Accuracy :  0.930044 cost :  0.180008 Current Step :  60

Current Accuracy :  0.946533 cost :  0.148968 Current Step :  80

Current Accuracy :  0.955403 cost :  0.133229 Current Step :  100

Current Accuracy :  0.949032 cost :  0.14521 Current Step :  120

Current Accuracy :  0.950781 cost :  0.136224 Current Step :  140

Current Accuracy :  0.95965 cost :  0.112693 Current Step :  160

Current Accuracy :  0.965022 cost :  0.10101 Current Step :  180

Test Accuracy:  0.938

Current Accuracy :  0.518551 cost :  0.842146 Current Step :  0

Current Accuracy :  0.535041 cost :  0.677553 Current Step :  20

Current Accuracy :  0.893567 cost :  0.308714 Current Step :  40

Current Accuracy :  0.932542 cost :  0.184077 Current Step :  60

Current Accuracy :  0.949407 cost :  0.142102 Current Step :  80

Current Accuracy :  0.951405 cost :  0.13605 Current Step :  100

Current Accuracy :  0.951655 cost :  0.131893 Current Step :  120

Current Accuracy :  0.960525 cost :  0.115002 Current Step :  140

Test Accuracy:  0.952

Current Accuracy :  0.521924 cost :  0.823866 Current Step :  0

Current Accuracy :  0.881824 cost :  0.304736 Current Step :  20

Current Accuracy :  0.926546 cost :  0.187336 Current Step :  40

Current Accuracy :  0.933417 cost :  0.160682 Current Step :  60

Current Accuracy :  0.942786 cost :  0.146453 Current Step :  80

Current Accuracy :  0.935041 cost :  0.16001 Current Step :  100

Current Accuracy :  0.956402 cost :  0.115089 Current Step :  120

Current Accuracy :  0.949781 cost :  0.129099 Current Step :  140

Current Accuracy :  0.946533 cost :  0.131544 Current Step :  160

Current Accuracy :  0.9594 cost :  0.105665 Current Step :  180

Current Accuracy :  0.950031 cost :  0.119799 Current Step :  200

Current Accuracy :  0.954154 cost :  0.12063 Current Step :  220

Current Accuracy :  0.95228 cost :  0.113897 Current Step :  240

Current Accuracy :  0.955778 cost :  0.10939 Current Step :  260

Current Accuracy :  0.964647 cost :  0.0977806 Current Step :  280

Test Accuracy:  0.939

Current Accuracy :  0.532542 cost :  0.845554 Current Step :  0

Current Accuracy :  0.890568 cost :  0.29794 Current Step :  20

Current Accuracy :  0.924797 cost :  0.199481 Current Step :  40

Current Accuracy :  0.938538 cost :  0.154167 Current Step :  60

Current Accuracy :  0.945409 cost :  0.144324 Current Step :  80

Current Accuracy :  0.954903 cost :  0.120707 Current Step :  100

Current Accuracy :  0.950406 cost :  0.125668 Current Step :  120

Current Accuracy :  0.954154 cost :  0.117388 Current Step :  140

Current Accuracy :  0.9594 cost :  0.114392 Current Step :  160

Current Accuracy :  0.95278 cost :  0.127526 Current Step :  180

Current Accuracy :  0.956402 cost :  0.134075 Current Step :  200

Current Accuracy :  0.942786 cost :  0.15324 Current Step :  220

Current Accuracy :  0.962898 cost :  0.107996 Current Step :  240

Test Accuracy:  0.9445

Current Accuracy :  0.490693 cost :  1.00784 Current Step :  0

Current Accuracy :  0.820362 cost :  0.481858 Current Step :  20

Current Accuracy :  0.898064 cost :  0.288788 Current Step :  40

Current Accuracy :  0.918801 cost :  0.215568 Current Step :  60

Current Accuracy :  0.947908 cost :  0.145853 Current Step :  80

Current Accuracy :  0.946034 cost :  0.152286 Current Step :  100

Current Accuracy :  0.944285 cost :  0.161913 Current Step :  120

Current Accuracy :  0.950531 cost :  0.140661 Current Step :  140

Current Accuracy :  0.957152 cost :  0.111245 Current Step :  160

Current Accuracy :  0.961024 cost :  0.115667 Current Step :  180

Test Accuracy:  0.9435

Current Accuracy :  0.525172 cost :  0.869147 Current Step :  0

Current Accuracy :  0.899563 cost :  0.266988 Current Step :  20

Current Accuracy :  0.941661 cost :  0.17262 Current Step :  40

Current Accuracy :  0.945909 cost :  0.15764 Current Step :  60

Current Accuracy :  0.941287 cost :  0.147425 Current Step :  80

Current Accuracy :  0.957027 cost :  0.120705 Current Step :  100

Current Accuracy :  0.947783 cost :  0.133867 Current Step :  120

Current Accuracy :  0.950156 cost :  0.139467 Current Step :  140

Current Accuracy :  0.951031 cost :  0.131853 Current Step :  160

Current Accuracy :  0.958776 cost :  0.112483 Current Step :  180

Current Accuracy :  0.961899 cost :  0.10891 Current Step :  200

Test Accuracy:  0.9545

Current Accuracy :  0.479076 cost :  1.17981 Current Step :  0

Current Accuracy :  0.898938 cost :  0.259909 Current Step :  20

Current Accuracy :  0.929669 cost :  0.18099 Current Step :  40

Current Accuracy :  0.924297 cost :  0.194249 Current Step :  60

Current Accuracy :  0.938164 cost :  0.155795 Current Step :  80

Current Accuracy :  0.942036 cost :  0.149981 Current Step :  100

Current Accuracy :  0.95178 cost :  0.128164 Current Step :  120

Current Accuracy :  0.950031 cost :  0.134448 Current Step :  140

Current Accuracy :  0.94341 cost :  0.141925 Current Step :  160

Current Accuracy :  0.949032 cost :  0.127148 Current Step :  180

Current Accuracy :  0.951655 cost :  0.127836 Current Step :  200

Current Accuracy :  0.948282 cost :  0.130276 Current Step :  220

Current Accuracy :  0.941537 cost :  0.143966 Current Step :  240

Current Accuracy :  0.94341 cost :  0.141524 Current Step :  260

Current Accuracy :  0.951156 cost :  0.121826 Current Step :  280

Current Accuracy :  0.955653 cost :  0.111078 Current Step :  300

Current Accuracy :  0.95278 cost :  0.11683 Current Step :  320

Current Accuracy :  0.961649 cost :  0.109065 Current Step :  340

Test Accuracy:  0.9445

Current Accuracy :  0.513554 cost :  0.878191 Current Step :  0

Current Accuracy :  0.895565 cost :  0.27655 Current Step :  20

Current Accuracy :  0.920799 cost :  0.209112 Current Step :  40

Current Accuracy :  0.925547 cost :  0.187753 Current Step :  60

Current Accuracy :  0.93529 cost :  0.156685 Current Step :  80

Current Accuracy :  0.956902 cost :  0.11791 Current Step :  100

Current Accuracy :  0.96015 cost :  0.109045 Current Step :  120

Test Accuracy:  0.937

Current Accuracy :  0.540287 cost :  1.27343 Current Step :  0

Current Accuracy :  0.910931 cost :  0.247042 Current Step :  20

Current Accuracy :  0.939788 cost :  0.160893 Current Step :  40

Current Accuracy :  0.952155 cost :  0.134537 Current Step :  60

Current Accuracy :  0.947658 cost :  0.143218 Current Step :  80

Current Accuracy :  0.95228 cost :  0.137435 Current Step :  100

Current Accuracy :  0.949781 cost :  0.132589 Current Step :  120

Current Accuracy :  0.952155 cost :  0.134287 Current Step :  140

Current Accuracy :  0.949906 cost :  0.127222 Current Step :  160

Current Accuracy :  0.950781 cost :  0.134138 Current Step :  180

Current Accuracy :  0.953904 cost :  0.125489 Current Step :  200

Current Accuracy :  0.945034 cost :  0.135677 Current Step :  220

Current Accuracy :  0.957901 cost :  0.103507 Current Step :  240

Current Accuracy :  0.96802 cost :  0.0899501 Current Step :  260

Test Accuracy:  0.9495

Current Accuracy :  0.527795 cost :  0.746052 Current Step :  0

Current Accuracy :  0.910931 cost :  0.230074 Current Step :  20

Current Accuracy :  0.922174 cost :  0.205442 Current Step :  40

Current Accuracy :  0.948657 cost :  0.137175 Current Step :  60

Current Accuracy :  0.93679 cost :  0.164849 Current Step :  80

Current Accuracy :  0.948282 cost :  0.132174 Current Step :  100

Current Accuracy :  0.947033 cost :  0.141435 Current Step :  120

Current Accuracy :  0.953779 cost :  0.125105 Current Step :  140

Current Accuracy :  0.946533 cost :  0.143248 Current Step :  160

Current Accuracy :  0.953529 cost :  0.125956 Current Step :  180

Current Accuracy :  0.955903 cost :  0.118099 Current Step :  200

Current Accuracy :  0.953404 cost :  0.126998 Current Step :  220

Current Accuracy :  0.947033 cost :  0.149379 Current Step :  240

Current Accuracy :  0.964522 cost :  0.11157 Current Step :  260

Test Accuracy:  0.9485

Current Accuracy :  0.537539 cost :  0.694551 Current Step :  0

Current Accuracy :  0.537539 cost :  0.690319 Current Step :  20

Current Accuracy :  0.537539 cost :  0.690317 Current Step :  40

Current Accuracy :  0.537539 cost :  0.690336 Current Step :  60

Current Accuracy :  0.537539 cost :  0.690337 Current Step :  80

Current Accuracy :  0.537539 cost :  0.690322 Current Step :  100

Current Accuracy :  0.537539 cost :  0.690324 Current Step :  120

Current Accuracy :  0.537539 cost :  0.690331 Current Step :  140

Current Accuracy :  0.537539 cost :  0.690329 Current Step :  160

Current Accuracy :  0.537539 cost :  0.690319 Current Step :  180

Current Accuracy :  0.537539 cost :  0.690319 Current Step :  200

Current Accuracy :  0.537539 cost :  0.690329 Current Step :  220

Current Accuracy :  0.537539 cost :  0.690322 Current Step :  240

Current Accuracy :  0.537539 cost :  0.690336 Current Step :  260

Current Accuracy :  0.537539 cost :  0.690322 Current Step :  280

Current Accuracy :  0.537539 cost :  0.690323 Current Step :  300

Current Accuracy :  0.537539 cost :  0.690327 Current Step :  320

Current Accuracy :  0.537539 cost :  0.690323 Current Step :  340

Current Accuracy :  0.537539 cost :  0.690324 Current Step :  360

Current Accuracy :  0.537539 cost :  0.690324 Current Step :  380

Current Accuracy :  0.537539 cost :  0.690324 Current Step :  400

Current Accuracy :  0.537539 cost :  0.690326 Current Step :  420

Current Accuracy :  0.537539 cost :  0.690327 Current Step :  440

Current Accuracy :  0.537539 cost :  0.690326 Current Step :  460

Current Accuracy :  0.537539 cost :  0.690326 Current Step :  480

Current Accuracy :  0.537539 cost :  0.690326 Current Step :  500

Current Accuracy :  0.537539 cost :  0.690327 Current Step :  520

Current Accuracy :  0.537539 cost :  0.690326 Current Step :  540

Current Accuracy :  0.537539 cost :  0.690327 Current Step :  560

Current Accuracy :  0.537539 cost :  0.690312 Current Step :  580

Current Accuracy :  0.537539 cost :  0.690329 Current Step :  600

Current Accuracy :  0.537539 cost :  0.690329 Current Step :  620

Current Accuracy :  0.537539 cost :  0.690329 Current Step :  640

Current Accuracy :  0.537539 cost :  0.690329 Current Step :  660

Current Accuracy :  0.537539 cost :  0.690328 Current Step :  680

Current Accuracy :  0.537539 cost :  0.690328 Current Step :  700

Current Accuracy :  0.537539 cost :  0.690328 Current Step :  720

Current Accuracy :  0.537539 cost :  0.690328 Current Step :  740

Current Accuracy :  0.537539 cost :  0.690328 Current Step :  760

Current Accuracy :  0.537539 cost :  0.690329 Current Step :  780

Current Accuracy :  0.537539 cost :  0.690329 Current Step :  800

Current Accuracy :  0.537539 cost :  0.690329 Current Step :  820

Current Accuracy :  0.537539 cost :  0.690329 Current Step :  840

Current Accuracy :  0.537539 cost :  0.690329 Current Step :  860

Current Accuracy :  0.537539 cost :  0.690329 Current Step :  880

Current Accuracy :  0.537539 cost :  0.690329 Current Step :  900

Current Accuracy :  0.537539 cost :  0.690329 Current Step :  920

Current Accuracy :  0.537539 cost :  0.690329 Current Step :  940

Current Accuracy :  0.537539 cost :  0.690329 Current Step :  960

Current Accuracy :  0.537539 cost :  0.690329 Current Step :  980

Train Accuracy:  0.537539

Test Accuracy:  0.5365

Current Accuracy :  0.465459 cost :  0.701209 Current Step :  0

Current Accuracy :  0.801249 cost :  0.468656 Current Step :  20

Current Accuracy :  0.894191 cost :  0.297674 Current Step :  40

Current Accuracy :  0.924422 cost :  0.218635 Current Step :  60

Current Accuracy :  0.925297 cost :  0.218895 Current Step :  80

Current Accuracy :  0.937039 cost :  0.198285 Current Step :  100

Current Accuracy :  0.938663 cost :  0.192488 Current Step :  120

Current Accuracy :  0.932667 cost :  0.200572 Current Step :  140

Current Accuracy :  0.929544 cost :  0.209744 Current Step :  160

Current Accuracy :  0.941537 cost :  0.190513 Current Step :  180

Current Accuracy :  0.939913 cost :  0.17984 Current Step :  200

Current Accuracy :  0.941786 cost :  0.175609 Current Step :  220

Current Accuracy :  0.949532 cost :  0.153887 Current Step :  240

Current Accuracy :  0.949157 cost :  0.150095 Current Step :  260

Current Accuracy :  0.960025 cost :  0.133548 Current Step :  280

Test Accuracy:  0.9495

Current Accuracy :  0.539038 cost :  0.912961 Current Step :  0

Current Accuracy :  0.862086 cost :  0.343163 Current Step :  20

Current Accuracy :  0.900187 cost :  0.247743 Current Step :  40

Current Accuracy :  0.912305 cost :  0.215229 Current Step :  60

Current Accuracy :  0.926046 cost :  0.175542 Current Step :  80

Current Accuracy :  0.923298 cost :  0.179474 Current Step :  100

Current Accuracy :  0.939913 cost :  0.149691 Current Step :  120

Current Accuracy :  0.940787 cost :  0.154855 Current Step :  140

Current Accuracy :  0.939788 cost :  0.14891 Current Step :  160

Current Accuracy :  0.938663 cost :  0.137411 Current Step :  180

Current Accuracy :  0.941661 cost :  0.143243 Current Step :  200

Current Accuracy :  0.948282 cost :  0.122979 Current Step :  220

Current Accuracy :  0.94366 cost :  0.117861 Current Step :  240

Current Accuracy :  0.938663 cost :  0.126489 Current Step :  260

Current Accuracy :  0.94341 cost :  0.131765 Current Step :  280

Current Accuracy :  0.937789 cost :  0.136808 Current Step :  300

Current Accuracy :  0.928919 cost :  0.147137 Current Step :  320

Current Accuracy :  0.946159 cost :  0.109952 Current Step :  340

Current Accuracy :  0.927295 cost :  0.140553 Current Step :  360

Current Accuracy :  0.954154 cost :  0.112002 Current Step :  380

Current Accuracy :  0.947283 cost :  0.103673 Current Step :  400

Current Accuracy :  0.956277 cost :  0.10574 Current Step :  420

Current Accuracy :  0.945034 cost :  0.117156 Current Step :  440

Current Accuracy :  0.956527 cost :  0.0948416 Current Step :  460

Current Accuracy :  0.956777 cost :  0.10785 Current Step :  480

Current Accuracy :  0.958276 cost :  0.103772 Current Step :  500

Current Accuracy :  0.961649 cost :  0.083855 Current Step :  520

Test Accuracy:  0.939

Current Accuracy :  0.540912 cost :  0.903799 Current Step :  0

Current Accuracy :  0.843223 cost :  0.409218 Current Step :  20

Current Accuracy :  0.902686 cost :  0.291898 Current Step :  40

Current Accuracy :  0.916052 cost :  0.261494 Current Step :  60

Current Accuracy :  0.917052 cost :  0.231703 Current Step :  80

Current Accuracy :  0.938538 cost :  0.188091 Current Step :  100

Current Accuracy :  0.951156 cost :  0.164012 Current Step :  120

Current Accuracy :  0.946783 cost :  0.175379 Current Step :  140

Current Accuracy :  0.941162 cost :  0.173212 Current Step :  160

Current Accuracy :  0.954279 cost :  0.163389 Current Step :  180

Current Accuracy :  0.965771 cost :  0.123083 Current Step :  200

Test Accuracy:  0.941

Current Accuracy :  0.537414 cost :  0.692472 Current Step :  0

Current Accuracy :  0.537414 cost :  0.690346 Current Step :  20

Current Accuracy :  0.537414 cost :  0.69035 Current Step :  40

Current Accuracy :  0.537414 cost :  0.69036 Current Step :  60

Current Accuracy :  0.537414 cost :  0.690351 Current Step :  80

Current Accuracy :  0.537414 cost :  0.690348 Current Step :  100

Current Accuracy :  0.537414 cost :  0.690341 Current Step :  120

Current Accuracy :  0.537414 cost :  0.690343 Current Step :  140

Current Accuracy :  0.537414 cost :  0.690346 Current Step :  160

Current Accuracy :  0.537414 cost :  0.690345 Current Step :  180

Current Accuracy :  0.537414 cost :  0.690355 Current Step :  200

Current Accuracy :  0.537414 cost :  0.690356 Current Step :  220

Current Accuracy :  0.537414 cost :  0.690356 Current Step :  240

Current Accuracy :  0.537414 cost :  0.690343 Current Step :  260

Current Accuracy :  0.537414 cost :  0.690346 Current Step :  280

Current Accuracy :  0.537414 cost :  0.690343 Current Step :  300

Current Accuracy :  0.537414 cost :  0.690353 Current Step :  320

Current Accuracy :  0.537414 cost :  0.690337 Current Step :  340

Current Accuracy :  0.537414 cost :  0.690336 Current Step :  360

Current Accuracy :  0.537414 cost :  0.690339 Current Step :  380

Current Accuracy :  0.537414 cost :  0.690336 Current Step :  400

Current Accuracy :  0.537414 cost :  0.690336 Current Step :  420

Current Accuracy :  0.537414 cost :  0.690351 Current Step :  440

Current Accuracy :  0.537414 cost :  0.690351 Current Step :  460

Current Accuracy :  0.537414 cost :  0.690351 Current Step :  480

Current Accuracy :  0.537414 cost :  0.690351 Current Step :  500

Current Accuracy :  0.537414 cost :  0.690339 Current Step :  520

Current Accuracy :  0.537414 cost :  0.690339 Current Step :  540

Current Accuracy :  0.537414 cost :  0.690339 Current Step :  560

Current Accuracy :  0.537414 cost :  0.690339 Current Step :  580

Current Accuracy :  0.537414 cost :  0.690339 Current Step :  600

Current Accuracy :  0.537414 cost :  0.690341 Current Step :  620

Current Accuracy :  0.537414 cost :  0.690341 Current Step :  640

Current Accuracy :  0.537414 cost :  0.690341 Current Step :  660

Current Accuracy :  0.537414 cost :  0.690341 Current Step :  680

Current Accuracy :  0.537414 cost :  0.690341 Current Step :  700

Current Accuracy :  0.537414 cost :  0.690341 Current Step :  720

Current Accuracy :  0.537414 cost :  0.690341 Current Step :  740

Current Accuracy :  0.537414 cost :  0.690341 Current Step :  760

Current Accuracy :  0.537414 cost :  0.690341 Current Step :  780

Current Accuracy :  0.537414 cost :  0.690341 Current Step :  800

Current Accuracy :  0.537414 cost :  0.690341 Current Step :  820

Current Accuracy :  0.537414 cost :  0.690341 Current Step :  840

Current Accuracy :  0.537414 cost :  0.690341 Current Step :  860

Current Accuracy :  0.537414 cost :  0.690341 Current Step :  880

Current Accuracy :  0.537414 cost :  0.690341 Current Step :  900

Current Accuracy :  0.537414 cost :  0.690341 Current Step :  920

Current Accuracy :  0.537414 cost :  0.690341 Current Step :  940

Current Accuracy :  0.537414 cost :  0.690341 Current Step :  960

Current Accuracy :  0.537414 cost :  0.690341 Current Step :  980

Train Accuracy:  0.537414

Test Accuracy:  0.537

Current Accuracy :  0.523798 cost :  0.798446 Current Step :  0

Current Accuracy :  0.899563 cost :  0.273494 Current Step :  20

Current Accuracy :  0.928295 cost :  0.20012 Current Step :  40

Current Accuracy :  0.928795 cost :  0.186024 Current Step :  60

Current Accuracy :  0.946284 cost :  0.149505 Current Step :  80

Current Accuracy :  0.96065 cost :  0.113354 Current Step :  100

Test Accuracy:  0.9305

Current Accuracy :  0.466708 cost :  0.99848 Current Step :  0

Current Accuracy :  0.857964 cost :  0.339677 Current Step :  20

Current Accuracy :  0.900937 cost :  0.239567 Current Step :  40

Current Accuracy :  0.919051 cost :  0.199621 Current Step :  60

Current Accuracy :  0.928295 cost :  0.179961 Current Step :  80

Current Accuracy :  0.923048 cost :  0.191043 Current Step :  100

Current Accuracy :  0.935915 cost :  0.161242 Current Step :  120

Current Accuracy :  0.943535 cost :  0.144264 Current Step :  140

Current Accuracy :  0.946159 cost :  0.137494 Current Step :  160

Current Accuracy :  0.944785 cost :  0.141487 Current Step :  180

Current Accuracy :  0.939538 cost :  0.148847 Current Step :  200

Current Accuracy :  0.933791 cost :  0.172295 Current Step :  220

Current Accuracy :  0.939788 cost :  0.150986 Current Step :  240

Current Accuracy :  0.94366 cost :  0.144961 Current Step :  260

Current Accuracy :  0.937914 cost :  0.151005 Current Step :  280

Current Accuracy :  0.955903 cost :  0.11403 Current Step :  300

Current Accuracy :  0.952655 cost :  0.120491 Current Step :  320

Current Accuracy :  0.952655 cost :  0.116328 Current Step :  340

Current Accuracy :  0.956152 cost :  0.106171 Current Step :  360

Current Accuracy :  0.945534 cost :  0.133676 Current Step :  380

Current Accuracy :  0.945659 cost :  0.141363 Current Step :  400

Current Accuracy :  0.962024 cost :  0.0986003 Current Step :  420

Test Accuracy:  0.9445

Current Accuracy :  0.474079 cost :  0.754049 Current Step :  0

Current Accuracy :  0.881574 cost :  0.334278 Current Step :  20

Current Accuracy :  0.92842 cost :  0.193373 Current Step :  40

Current Accuracy :  0.936665 cost :  0.168579 Current Step :  60

Current Accuracy :  0.925796 cost :  0.170505 Current Step :  80

Current Accuracy :  0.95253 cost :  0.12277 Current Step :  100

Current Accuracy :  0.940162 cost :  0.14367 Current Step :  120

Current Accuracy :  0.948157 cost :  0.136546 Current Step :  140

Current Accuracy :  0.946409 cost :  0.135289 Current Step :  160

Current Accuracy :  0.950656 cost :  0.121705 Current Step :  180

Current Accuracy :  0.95278 cost :  0.124689 Current Step :  200

Current Accuracy :  0.954528 cost :  0.125538 Current Step :  220

Current Accuracy :  0.950656 cost :  0.116583 Current Step :  240

Current Accuracy :  0.964147 cost :  0.0908544 Current Step :  260

Test Accuracy:  0.926

Current Accuracy :  0.540037 cost :  0.883916 Current Step :  0

Current Accuracy :  0.913179 cost :  0.227232 Current Step :  20

Current Accuracy :  0.916302 cost :  0.217673 Current Step :  40

Current Accuracy :  0.934916 cost :  0.179584 Current Step :  60

Current Accuracy :  0.950281 cost :  0.133728 Current Step :  80

Current Accuracy :  0.951905 cost :  0.136879 Current Step :  100

Current Accuracy :  0.94416 cost :  0.148053 Current Step :  120

Current Accuracy :  0.953279 cost :  0.121507 Current Step :  140

Current Accuracy :  0.947533 cost :  0.139026 Current Step :  160

Current Accuracy :  0.956777 cost :  0.119989 Current Step :  180

Current Accuracy :  0.964022 cost :  0.105311 Current Step :  200

Test Accuracy:  0.9445

Current Accuracy :  0.53604 cost :  0.813795 Current Step :  0

Current Accuracy :  0.837477 cost :  0.407805 Current Step :  20

Current Accuracy :  0.905184 cost :  0.238058 Current Step :  40

Current Accuracy :  0.91218 cost :  0.223549 Current Step :  60

Current Accuracy :  0.925671 cost :  0.182262 Current Step :  80

Current Accuracy :  0.927545 cost :  0.178605 Current Step :  100

Current Accuracy :  0.932792 cost :  0.173183 Current Step :  120

Current Accuracy :  0.935665 cost :  0.165657 Current Step :  140

Current Accuracy :  0.930169 cost :  0.166203 Current Step :  160

Current Accuracy :  0.938039 cost :  0.153447 Current Step :  180

Current Accuracy :  0.937789 cost :  0.15311 Current Step :  200

Current Accuracy :  0.940912 cost :  0.142423 Current Step :  220

Current Accuracy :  0.944785 cost :  0.139189 Current Step :  240

Current Accuracy :  0.948532 cost :  0.126755 Current Step :  260

Current Accuracy :  0.94441 cost :  0.136079 Current Step :  280

Current Accuracy :  0.953904 cost :  0.116651 Current Step :  300

Current Accuracy :  0.957277 cost :  0.112729 Current Step :  320

Current Accuracy :  0.959026 cost :  0.101993 Current Step :  340

Current Accuracy :  0.9604 cost :  0.118698 Current Step :  360

Test Accuracy:  0.934

Current Accuracy :  0.535415 cost :  0.847289 Current Step :  0

Current Accuracy :  0.904809 cost :  0.253114 Current Step :  20

Current Accuracy :  0.937039 cost :  0.168175 Current Step :  40

Current Accuracy :  0.947533 cost :  0.137697 Current Step :  60

Current Accuracy :  0.954778 cost :  0.123291 Current Step :  80

Current Accuracy :  0.970019 cost :  0.0883511 Current Step :  100

Test Accuracy:  0.949

Current Accuracy :  0.539538 cost :  1.17669 Current Step :  0

Current Accuracy :  0.875453 cost :  0.322859 Current Step :  20

Current Accuracy :  0.921049 cost :  0.219475 Current Step :  40

Current Accuracy :  0.939788 cost :  0.165727 Current Step :  60

Current Accuracy :  0.946034 cost :  0.155455 Current Step :  80

Current Accuracy :  0.940037 cost :  0.161263 Current Step :  100

Current Accuracy :  0.949032 cost :  0.140415 Current Step :  120

Current Accuracy :  0.961149 cost :  0.11731 Current Step :  140

Test Accuracy:  0.9525

Current Accuracy :  0.538164 cost :  0.915193 Current Step :  0

Current Accuracy :  0.88782 cost :  0.30916 Current Step :  20

Current Accuracy :  0.926796 cost :  0.214647 Current Step :  40

Current Accuracy :  0.942786 cost :  0.175451 Current Step :  60

Current Accuracy :  0.948157 cost :  0.150274 Current Step :  80

Current Accuracy :  0.947158 cost :  0.136829 Current Step :  100

Current Accuracy :  0.955903 cost :  0.121644 Current Step :  120

Current Accuracy :  0.962024 cost :  0.105443 Current Step :  140

Test Accuracy:  0.9385

Current Accuracy :  0.540787 cost :  0.812608 Current Step :  0

Current Accuracy :  0.896315 cost :  0.281821 Current Step :  20

Current Accuracy :  0.928045 cost :  0.197416 Current Step :  40

Current Accuracy :  0.937414 cost :  0.159994 Current Step :  60

Current Accuracy :  0.95203 cost :  0.12758 Current Step :  80

Current Accuracy :  0.950656 cost :  0.128791 Current Step :  100

Current Accuracy :  0.959275 cost :  0.111614 Current Step :  120

Current Accuracy :  0.9604 cost :  0.10737 Current Step :  140

Test Accuracy:  0.9425

Current Accuracy :  0.484822 cost :  1.04704 Current Step :  0

Current Accuracy :  0.880075 cost :  0.326797 Current Step :  20

Current Accuracy :  0.915803 cost :  0.227364 Current Step :  40

Current Accuracy :  0.932292 cost :  0.178244 Current Step :  60

Current Accuracy :  0.939663 cost :  0.157127 Current Step :  80

Current Accuracy :  0.946908 cost :  0.145038 Current Step :  100

Current Accuracy :  0.948532 cost :  0.140531 Current Step :  120

Current Accuracy :  0.958026 cost :  0.117406 Current Step :  140

Current Accuracy :  0.959026 cost :  0.111338 Current Step :  160

Current Accuracy :  0.959775 cost :  0.117093 Current Step :  180

Current Accuracy :  0.94416 cost :  0.144941 Current Step :  200

Current Accuracy :  0.941661 cost :  0.148154 Current Step :  220

Current Accuracy :  0.936665 cost :  0.15541 Current Step :  240

Current Accuracy :  0.953904 cost :  0.11926 Current Step :  260

Current Accuracy :  0.955028 cost :  0.129639 Current Step :  280

Current Accuracy :  0.965272 cost :  0.0932324 Current Step :  300

Test Accuracy:  0.943

Current Accuracy :  0.491943 cost :  0.948447 Current Step :  0

Current Accuracy :  0.863835 cost :  0.320379 Current Step :  20

Current Accuracy :  0.923298 cost :  0.210818 Current Step :  40

Current Accuracy :  0.932542 cost :  0.18633 Current Step :  60

Current Accuracy :  0.949781 cost :  0.152425 Current Step :  80

Current Accuracy :  0.944035 cost :  0.161461 Current Step :  100

Current Accuracy :  0.954279 cost :  0.126811 Current Step :  120

Current Accuracy :  0.953279 cost :  0.132574 Current Step :  140

Current Accuracy :  0.949532 cost :  0.140784 Current Step :  160

Current Accuracy :  0.943161 cost :  0.148865 Current Step :  180

Current Accuracy :  0.944035 cost :  0.140792 Current Step :  200

Current Accuracy :  0.948282 cost :  0.136165 Current Step :  220

Current Accuracy :  0.948532 cost :  0.144583 Current Step :  240

Current Accuracy :  0.948407 cost :  0.130895 Current Step :  260

Current Accuracy :  0.963523 cost :  0.114087 Current Step :  280

Test Accuracy:  0.9415

Current Accuracy :  0.479325 cost :  0.738395 Current Step :  0

Current Accuracy :  0.841974 cost :  0.430568 Current Step :  20

Current Accuracy :  0.9193 cost :  0.247258 Current Step :  40

Current Accuracy :  0.925796 cost :  0.217993 Current Step :  60

Current Accuracy :  0.940287 cost :  0.174382 Current Step :  80

Current Accuracy :  0.950281 cost :  0.138533 Current Step :  100

Current Accuracy :  0.949282 cost :  0.142226 Current Step :  120

Current Accuracy :  0.957277 cost :  0.11278 Current Step :  140

Current Accuracy :  0.954279 cost :  0.126016 Current Step :  160

Current Accuracy :  0.958276 cost :  0.12141 Current Step :  180

Current Accuracy :  0.962274 cost :  0.110781 Current Step :  200

Test Accuracy:  0.953

Current Accuracy :  0.473704 cost :  0.783114 Current Step :  0

Current Accuracy :  0.895315 cost :  0.300595 Current Step :  20

Current Accuracy :  0.917552 cost :  0.215726 Current Step :  40

Current Accuracy :  0.938414 cost :  0.169488 Current Step :  60

Current Accuracy :  0.934041 cost :  0.163995 Current Step :  80

Current Accuracy :  0.954778 cost :  0.119912 Current Step :  100

Current Accuracy :  0.951031 cost :  0.121002 Current Step :  120

Current Accuracy :  0.953404 cost :  0.125315 Current Step :  140

Current Accuracy :  0.956527 cost :  0.115885 Current Step :  160

Current Accuracy :  0.962399 cost :  0.101369 Current Step :  180

Test Accuracy:  0.9385

Current Accuracy :  0.481699 cost :  0.87647 Current Step :  0

Current Accuracy :  0.876077 cost :  0.334088 Current Step :  20

Current Accuracy :  0.921549 cost :  0.229748 Current Step :  40

Current Accuracy :  0.935915 cost :  0.169769 Current Step :  60

Current Accuracy :  0.947658 cost :  0.153251 Current Step :  80

Current Accuracy :  0.955278 cost :  0.124926 Current Step :  100

Current Accuracy :  0.955278 cost :  0.12377 Current Step :  120

Current Accuracy :  0.956652 cost :  0.117333 Current Step :  140

Current Accuracy :  0.943036 cost :  0.143928 Current Step :  160

Current Accuracy :  0.956527 cost :  0.121017 Current Step :  180

Current Accuracy :  0.959026 cost :  0.109355 Current Step :  200

Current Accuracy :  0.963773 cost :  0.104504 Current Step :  220

Test Accuracy:  0.9405

Current Accuracy :  0.508932 cost :  0.900657 Current Step :  0

Current Accuracy :  0.866958 cost :  0.366454 Current Step :  20

Current Accuracy :  0.895066 cost :  0.270632 Current Step :  40

Current Accuracy :  0.915303 cost :  0.232234 Current Step :  60

Current Accuracy :  0.936415 cost :  0.174822 Current Step :  80

Current Accuracy :  0.945784 cost :  0.159038 Current Step :  100

Current Accuracy :  0.941661 cost :  0.152727 Current Step :  120

Current Accuracy :  0.942286 cost :  0.148869 Current Step :  140

Current Accuracy :  0.942286 cost :  0.151246 Current Step :  160

Current Accuracy :  0.950281 cost :  0.124149 Current Step :  180

Current Accuracy :  0.939538 cost :  0.135509 Current Step :  200

Current Accuracy :  0.947533 cost :  0.132796 Current Step :  220

Current Accuracy :  0.947033 cost :  0.133737 Current Step :  240

Current Accuracy :  0.96065 cost :  0.108339 Current Step :  260

Test Accuracy:  0.9415

Current Accuracy :  0.46396 cost :  0.782848 Current Step :  0

Current Accuracy :  0.874079 cost :  0.336192 Current Step :  20

Current Accuracy :  0.918676 cost :  0.216074 Current Step :  40

Current Accuracy :  0.933292 cost :  0.171751 Current Step :  60

Current Accuracy :  0.945909 cost :  0.14614 Current Step :  80

Current Accuracy :  0.948157 cost :  0.135772 Current Step :  100

Current Accuracy :  0.932167 cost :  0.175913 Current Step :  120

Current Accuracy :  0.944535 cost :  0.140954 Current Step :  140

Current Accuracy :  0.937914 cost :  0.148623 Current Step :  160

Current Accuracy :  0.948157 cost :  0.122374 Current Step :  180

Current Accuracy :  0.951655 cost :  0.122872 Current Step :  200

Current Accuracy :  0.946533 cost :  0.127486 Current Step :  220

Current Accuracy :  0.958651 cost :  0.107178 Current Step :  240

Current Accuracy :  0.959151 cost :  0.104893 Current Step :  260

Current Accuracy :  0.958776 cost :  0.115841 Current Step :  280

Current Accuracy :  0.96065 cost :  0.102924 Current Step :  300

Test Accuracy:  0.938

Current Accuracy :  0.467833 cost :  2.59647 Current Step :  0

Current Accuracy :  0.866458 cost :  0.359776 Current Step :  20

Current Accuracy :  0.928919 cost :  0.19736 Current Step :  40

Current Accuracy :  0.946908 cost :  0.14453 Current Step :  60

Current Accuracy :  0.952155 cost :  0.138362 Current Step :  80

Current Accuracy :  0.956277 cost :  0.129609 Current Step :  100

Current Accuracy :  0.957776 cost :  0.118702 Current Step :  120

Current Accuracy :  0.956527 cost :  0.119847 Current Step :  140

Current Accuracy :  0.958901 cost :  0.115011 Current Step :  160

Current Accuracy :  0.965397 cost :  0.105529 Current Step :  180

Test Accuracy:  0.9445

Current Accuracy :  0.541911 cost :  0.778366 Current Step :  0

Current Accuracy :  0.910931 cost :  0.234806 Current Step :  20

Current Accuracy :  0.936914 cost :  0.169223 Current Step :  40

Current Accuracy :  0.929919 cost :  0.17697 Current Step :  60

Current Accuracy :  0.933042 cost :  0.177926 Current Step :  80

Current Accuracy :  0.946783 cost :  0.13863 Current Step :  100

Current Accuracy :  0.961024 cost :  0.109653 Current Step :  120

Test Accuracy:  0.932

Current Accuracy :  0.523923 cost :  1.19209 Current Step :  0

Current Accuracy :  0.886696 cost :  0.310488 Current Step :  20

Current Accuracy :  0.927171 cost :  0.200505 Current Step :  40

Current Accuracy :  0.945659 cost :  0.158647 Current Step :  60

Current Accuracy :  0.958651 cost :  0.115276 Current Step :  80

Current Accuracy :  0.952155 cost :  0.128158 Current Step :  100

Current Accuracy :  0.963523 cost :  0.100182 Current Step :  120

Test Accuracy:  0.9515

Current Accuracy :  0.507058 cost :  1.04411 Current Step :  0

Current Accuracy :  0.893317 cost :  0.297346 Current Step :  20

Current Accuracy :  0.923423 cost :  0.21094 Current Step :  40

Current Accuracy :  0.94341 cost :  0.15177 Current Step :  60

Current Accuracy :  0.94441 cost :  0.159698 Current Step :  80

Current Accuracy :  0.960525 cost :  0.12751 Current Step :  100

Test Accuracy:  0.9385

Current Accuracy :  0.520675 cost :  2.41308 Current Step :  0

Current Accuracy :  0.905434 cost :  0.249568 Current Step :  20

Current Accuracy :  0.933791 cost :  0.176053 Current Step :  40

Current Accuracy :  0.941037 cost :  0.154948 Current Step :  60

Current Accuracy :  0.945909 cost :  0.145706 Current Step :  80

Current Accuracy :  0.942411 cost :  0.163916 Current Step :  100

Current Accuracy :  0.955153 cost :  0.129142 Current Step :  120

Current Accuracy :  0.950156 cost :  0.136462 Current Step :  140

Current Accuracy :  0.95178 cost :  0.138837 Current Step :  160

Current Accuracy :  0.957152 cost :  0.116875 Current Step :  180

Current Accuracy :  0.957277 cost :  0.121955 Current Step :  200

Current Accuracy :  0.961149 cost :  0.121845 Current Step :  220

Test Accuracy:  0.9415

Current Accuracy :  0.47945 cost :  4.88606 Current Step :  0

Current Accuracy :  0.895565 cost :  0.276892 Current Step :  20

Current Accuracy :  0.923548 cost :  0.193762 Current Step :  40

Current Accuracy :  0.938289 cost :  0.161194 Current Step :  60

Current Accuracy :  0.942911 cost :  0.149245 Current Step :  80

Current Accuracy :  0.946284 cost :  0.139076 Current Step :  100

Current Accuracy :  0.959026 cost :  0.109269 Current Step :  120

Current Accuracy :  0.963523 cost :  0.0988747 Current Step :  140

Test Accuracy:  0.9575

Current Accuracy :  0.535415 cost :  1.40624 Current Step :  0

Current Accuracy :  0.901561 cost :  0.256397 Current Step :  20

Current Accuracy :  0.931418 cost :  0.18992 Current Step :  40

Current Accuracy :  0.944285 cost :  0.147744 Current Step :  60

Current Accuracy :  0.928795 cost :  0.174079 Current Step :  80

Current Accuracy :  0.945534 cost :  0.136804 Current Step :  100

Current Accuracy :  0.956527 cost :  0.113327 Current Step :  120

Current Accuracy :  0.945909 cost :  0.135887 Current Step :  140

Current Accuracy :  0.952904 cost :  0.122123 Current Step :  160

Current Accuracy :  0.956777 cost :  0.118507 Current Step :  180

Current Accuracy :  0.947908 cost :  0.139395 Current Step :  200

Current Accuracy :  0.956902 cost :  0.11623 Current Step :  220

Current Accuracy :  0.957901 cost :  0.116085 Current Step :  240

Current Accuracy :  0.963773 cost :  0.100455 Current Step :  260

Test Accuracy:  0.942

Current Accuracy :  0.535415 cost :  2.5939 Current Step :  0

Current Accuracy :  0.896939 cost :  0.276866 Current Step :  20

Current Accuracy :  0.930169 cost :  0.187019 Current Step :  40

Current Accuracy :  0.937039 cost :  0.160238 Current Step :  60

Current Accuracy :  0.952655 cost :  0.136517 Current Step :  80

Current Accuracy :  0.952904 cost :  0.133927 Current Step :  100

Current Accuracy :  0.938663 cost :  0.160328 Current Step :  120

Current Accuracy :  0.957651 cost :  0.1098 Current Step :  140

Current Accuracy :  0.948532 cost :  0.1395 Current Step :  160

Current Accuracy :  0.957651 cost :  0.115217 Current Step :  180

Current Accuracy :  0.95178 cost :  0.127058 Current Step :  200

Current Accuracy :  0.95965 cost :  0.104966 Current Step :  220

Current Accuracy :  0.928545 cost :  0.177741 Current Step :  240

Current Accuracy :  0.966771 cost :  0.102295 Current Step :  260

Test Accuracy:  0.9455

Current Accuracy :  0.53529 cost :  1.79392 Current Step :  0

Current Accuracy :  0.906433 cost :  0.247415 Current Step :  20

Current Accuracy :  0.925297 cost :  0.193398 Current Step :  40

Current Accuracy :  0.938913 cost :  0.160927 Current Step :  60

Current Accuracy :  0.945909 cost :  0.138542 Current Step :  80

Current Accuracy :  0.943285 cost :  0.16055 Current Step :  100

Current Accuracy :  0.946783 cost :  0.141573 Current Step :  120

Current Accuracy :  0.930418 cost :  0.188856 Current Step :  140

Current Accuracy :  0.950406 cost :  0.140482 Current Step :  160

Current Accuracy :  0.958401 cost :  0.114762 Current Step :  180

Current Accuracy :  0.959525 cost :  0.117515 Current Step :  200

Current Accuracy :  0.958651 cost :  0.123652 Current Step :  220

Current Accuracy :  0.95965 cost :  0.105479 Current Step :  240

Current Accuracy :  0.964647 cost :  0.108822 Current Step :  260

Test Accuracy:  0.9085

Current Accuracy :  0.536914 cost :  0.706455 Current Step :  0

Current Accuracy :  0.537539 cost :  0.69033 Current Step :  20

Current Accuracy :  0.537539 cost :  0.690317 Current Step :  40

Current Accuracy :  0.537539 cost :  0.69032 Current Step :  60

Current Accuracy :  0.537539 cost :  0.690334 Current Step :  80

Current Accuracy :  0.537539 cost :  0.690324 Current Step :  100

Current Accuracy :  0.537664 cost :  0.690219 Current Step :  120

Current Accuracy :  0.537539 cost :  0.690327 Current Step :  140

Current Accuracy :  0.537539 cost :  0.690331 Current Step :  160

Current Accuracy :  0.537539 cost :  0.690329 Current Step :  180

Current Accuracy :  0.537539 cost :  0.690319 Current Step :  200

Current Accuracy :  0.537539 cost :  0.690319 Current Step :  220

Current Accuracy :  0.537539 cost :  0.690329 Current Step :  240

Current Accuracy :  0.537539 cost :  0.690321 Current Step :  260

Current Accuracy :  0.537539 cost :  0.690336 Current Step :  280

Current Accuracy :  0.537539 cost :  0.690336 Current Step :  300

Current Accuracy :  0.537539 cost :  0.690331 Current Step :  320

Current Accuracy :  0.537539 cost :  0.690326 Current Step :  340

Current Accuracy :  0.537539 cost :  0.690323 Current Step :  360

Current Accuracy :  0.537539 cost :  0.690324 Current Step :  380

Current Accuracy :  0.537539 cost :  0.690324 Current Step :  400

Current Accuracy :  0.537539 cost :  0.690324 Current Step :  420

Current Accuracy :  0.537539 cost :  0.690326 Current Step :  440

Current Accuracy :  0.537539 cost :  0.690326 Current Step :  460

Current Accuracy :  0.537539 cost :  0.690326 Current Step :  480

Current Accuracy :  0.537539 cost :  0.690326 Current Step :  500

Current Accuracy :  0.537539 cost :  0.690326 Current Step :  520

Current Accuracy :  0.537539 cost :  0.690326 Current Step :  540

Current Accuracy :  0.537539 cost :  0.690326 Current Step :  560

Current Accuracy :  0.537539 cost :  0.690327 Current Step :  580

Current Accuracy :  0.537539 cost :  0.690312 Current Step :  600

Current Accuracy :  0.537539 cost :  0.690329 Current Step :  620

Current Accuracy :  0.537539 cost :  0.690329 Current Step :  640

Current Accuracy :  0.537539 cost :  0.690329 Current Step :  660

Current Accuracy :  0.537539 cost :  0.690329 Current Step :  680

Current Accuracy :  0.537539 cost :  0.690328 Current Step :  700

Current Accuracy :  0.537539 cost :  0.690328 Current Step :  720

Current Accuracy :  0.537539 cost :  0.690328 Current Step :  740

Current Accuracy :  0.537539 cost :  0.690328 Current Step :  760

Current Accuracy :  0.537539 cost :  0.690328 Current Step :  780

Current Accuracy :  0.537539 cost :  0.690328 Current Step :  800

Current Accuracy :  0.537539 cost :  0.690329 Current Step :  820

Current Accuracy :  0.537539 cost :  0.690329 Current Step :  840

Current Accuracy :  0.537539 cost :  0.690329 Current Step :  860

Current Accuracy :  0.537539 cost :  0.690329 Current Step :  880

Current Accuracy :  0.537539 cost :  0.690329 Current Step :  900

Current Accuracy :  0.537539 cost :  0.690329 Current Step :  920

Current Accuracy :  0.537539 cost :  0.690329 Current Step :  940

Current Accuracy :  0.537539 cost :  0.690329 Current Step :  960

Current Accuracy :  0.537539 cost :  0.690329 Current Step :  980

Train Accuracy:  0.537539

Test Accuracy:  0.5365

Current Accuracy :  0.486696 cost :  0.981087 Current Step :  0

Current Accuracy :  0.882074 cost :  0.307944 Current Step :  20

Current Accuracy :  0.913054 cost :  0.232925 Current Step :  40

Current Accuracy :  0.92867 cost :  0.20843 Current Step :  60

Current Accuracy :  0.932667 cost :  0.193085 Current Step :  80

Current Accuracy :  0.905309 cost :  0.248421 Current Step :  100

Current Accuracy :  0.926046 cost :  0.189007 Current Step :  120

Current Accuracy :  0.937789 cost :  0.165665 Current Step :  140

Current Accuracy :  0.940162 cost :  0.170689 Current Step :  160

Current Accuracy :  0.917552 cost :  0.217956 Current Step :  180

Current Accuracy :  0.941037 cost :  0.159092 Current Step :  200

Current Accuracy :  0.928919 cost :  0.176775 Current Step :  220

Current Accuracy :  0.927295 cost :  0.182971 Current Step :  240

Current Accuracy :  0.941037 cost :  0.158305 Current Step :  260

Current Accuracy :  0.951156 cost :  0.134091 Current Step :  280

Current Accuracy :  0.955903 cost :  0.126983 Current Step :  300

Current Accuracy :  0.961899 cost :  0.11451 Current Step :  320

Test Accuracy:  0.941

Current Accuracy :  0.477202 cost :  0.825834 Current Step :  0

Current Accuracy :  0.869831 cost :  0.345202 Current Step :  20

Current Accuracy :  0.916927 cost :  0.219085 Current Step :  40

Current Accuracy :  0.916427 cost :  0.229547 Current Step :  60

Current Accuracy :  0.924672 cost :  0.199646 Current Step :  80

Current Accuracy :  0.934916 cost :  0.173368 Current Step :  100

Current Accuracy :  0.949282 cost :  0.138463 Current Step :  120

Current Accuracy :  0.943161 cost :  0.155114 Current Step :  140

Current Accuracy :  0.942411 cost :  0.143822 Current Step :  160

Current Accuracy :  0.952405 cost :  0.136027 Current Step :  180

Current Accuracy :  0.950906 cost :  0.131344 Current Step :  200

Current Accuracy :  0.950406 cost :  0.130044 Current Step :  220

Current Accuracy :  0.96015 cost :  0.108442 Current Step :  240

Test Accuracy:  0.937

Current Accuracy :  0.540412 cost :  0.692593 Current Step :  0

Current Accuracy :  0.869332 cost :  0.364177 Current Step :  20

Current Accuracy :  0.907808 cost :  0.271834 Current Step :  40

Current Accuracy :  0.897314 cost :  0.298283 Current Step :  60

Current Accuracy :  0.920175 cost :  0.246914 Current Step :  80

Current Accuracy :  0.92055 cost :  0.252924 Current Step :  100

Current Accuracy :  0.92792 cost :  0.234554 Current Step :  120

Current Accuracy :  0.925422 cost :  0.236267 Current Step :  140

Current Accuracy :  0.938039 cost :  0.206117 Current Step :  160

Current Accuracy :  0.929544 cost :  0.215047 Current Step :  180

Current Accuracy :  0.903185 cost :  0.285273 Current Step :  200

Current Accuracy :  0.937039 cost :  0.20345 Current Step :  220

Current Accuracy :  0.942036 cost :  0.185913 Current Step :  240

Current Accuracy :  0.938538 cost :  0.187381 Current Step :  260

Current Accuracy :  0.941786 cost :  0.162031 Current Step :  280

Current Accuracy :  0.945284 cost :  0.15671 Current Step :  300

Current Accuracy :  0.93604 cost :  0.170317 Current Step :  320

Current Accuracy :  0.954903 cost :  0.135773 Current Step :  340

Current Accuracy :  0.950656 cost :  0.159073 Current Step :  360

Current Accuracy :  0.957402 cost :  0.127532 Current Step :  380

Current Accuracy :  0.957776 cost :  0.125758 Current Step :  400

Current Accuracy :  0.955653 cost :  0.133363 Current Step :  420

Current Accuracy :  0.949532 cost :  0.136866 Current Step :  440

Current Accuracy :  0.953154 cost :  0.124937 Current Step :  460

Current Accuracy :  0.958776 cost :  0.118086 Current Step :  480

Current Accuracy :  0.957901 cost :  0.121514 Current Step :  500

Current Accuracy :  0.963773 cost :  0.10095 Current Step :  520

Test Accuracy:  0.9385

Current Accuracy :  0.471705 cost :  0.779573 Current Step :  0

Current Accuracy :  0.846346 cost :  0.375274 Current Step :  20

Current Accuracy :  0.912055 cost :  0.26379 Current Step :  40

Current Accuracy :  0.925547 cost :  0.212971 Current Step :  60

Current Accuracy :  0.919925 cost :  0.220024 Current Step :  80

Current Accuracy :  0.930668 cost :  0.194243 Current Step :  100

Current Accuracy :  0.919176 cost :  0.206416 Current Step :  120

Current Accuracy :  0.925547 cost :  0.218406 Current Step :  140

Current Accuracy :  0.91143 cost :  0.220382 Current Step :  160

Current Accuracy :  0.925921 cost :  0.248541 Current Step :  180

Current Accuracy :  0.925172 cost :  0.190018 Current Step :  200

Current Accuracy :  0.932542 cost :  0.168411 Current Step :  220

Current Accuracy :  0.933791 cost :  0.168593 Current Step :  240

Current Accuracy :  0.949781 cost :  0.210521 Current Step :  260

Current Accuracy :  0.933916 cost :  0.163362 Current Step :  280

Current Accuracy :  0.949157 cost :  0.207986 Current Step :  300

Current Accuracy :  0.947283 cost :  0.187718 Current Step :  320

Current Accuracy :  0.942911 cost :  0.224641 Current Step :  340

Current Accuracy :  0.94416 cost :  0.195493 Current Step :  360

Current Accuracy :  0.953279 cost :  0.133166 Current Step :  380

Current Accuracy :  0.941412 cost :  0.148375 Current Step :  400

Current Accuracy :  0.953404 cost :  0.126202 Current Step :  420

Current Accuracy :  0.925921 cost :  0.180219 Current Step :  440

Current Accuracy :  0.948657 cost :  0.132971 Current Step :  460

Current Accuracy :  0.9599 cost :  0.167937 Current Step :  480

Current Accuracy :  0.946533 cost :  0.142778 Current Step :  500

Current Accuracy :  0.953654 cost :  0.147049 Current Step :  520

Current Accuracy :  0.96015 cost :  0.139094 Current Step :  540

Test Accuracy:  0.937

Current Accuracy :  0.548407 cost :  0.75419 Current Step :  0

Current Accuracy :  0.878701 cost :  0.291557 Current Step :  20

Current Accuracy :  0.908307 cost :  0.241003 Current Step :  40

Current Accuracy :  0.912929 cost :  0.222956 Current Step :  60

Current Accuracy :  0.912055 cost :  0.215838 Current Step :  80

Current Accuracy :  0.916802 cost :  0.214954 Current Step :  100

Current Accuracy :  0.926796 cost :  0.196938 Current Step :  120

Current Accuracy :  0.933042 cost :  0.191723 Current Step :  140

Current Accuracy :  0.931668 cost :  0.193971 Current Step :  160

Current Accuracy :  0.920675 cost :  0.212984 Current Step :  180

Current Accuracy :  0.937664 cost :  0.178852 Current Step :  200

Current Accuracy :  0.94366 cost :  0.168006 Current Step :  220

Current Accuracy :  0.945534 cost :  0.150844 Current Step :  240

Current Accuracy :  0.931918 cost :  0.187493 Current Step :  260

Current Accuracy :  0.945409 cost :  0.158184 Current Step :  280

Current Accuracy :  0.931668 cost :  0.187592 Current Step :  300

Current Accuracy :  0.949532 cost :  0.188613 Current Step :  320

Current Accuracy :  0.941786 cost :  0.166221 Current Step :  340

Current Accuracy :  0.938164 cost :  0.172478 Current Step :  360

Current Accuracy :  0.929669 cost :  0.18256 Current Step :  380

Current Accuracy :  0.946783 cost :  0.150956 Current Step :  400

Current Accuracy :  0.937164 cost :  0.180028 Current Step :  420

Current Accuracy :  0.939538 cost :  0.171268 Current Step :  440

Current Accuracy :  0.943535 cost :  0.162648 Current Step :  460

Current Accuracy :  0.941537 cost :  0.167769 Current Step :  480

Current Accuracy :  0.926296 cost :  0.216836 Current Step :  500

Current Accuracy :  0.919675 cost :  0.20234 Current Step :  520

Current Accuracy :  0.918426 cost :  0.221006 Current Step :  540

Current Accuracy :  0.933292 cost :  0.16071 Current Step :  560

Current Accuracy :  0.932917 cost :  0.194264 Current Step :  580

Current Accuracy :  0.942536 cost :  0.148752 Current Step :  600

Current Accuracy :  0.943161 cost :  0.151806 Current Step :  620

Current Accuracy :  0.940412 cost :  0.170815 Current Step :  640

Current Accuracy :  0.931043 cost :  0.186028 Current Step :  660

Current Accuracy :  0.93629 cost :  0.169315 Current Step :  680

Current Accuracy :  0.944535 cost :  0.149053 Current Step :  700

Current Accuracy :  0.941911 cost :  0.155982 Current Step :  720

Current Accuracy :  0.935665 cost :  0.148946 Current Step :  740

Current Accuracy :  0.917552 cost :  0.179956 Current Step :  760

Current Accuracy :  0.925671 cost :  0.204624 Current Step :  780

Current Accuracy :  0.925297 cost :  0.176822 Current Step :  800

Current Accuracy :  0.913179 cost :  0.196437 Current Step :  820

Current Accuracy :  0.938164 cost :  0.163012 Current Step :  840

Current Accuracy :  0.928795 cost :  0.183042 Current Step :  860

Current Accuracy :  0.935415 cost :  0.164152 Current Step :  880

Current Accuracy :  0.941287 cost :  0.151962 Current Step :  900

Current Accuracy :  0.930918 cost :  0.179844 Current Step :  920

Current Accuracy :  0.944035 cost :  0.145562 Current Step :  940

Current Accuracy :  0.937164 cost :  0.164256 Current Step :  960

Current Accuracy :  0.938788 cost :  0.159197 Current Step :  980

Train Accuracy:  0.939788

Test Accuracy:  0.9135

Current Accuracy :  0.468957 cost :  0.741745 Current Step :  0

Current Accuracy :  0.866209 cost :  0.328679 Current Step :  20

Current Accuracy :  0.909182 cost :  0.220594 Current Step :  40

Current Accuracy :  0.927795 cost :  0.18833 Current Step :  60

Current Accuracy :  0.919425 cost :  0.193399 Current Step :  80

Current Accuracy :  0.92867 cost :  0.192868 Current Step :  100

Current Accuracy :  0.94366 cost :  0.163855 Current Step :  120

Current Accuracy :  0.940037 cost :  0.165141 Current Step :  140

Current Accuracy :  0.937539 cost :  0.165035 Current Step :  160

Current Accuracy :  0.945784 cost :  0.140315 Current Step :  180

Current Accuracy :  0.935166 cost :  0.164839 Current Step :  200

Current Accuracy :  0.936665 cost :  0.153889 Current Step :  220

Current Accuracy :  0.94391 cost :  0.147148 Current Step :  240

Current Accuracy :  0.956402 cost :  0.124729 Current Step :  260

Current Accuracy :  0.956277 cost :  0.115845 Current Step :  280

Current Accuracy :  0.947658 cost :  0.157053 Current Step :  300

Current Accuracy :  0.950406 cost :  0.147743 Current Step :  320

Current Accuracy :  0.945284 cost :  0.150165 Current Step :  340

Current Accuracy :  0.956402 cost :  0.129452 Current Step :  360

Current Accuracy :  0.955778 cost :  0.119773 Current Step :  380

Current Accuracy :  0.950031 cost :  0.139419 Current Step :  400

Current Accuracy :  0.957527 cost :  0.124521 Current Step :  420

Current Accuracy :  0.958901 cost :  0.11258 Current Step :  440

Current Accuracy :  0.941537 cost :  0.151319 Current Step :  460

Current Accuracy :  0.961524 cost :  0.105369 Current Step :  480

Test Accuracy:  0.9375

Current Accuracy :  0.492942 cost :  0.71614 Current Step :  0

Current Accuracy :  0.866583 cost :  0.359166 Current Step :  20

Current Accuracy :  0.937539 cost :  0.194657 Current Step :  40

Current Accuracy :  0.945659 cost :  0.154229 Current Step :  60

Current Accuracy :  0.9599 cost :  0.11649 Current Step :  80

Current Accuracy :  0.960775 cost :  0.115029 Current Step :  100

Test Accuracy:  0.9315

Current Accuracy :  0.534041 cost :  0.90998 Current Step :  0

Current Accuracy :  0.897189 cost :  0.257809 Current Step :  20

Current Accuracy :  0.909931 cost :  0.225119 Current Step :  40

Current Accuracy :  0.933292 cost :  0.176499 Current Step :  60

Current Accuracy :  0.937664 cost :  0.159752 Current Step :  80

Current Accuracy :  0.95153 cost :  0.140143 Current Step :  100

Current Accuracy :  0.941537 cost :  0.163661 Current Step :  120

Current Accuracy :  0.957901 cost :  0.110556 Current Step :  140

Current Accuracy :  0.945784 cost :  0.141126 Current Step :  160

Current Accuracy :  0.959026 cost :  0.117386 Current Step :  180

Current Accuracy :  0.942661 cost :  0.163106 Current Step :  200

Current Accuracy :  0.953279 cost :  0.13063 Current Step :  220

Current Accuracy :  0.945784 cost :  0.139048 Current Step :  240

Current Accuracy :  0.947533 cost :  0.150083 Current Step :  260

Current Accuracy :  0.953154 cost :  0.134293 Current Step :  280

Current Accuracy :  0.954528 cost :  0.134191 Current Step :  300

Current Accuracy :  0.95128 cost :  0.12714 Current Step :  320

Current Accuracy :  0.949282 cost :  0.132533 Current Step :  340

Current Accuracy :  0.961024 cost :  0.107164 Current Step :  360

Test Accuracy:  0.9455

Current Accuracy :  0.466958 cost :  0.936203 Current Step :  0

Current Accuracy :  0.899063 cost :  0.27641 Current Step :  20

Current Accuracy :  0.91168 cost :  0.240171 Current Step :  40

Current Accuracy :  0.931168 cost :  0.207508 Current Step :  60

Current Accuracy :  0.938913 cost :  0.187112 Current Step :  80

Current Accuracy :  0.937914 cost :  0.188797 Current Step :  100

Current Accuracy :  0.934666 cost :  0.181084 Current Step :  120

Current Accuracy :  0.944035 cost :  0.164053 Current Step :  140

Current Accuracy :  0.931668 cost :  0.187752 Current Step :  160

Current Accuracy :  0.933916 cost :  0.188661 Current Step :  180

Current Accuracy :  0.950531 cost :  0.169795 Current Step :  200

Current Accuracy :  0.946658 cost :  0.14416 Current Step :  220

Current Accuracy :  0.950281 cost :  0.150218 Current Step :  240

Current Accuracy :  0.951031 cost :  0.167799 Current Step :  260

Current Accuracy :  0.949157 cost :  0.164134 Current Step :  280
