sys:1: DtypeWarning: Columns (2) have mixed types. Specify dtype option on import or set low_memory=False.
2017-11-03 17:28:22.890010: W tensorflow/core/platform/cpu_feature_guard.cc:45] The TensorFlow library wasn't compiled to use SSE4.1 instructions, but these are available on your machine and could speed up CPU computations.
2017-11-03 17:28:22.890044: W tensorflow/core/platform/cpu_feature_guard.cc:45] The TensorFlow library wasn't compiled to use SSE4.2 instructions, but these are available on your machine and could speed up CPU computations.
2017-11-03 17:28:22.890049: W tensorflow/core/platform/cpu_feature_guard.cc:45] The TensorFlow library wasn't compiled to use AVX instructions, but these are available on your machine and could speed up CPU computations.
2017-11-03 17:28:22.890052: W tensorflow/core/platform/cpu_feature_guard.cc:45] The TensorFlow library wasn't compiled to use AVX2 instructions, but these are available on your machine and could speed up CPU computations.
2017-11-03 17:28:22.890055: W tensorflow/core/platform/cpu_feature_guard.cc:45] The TensorFlow library wasn't compiled to use FMA instructions, but these are available on your machine and could speed up CPU computations.

Current Accuracy :  0.531293 cost :  89.6831 Current Step :  0

Current Accuracy :  0.499688 cost :  0.874611 Current Step :  20

Current Accuracy :  0.637477 cost :  0.709394 Current Step :  40

Current Accuracy :  0.741911 cost :  0.537275 Current Step :  60

Current Accuracy :  0.833729 cost :  0.416963 Current Step :  80

Current Accuracy :  0.872954 cost :  0.338869 Current Step :  100

Current Accuracy :  0.900437 cost :  0.271237 Current Step :  120

Current Accuracy :  0.9198 cost :  0.236674 Current Step :  140

Current Accuracy :  0.923173 cost :  0.219613 Current Step :  160

Current Accuracy :  0.943535 cost :  0.177279 Current Step :  180

Current Accuracy :  0.943161 cost :  0.157913 Current Step :  200

Current Accuracy :  0.954903 cost :  0.138415 Current Step :  220

Current Accuracy :  0.947533 cost :  0.141495 Current Step :  240

Current Accuracy :  0.965397 cost :  0.102452 Current Step :  260

Current Accuracy :  0.971143 cost :  0.094257 Current Step :  280

Test Accuracy:  0.9445

Current Accuracy :  0.468707 Cost :  110.412 Current Step :  0

Current Accuracy :  0.531668 Cost :  0.726341 Current Step :  20

Current Accuracy :  0.708807 Cost :  0.585028 Current Step :  40

Current Accuracy :  0.811368 Cost :  0.447866 Current Step :  60

Current Accuracy :  0.869831 Cost :  0.358096 Current Step :  80

Current Accuracy :  0.900937 Cost :  0.281834 Current Step :  100

Current Accuracy :  0.913179 Cost :  0.240321 Current Step :  120

Current Accuracy :  0.932292 Cost :  0.204134 Current Step :  140

Current Accuracy :  0.917302 Cost :  0.205289 Current Step :  160

Current Accuracy :  0.946908 Cost :  0.157294 Current Step :  180

Current Accuracy :  0.952155 Cost :  0.139341 Current Step :  200

Current Accuracy :  0.955778 Cost :  0.128347 Current Step :  220

Current Accuracy :  0.961774 Cost :  0.11209 Current Step :  240

Current Accuracy :  0.965771 Cost :  0.103894 Current Step :  260

Current Accuracy :  0.96802 Cost :  0.0925528 Current Step :  280

Current Accuracy :  0.974641 Cost :  0.0782616 Current Step :  300

Test Accuracy:  0.945

Current Accuracy :  0.468707 cost :  61.5574 Current Step :  0

Current Accuracy :  0.548032 cost :  0.858492 Current Step :  20

Current Accuracy :  0.645971 cost :  0.687969 Current Step :  40

Current Accuracy :  0.75128 cost :  0.544245 Current Step :  60

Current Accuracy :  0.828982 cost :  0.412261 Current Step :  80

Current Accuracy :  0.86371 cost :  0.348053 Current Step :  100

Current Accuracy :  0.89619 cost :  0.285565 Current Step :  120

Current Accuracy :  0.91118 cost :  0.2433 Current Step :  140

Current Accuracy :  0.929294 cost :  0.212785 Current Step :  160

Current Accuracy :  0.943036 cost :  0.171835 Current Step :  180

Current Accuracy :  0.949781 cost :  0.159434 Current Step :  200

Current Accuracy :  0.958401 cost :  0.123567 Current Step :  220

Current Accuracy :  0.95178 cost :  0.137274 Current Step :  240

Current Accuracy :  0.961274 cost :  0.113725 Current Step :  260

Current Accuracy :  0.96852 cost :  0.099652 Current Step :  280

Current Accuracy :  0.970269 cost :  0.0942026 Current Step :  300

Test Accuracy:  0.946

Current Accuracy :  0.468707 Cost :  68.251 Current Step :  0

Current Accuracy :  0.636352 Cost :  0.656377 Current Step :  20

Current Accuracy :  0.771393 Cost :  0.501621 Current Step :  40

Current Accuracy :  0.844097 Cost :  0.394849 Current Step :  60

Current Accuracy :  0.883198 Cost :  0.307622 Current Step :  80

Current Accuracy :  0.908557 Cost :  0.248065 Current Step :  100

Current Accuracy :  0.933042 Cost :  0.186328 Current Step :  120

Current Accuracy :  0.936415 Cost :  0.171282 Current Step :  140

Current Accuracy :  0.946533 Cost :  0.148644 Current Step :  160

Current Accuracy :  0.958026 Cost :  0.117239 Current Step :  180

Current Accuracy :  0.962648 Cost :  0.102686 Current Step :  200

Current Accuracy :  0.958651 Cost :  0.115561 Current Step :  220

Current Accuracy :  0.965022 Cost :  0.0929571 Current Step :  240

Current Accuracy :  0.97564 Cost :  0.0743034 Current Step :  260

Test Accuracy:  0.9465

Current Accuracy :  0.531293 cost :  268.781 Current Step :  0

Current Accuracy :  0.470206 cost :  0.707394 Current Step :  20

Current Accuracy :  0.641224 cost :  0.641388 Current Step :  40

Current Accuracy :  0.695315 cost :  0.553504 Current Step :  60

Current Accuracy :  0.753154 cost :  0.42791 Current Step :  80

Current Accuracy :  0.845222 cost :  0.3505 Current Step :  100

Current Accuracy :  0.87258 cost :  0.285632 Current Step :  120

Current Accuracy :  0.87158 cost :  0.276671 Current Step :  140

Current Accuracy :  0.885572 cost :  0.238068 Current Step :  160

Current Accuracy :  0.921049 cost :  0.209782 Current Step :  180

Current Accuracy :  0.929794 cost :  0.185448 Current Step :  200

Current Accuracy :  0.930044 cost :  0.180653 Current Step :  220

Current Accuracy :  0.934666 cost :  0.171975 Current Step :  240

Current Accuracy :  0.941786 cost :  0.157887 Current Step :  260

Current Accuracy :  0.944909 cost :  0.154518 Current Step :  280

Current Accuracy :  0.939788 cost :  0.16589 Current Step :  300

Current Accuracy :  0.946908 cost :  0.14282 Current Step :  320

Current Accuracy :  0.954528 cost :  0.123836 Current Step :  340

Current Accuracy :  0.951655 cost :  0.13854 Current Step :  360

Current Accuracy :  0.932542 cost :  0.180036 Current Step :  380

Current Accuracy :  0.94341 cost :  0.15849 Current Step :  400

Current Accuracy :  0.948907 cost :  0.13009 Current Step :  420

Current Accuracy :  0.957901 cost :  0.114105 Current Step :  440

Current Accuracy :  0.957901 cost :  0.118181 Current Step :  460

Current Accuracy :  0.956902 cost :  0.115189 Current Step :  480

Current Accuracy :  0.957277 cost :  0.115423 Current Step :  500

Current Accuracy :  0.961399 cost :  0.10951 Current Step :  520

Current Accuracy :  0.965022 cost :  0.0959767 Current Step :  540

Current Accuracy :  0.958401 cost :  0.122373 Current Step :  560

Current Accuracy :  0.955653 cost :  0.109399 Current Step :  580

Current Accuracy :  0.941287 cost :  0.164992 Current Step :  600

Current Accuracy :  0.956152 cost :  0.120476 Current Step :  620

Current Accuracy :  0.959525 cost :  0.111101 Current Step :  640

Current Accuracy :  0.964522 cost :  0.0981081 Current Step :  660

Current Accuracy :  0.962898 cost :  0.103564 Current Step :  680

Current Accuracy :  0.967146 cost :  0.092776 Current Step :  700

Current Accuracy :  0.965022 cost :  0.0968566 Current Step :  720

Current Accuracy :  0.963023 cost :  0.096154 Current Step :  740

Current Accuracy :  0.969519 cost :  0.0828466 Current Step :  760

Current Accuracy :  0.968645 cost :  0.0863704 Current Step :  780

Current Accuracy :  0.965272 cost :  0.0875441 Current Step :  800

Current Accuracy :  0.968395 cost :  0.0906919 Current Step :  820

Current Accuracy :  0.965272 cost :  0.0954438 Current Step :  840

Current Accuracy :  0.970269 cost :  0.0883011 Current Step :  860

Test Accuracy:  0.948

Current Accuracy :  0.531293 Cost :  254.971 Current Step :  0

Current Accuracy :  0.506933 Cost :  0.701754 Current Step :  20

Current Accuracy :  0.643098 Cost :  0.647031 Current Step :  40

Current Accuracy :  0.74416 Cost :  0.54235 Current Step :  60

Current Accuracy :  0.821611 Cost :  0.411813 Current Step :  80

Current Accuracy :  0.864585 Cost :  0.336138 Current Step :  100

Current Accuracy :  0.899188 Cost :  0.267379 Current Step :  120

Current Accuracy :  0.893941 Cost :  0.2517 Current Step :  140

Current Accuracy :  0.92005 Cost :  0.199175 Current Step :  160

Current Accuracy :  0.92055 Cost :  0.193395 Current Step :  180

Current Accuracy :  0.934541 Cost :  0.180884 Current Step :  200

Current Accuracy :  0.948282 Cost :  0.141191 Current Step :  220

Current Accuracy :  0.952655 Cost :  0.147363 Current Step :  240

Current Accuracy :  0.945284 Cost :  0.150467 Current Step :  260

Current Accuracy :  0.953279 Cost :  0.132037 Current Step :  280

Current Accuracy :  0.951031 Cost :  0.13859 Current Step :  300

Current Accuracy :  0.947908 Cost :  0.140252 Current Step :  320

Current Accuracy :  0.962648 Cost :  0.108333 Current Step :  340

Current Accuracy :  0.959775 Cost :  0.113889 Current Step :  360

Current Accuracy :  0.951655 Cost :  0.131776 Current Step :  380

Current Accuracy :  0.956277 Cost :  0.122006 Current Step :  400

Current Accuracy :  0.959775 Cost :  0.111208 Current Step :  420

Current Accuracy :  0.967021 Cost :  0.0939093 Current Step :  440

Current Accuracy :  0.950906 Cost :  0.132089 Current Step :  460

Current Accuracy :  0.961399 Cost :  0.106755 Current Step :  480

Current Accuracy :  0.962898 Cost :  0.10456 Current Step :  500

Current Accuracy :  0.952405 Cost :  0.127272 Current Step :  520

Current Accuracy :  0.957027 Cost :  0.116844 Current Step :  540

Current Accuracy :  0.960775 Cost :  0.108754 Current Step :  560

Current Accuracy :  0.969019 Cost :  0.0868476 Current Step :  580

Current Accuracy :  0.970144 Cost :  0.0822437 Current Step :  600

Test Accuracy:  0.937

Current Accuracy :  0.531293 cost :  68.2462 Current Step :  0

Current Accuracy :  0.542161 cost :  0.991608 Current Step :  20

Current Accuracy :  0.654216 cost :  0.849755 Current Step :  40

Current Accuracy :  0.726046 cost :  0.726883 Current Step :  60

Current Accuracy :  0.747033 cost :  0.670008 Current Step :  80

Current Accuracy :  0.768645 cost :  0.60708 Current Step :  100

Current Accuracy :  0.779263 cost :  0.56098 Current Step :  120

Current Accuracy :  0.78476 cost :  0.529159 Current Step :  140

Current Accuracy :  0.790006 cost :  0.50517 Current Step :  160

Current Accuracy :  0.788132 cost :  0.478496 Current Step :  180

Current Accuracy :  0.797751 cost :  0.428747 Current Step :  200

Current Accuracy :  0.804122 cost :  0.396606 Current Step :  220

Current Accuracy :  0.802873 cost :  0.370093 Current Step :  240

Current Accuracy :  0.80837 cost :  0.340958 Current Step :  260

Current Accuracy :  0.812742 cost :  0.308425 Current Step :  280

Current Accuracy :  0.799126 cost :  0.310692 Current Step :  300

Current Accuracy :  0.810868 cost :  0.283055 Current Step :  320

Current Accuracy :  0.817989 cost :  0.255347 Current Step :  340

Current Accuracy :  0.810868 cost :  0.256109 Current Step :  360

Current Accuracy :  0.933292 cost :  0.152903 Current Step :  380

Current Accuracy :  0.851343 cost :  0.340201 Current Step :  400

Current Accuracy :  0.913679 cost :  0.243193 Current Step :  420

Current Accuracy :  0.913554 cost :  0.222734 Current Step :  440

Current Accuracy :  0.92867 cost :  0.203805 Current Step :  460

Current Accuracy :  0.945534 cost :  0.163357 Current Step :  480

Current Accuracy :  0.947033 cost :  0.154205 Current Step :  500

Current Accuracy :  0.949032 cost :  0.144295 Current Step :  520

Current Accuracy :  0.92742 cost :  0.191215 Current Step :  540

Current Accuracy :  0.931668 cost :  0.178508 Current Step :  560

Current Accuracy :  0.948782 cost :  0.145314 Current Step :  580

Current Accuracy :  0.951156 cost :  0.140179 Current Step :  600

Current Accuracy :  0.953029 cost :  0.137182 Current Step :  620

Current Accuracy :  0.950156 cost :  0.152245 Current Step :  640

Current Accuracy :  0.950656 cost :  0.144801 Current Step :  660

Current Accuracy :  0.896939 cost :  0.22116 Current Step :  680

Current Accuracy :  0.92817 cost :  0.187573 Current Step :  700

Current Accuracy :  0.951156 cost :  0.14204 Current Step :  720

Current Accuracy :  0.954154 cost :  0.136649 Current Step :  740

Current Accuracy :  0.949407 cost :  0.1415 Current Step :  760

Current Accuracy :  0.959525 cost :  0.120184 Current Step :  780

Current Accuracy :  0.957402 cost :  0.125856 Current Step :  800

Current Accuracy :  0.964897 cost :  0.1085 Current Step :  820

Current Accuracy :  0.964772 cost :  0.10855 Current Step :  840

Current Accuracy :  0.966896 cost :  0.104386 Current Step :  860

Current Accuracy :  0.963023 cost :  0.113377 Current Step :  880

Current Accuracy :  0.965896 cost :  0.107928 Current Step :  900

Current Accuracy :  0.961024 cost :  0.111433 Current Step :  920

Current Accuracy :  0.965272 cost :  0.108491 Current Step :  940

Current Accuracy :  0.955403 cost :  0.125936 Current Step :  960

Current Accuracy :  0.965522 cost :  0.102909 Current Step :  980

Train Accuracy:  0.968645

Test Accuracy:  0.9425

Current Accuracy :  0.514054 Cost :  14.8574 Current Step :  0

Current Accuracy :  0.702186 Cost :  0.604291 Current Step :  20

Current Accuracy :  0.808495 Cost :  0.445389 Current Step :  40

Current Accuracy :  0.84797 Cost :  0.358884 Current Step :  60

Current Accuracy :  0.897189 Cost :  0.28414 Current Step :  80

Current Accuracy :  0.91168 Cost :  0.233083 Current Step :  100

Current Accuracy :  0.926046 Cost :  0.207103 Current Step :  120

Current Accuracy :  0.904185 Cost :  0.241711 Current Step :  140

Current Accuracy :  0.924297 Cost :  0.196834 Current Step :  160

Current Accuracy :  0.931543 Cost :  0.197511 Current Step :  180

Current Accuracy :  0.937414 Cost :  0.177331 Current Step :  200

Current Accuracy :  0.943285 Cost :  0.16404 Current Step :  220

Current Accuracy :  0.949282 Cost :  0.146711 Current Step :  240

Current Accuracy :  0.95253 Cost :  0.13467 Current Step :  260

Current Accuracy :  0.940787 Cost :  0.15562 Current Step :  280

Current Accuracy :  0.950156 Cost :  0.137617 Current Step :  300

Current Accuracy :  0.958776 Cost :  0.118458 Current Step :  320

Current Accuracy :  0.960525 Cost :  0.110049 Current Step :  340

Current Accuracy :  0.960525 Cost :  0.11356 Current Step :  360

Current Accuracy :  0.940912 Cost :  0.154295 Current Step :  380

Current Accuracy :  0.954279 Cost :  0.129432 Current Step :  400

Current Accuracy :  0.962898 Cost :  0.11215 Current Step :  420

Current Accuracy :  0.95228 Cost :  0.130822 Current Step :  440

Current Accuracy :  0.95178 Cost :  0.149613 Current Step :  460

Current Accuracy :  0.899563 Cost :  0.598877 Current Step :  480

Current Accuracy :  0.924672 Cost :  0.208832 Current Step :  500

Current Accuracy :  0.939663 Cost :  0.163184 Current Step :  520

Current Accuracy :  0.940287 Cost :  0.166393 Current Step :  540

Current Accuracy :  0.956277 Cost :  0.130305 Current Step :  560

Current Accuracy :  0.957901 Cost :  0.126378 Current Step :  580

Current Accuracy :  0.955153 Cost :  0.134126 Current Step :  600

Current Accuracy :  0.95203 Cost :  0.143551 Current Step :  620

Current Accuracy :  0.957027 Cost :  0.125597 Current Step :  640

Current Accuracy :  0.960025 Cost :  0.123201 Current Step :  660

Current Accuracy :  0.966271 Cost :  0.106732 Current Step :  680

Current Accuracy :  0.963898 Cost :  0.110655 Current Step :  700

Current Accuracy :  0.964022 Cost :  0.115866 Current Step :  720

Current Accuracy :  0.963648 Cost :  0.112311 Current Step :  740

Current Accuracy :  0.959775 Cost :  0.116484 Current Step :  760

Current Accuracy :  0.965646 Cost :  0.0996988 Current Step :  780

Current Accuracy :  0.973766 Cost :  0.0905235 Current Step :  800

Test Accuracy:  0.919
