Traceback (most recent call last):
  File "DNN_FeatureSelection01.py", line 177, in <module>
    data = pd.read_csv(datafilename)
  File "/usr/local/lib/python3.4/dist-packages/pandas/io/parsers.py", line 655, in parser_f
    return _read(filepath_or_buffer, kwds)
  File "/usr/local/lib/python3.4/dist-packages/pandas/io/parsers.py", line 405, in _read
    parser = TextFileReader(filepath_or_buffer, **kwds)
  File "/usr/local/lib/python3.4/dist-packages/pandas/io/parsers.py", line 764, in __init__
    self._make_engine(self.engine)
  File "/usr/local/lib/python3.4/dist-packages/pandas/io/parsers.py", line 985, in _make_engine
    self._engine = CParserWrapper(self.f, **self.options)
  File "/usr/local/lib/python3.4/dist-packages/pandas/io/parsers.py", line 1605, in __init__
    self._reader = parsers.TextReader(src, **kwds)
  File "pandas/_libs/parsers.pyx", line 394, in pandas._libs.parsers.TextReader.__cinit__ (pandas/_libs/parsers.c:4209)
  File "pandas/_libs/parsers.pyx", line 710, in pandas._libs.parsers.TextReader._setup_parser_source (pandas/_libs/parsers.c:8873)
FileNotFoundError: File b'/home/tjahn/Data/FinalData0off_GSM_gene_index_result.csv' does not exist
2432 9481
Traceback (most recent call last):
  File "DNN_FeatureSelection01.py", line 213, in <module>
    train_p, train_h , test_p ,test_h, weighted_sum_result, gene_double_probability_change_df = (set_train_three_layer(nodes, learning_rate, j, gene_off))
NameError: name 'gene_off' is not defined
2018-01-30 14:27:09.918058: W tensorflow/core/platform/cpu_feature_guard.cc:45] The TensorFlow library wasn't compiled to use SSE4.1 instructions, but these are available on your machine and could speed up CPU computations.
2018-01-30 14:27:09.918296: W tensorflow/core/platform/cpu_feature_guard.cc:45] The TensorFlow library wasn't compiled to use SSE4.2 instructions, but these are available on your machine and could speed up CPU computations.
2018-01-30 14:27:09.918305: W tensorflow/core/platform/cpu_feature_guard.cc:45] The TensorFlow library wasn't compiled to use AVX instructions, but these are available on your machine and could speed up CPU computations.
2018-01-30 14:27:09.918309: W tensorflow/core/platform/cpu_feature_guard.cc:45] The TensorFlow library wasn't compiled to use AVX2 instructions, but these are available on your machine and could speed up CPU computations.
2018-01-30 14:27:09.918312: W tensorflow/core/platform/cpu_feature_guard.cc:45] The TensorFlow library wasn't compiled to use FMA instructions, but these are available on your machine and could speed up CPU computations.
2432 9481

Training Accuracy :  0.727033 Calibration Accuracy :  0.731908 Step : 1

Training Accuracy :  0.789368 Calibration Accuracy :  0.789474 Step : 2

Training Accuracy :  0.882713 Calibration Accuracy :  0.873355 Step : 3

Training Accuracy :  0.912667 Calibration Accuracy :  0.902961 Step : 4

Training Accuracy :  0.933129 Calibration Accuracy :  0.922697 Step : 5

Training Accuracy :  0.925957 Calibration Accuracy :  0.916118 Step : 6

Training Accuracy :  0.93218 Calibration Accuracy :  0.921875 Step : 7

Training Accuracy :  0.949161 Calibration Accuracy :  0.943257 Step : 8

Training Accuracy :  0.946841 Calibration Accuracy :  0.939145 Step : 9

Training Accuracy :  0.927539 Calibration Accuracy :  0.910362 Step : 10

Training Accuracy :  0.922477 Calibration Accuracy :  0.903783 Step : 11

Training Accuracy :  0.93777 Calibration Accuracy :  0.933388 Step : 12

Training Accuracy :  0.948845 Calibration Accuracy :  0.930099 Step : 13

Training Accuracy :  0.947685 Calibration Accuracy :  0.921053 Step : 14

Training Accuracy :  0.954752 Calibration Accuracy :  0.940789 Step : 15

Training Accuracy :  0.953275 Calibration Accuracy :  0.932566 Step : 16

Training Accuracy :  0.962768 Calibration Accuracy :  0.942434 Step : 17

Training Accuracy :  0.959287 Calibration Accuracy :  0.926809 Step : 18

Training Accuracy :  0.964455 Calibration Accuracy :  0.9375 Step : 19

Training Accuracy :  0.963928 Calibration Accuracy :  0.952303 Step : 20

Training Accuracy :  0.972366 Calibration Accuracy :  0.955592 Step : 21
P-Value:  0.0346130007358 
 [0.78947371, 0.87335527, 0.90296054, 0.92269737, 0.91611844, 0.921875, 0.94325656, 0.93914473, 0.91036183, 0.9037829] 
 [0.93338817, 0.93009871, 0.92105263, 0.94078946, 0.93256581, 0.94243419, 0.92680919, 0.9375, 0.95230263, 0.9555921]
Save path:  /home/tjahn/tf_save_data/sungmin/save_path/with_rare_cancer/saved 
Max_step:  21 
Max_Accuracy:  0.955592

Training Accuracy :  0.955279 Calibration Accuracy :  0.939967 Step : 22
P-Value:  0.0176667388908 
 [0.87335527, 0.90296054, 0.92269737, 0.91611844, 0.921875, 0.94325656, 0.93914473, 0.91036183, 0.9037829, 0.93338817] 
 [0.93009871, 0.92105263, 0.94078946, 0.93256581, 0.94243419, 0.92680919, 0.9375, 0.95230263, 0.9555921, 0.9399671]

Training Accuracy :  0.95781 Calibration Accuracy :  0.947368 Step : 23
P-Value:  0.0207079847489 
 [0.90296054, 0.92269737, 0.91611844, 0.921875, 0.94325656, 0.93914473, 0.91036183, 0.9037829, 0.93338817, 0.93009871] 
 [0.92105263, 0.94078946, 0.93256581, 0.94243419, 0.92680919, 0.9375, 0.95230263, 0.9555921, 0.9399671, 0.94736844]

Training Accuracy :  0.956334 Calibration Accuracy :  0.928454 Step : 24
P-Value:  0.0289902836963 
 [0.92269737, 0.91611844, 0.921875, 0.94325656, 0.93914473, 0.91036183, 0.9037829, 0.93338817, 0.93009871, 0.92105263] 
 [0.94078946, 0.93256581, 0.94243419, 0.92680919, 0.9375, 0.95230263, 0.9555921, 0.9399671, 0.94736844, 0.92845392]

Training Accuracy :  0.954857 Calibration Accuracy :  0.944079 Step : 25
P-Value:  0.0461199308399 
 [0.91611844, 0.921875, 0.94325656, 0.93914473, 0.91036183, 0.9037829, 0.93338817, 0.93009871, 0.92105263, 0.94078946] 
 [0.93256581, 0.94243419, 0.92680919, 0.9375, 0.95230263, 0.9555921, 0.9399671, 0.94736844, 0.92845392, 0.94407892]

Training Accuracy :  0.968041 Calibration Accuracy :  0.950658 Step : 26
P-Value:  0.0443985709283 
 [0.921875, 0.94325656, 0.93914473, 0.91036183, 0.9037829, 0.93338817, 0.93009871, 0.92105263, 0.94078946, 0.93256581] 
 [0.94243419, 0.92680919, 0.9375, 0.95230263, 0.9555921, 0.9399671, 0.94736844, 0.92845392, 0.94407892, 0.9506579]

Training Accuracy :  0.958338 Calibration Accuracy :  0.933388 Step : 27
P-Value:  0.111490896886 
 [0.94325656, 0.93914473, 0.91036183, 0.9037829, 0.93338817, 0.93009871, 0.92105263, 0.94078946, 0.93256581, 0.94243419] 
 [0.92680919, 0.9375, 0.95230263, 0.9555921, 0.9399671, 0.94736844, 0.92845392, 0.94407892, 0.9506579, 0.93338817]

Training Accuracy :  0.979222 Calibration Accuracy :  0.957237 Step : 28
P-Value:  0.0247378384501 
 [0.93914473, 0.91036183, 0.9037829, 0.93338817, 0.93009871, 0.92105263, 0.94078946, 0.93256581, 0.94243419, 0.92680919] 
 [0.9375, 0.95230263, 0.9555921, 0.9399671, 0.94736844, 0.92845392, 0.94407892, 0.9506579, 0.93338817, 0.95723683]
Save path:  /home/tjahn/tf_save_data/sungmin/save_path/with_rare_cancer/saved 
Max_step:  28 
Max_Accuracy:  0.957237

Training Accuracy :  0.946525 Calibration Accuracy :  0.922697 Step : 29
P-Value:  0.048876923576 
 [0.91036183, 0.9037829, 0.93338817, 0.93009871, 0.92105263, 0.94078946, 0.93256581, 0.94243419, 0.92680919, 0.9375] 
 [0.95230263, 0.9555921, 0.9399671, 0.94736844, 0.92845392, 0.94407892, 0.9506579, 0.93338817, 0.95723683, 0.92269737]

Training Accuracy :  0.981331 Calibration Accuracy :  0.962993 Step : 30
P-Value:  0.0745300836046 
 [0.9037829, 0.93338817, 0.93009871, 0.92105263, 0.94078946, 0.93256581, 0.94243419, 0.92680919, 0.9375, 0.95230263] 
 [0.9555921, 0.9399671, 0.94736844, 0.92845392, 0.94407892, 0.9506579, 0.93338817, 0.95723683, 0.92269737, 0.96299344]
Save path:  /home/tjahn/tf_save_data/sungmin/save_path/with_rare_cancer/saved 
Max_step:  30 
Max_Accuracy:  0.962993

Training Accuracy :  0.981964 Calibration Accuracy :  0.967105 Step : 31
P-Value:  0.0810141501965 
 [0.93338817, 0.93009871, 0.92105263, 0.94078946, 0.93256581, 0.94243419, 0.92680919, 0.9375, 0.95230263, 0.9555921] 
 [0.9399671, 0.94736844, 0.92845392, 0.94407892, 0.9506579, 0.93338817, 0.95723683, 0.92269737, 0.96299344, 0.96710527]
Save path:  /home/tjahn/tf_save_data/sungmin/save_path/with_rare_cancer/saved 
Max_step:  31 
Max_Accuracy:  0.967105

Training Accuracy :  0.980382 Calibration Accuracy :  0.95477 Step : 32
P-Value:  0.061112195982 
 [0.93009871, 0.92105263, 0.94078946, 0.93256581, 0.94243419, 0.92680919, 0.9375, 0.95230263, 0.9555921, 0.9399671] 
 [0.94736844, 0.92845392, 0.94407892, 0.9506579, 0.93338817, 0.95723683, 0.92269737, 0.96299344, 0.96710527, 0.95476973]

Training Accuracy :  0.982808 Calibration Accuracy :  0.960526 Step : 33
P-Value:  0.0676885918718 
 [0.92105263, 0.94078946, 0.93256581, 0.94243419, 0.92680919, 0.9375, 0.95230263, 0.9555921, 0.9399671, 0.94736844] 
 [0.92845392, 0.94407892, 0.9506579, 0.93338817, 0.95723683, 0.92269737, 0.96299344, 0.96710527, 0.95476973, 0.96052629]

Training Accuracy :  0.984812 Calibration Accuracy :  0.967105 Step : 34
P-Value:  0.0475426582124 
 [0.94078946, 0.93256581, 0.94243419, 0.92680919, 0.9375, 0.95230263, 0.9555921, 0.9399671, 0.94736844, 0.92845392] 
 [0.94407892, 0.9506579, 0.93338817, 0.95723683, 0.92269737, 0.96299344, 0.96710527, 0.95476973, 0.96052629, 0.96710527]

Training Accuracy :  0.983546 Calibration Accuracy :  0.964638 Step : 35
P-Value:  0.0267303495016 
 [0.93256581, 0.94243419, 0.92680919, 0.9375, 0.95230263, 0.9555921, 0.9399671, 0.94736844, 0.92845392, 0.94407892] 
 [0.9506579, 0.93338817, 0.95723683, 0.92269737, 0.96299344, 0.96710527, 0.95476973, 0.96052629, 0.96710527, 0.96463817]

Training Accuracy :  0.98671 Calibration Accuracy :  0.967928 Step : 36
P-Value:  0.0272693910682 
 [0.94243419, 0.92680919, 0.9375, 0.95230263, 0.9555921, 0.9399671, 0.94736844, 0.92845392, 0.94407892, 0.9506579] 
 [0.93338817, 0.95723683, 0.92269737, 0.96299344, 0.96710527, 0.95476973, 0.96052629, 0.96710527, 0.96463817, 0.96792763]
Save path:  /home/tjahn/tf_save_data/sungmin/save_path/with_rare_cancer/saved 
Max_step:  36 
Max_Accuracy:  0.967928

Training Accuracy :  0.984812 Calibration Accuracy :  0.962993 Step : 37
P-Value:  0.00477084252114 
 [0.92680919, 0.9375, 0.95230263, 0.9555921, 0.9399671, 0.94736844, 0.92845392, 0.94407892, 0.9506579, 0.93338817] 
 [0.95723683, 0.92269737, 0.96299344, 0.96710527, 0.95476973, 0.96052629, 0.96710527, 0.96463817, 0.96792763, 0.96299344]

Training Accuracy :  0.983441 Calibration Accuracy :  0.96875 Step : 38
P-Value:  0.00697822070776 
 [0.9375, 0.95230263, 0.9555921, 0.9399671, 0.94736844, 0.92845392, 0.94407892, 0.9506579, 0.93338817, 0.95723683] 
 [0.92269737, 0.96299344, 0.96710527, 0.95476973, 0.96052629, 0.96710527, 0.96463817, 0.96792763, 0.96299344, 0.96875]
Save path:  /home/tjahn/tf_save_data/sungmin/save_path/with_rare_cancer/saved 
Max_step:  38 
Max_Accuracy:  0.96875

Training Accuracy :  0.98439 Calibration Accuracy :  0.961349 Step : 39
P-Value:  0.000224999211167 
 [0.95230263, 0.9555921, 0.9399671, 0.94736844, 0.92845392, 0.94407892, 0.9506579, 0.93338817, 0.95723683, 0.92269737] 
 [0.96299344, 0.96710527, 0.95476973, 0.96052629, 0.96710527, 0.96463817, 0.96792763, 0.96299344, 0.96875, 0.96134871]

Training Accuracy :  0.984917 Calibration Accuracy :  0.965461 Step : 40
P-Value:  0.000584290021234 
 [0.9555921, 0.9399671, 0.94736844, 0.92845392, 0.94407892, 0.9506579, 0.93338817, 0.95723683, 0.92269737, 0.96299344] 
 [0.96710527, 0.95476973, 0.96052629, 0.96710527, 0.96463817, 0.96792763, 0.96299344, 0.96875, 0.96134871, 0.96546054]

Training Accuracy :  0.987027 Calibration Accuracy :  0.964638 Step : 41
P-Value:  0.00229662629262 
 [0.9399671, 0.94736844, 0.92845392, 0.94407892, 0.9506579, 0.93338817, 0.95723683, 0.92269737, 0.96299344, 0.96710527] 
 [0.95476973, 0.96052629, 0.96710527, 0.96463817, 0.96792763, 0.96299344, 0.96875, 0.96134871, 0.96546054, 0.96463817]

Training Accuracy :  0.98112 Calibration Accuracy :  0.966283 Step : 42
P-Value:  0.00272342606541 
 [0.94736844, 0.92845392, 0.94407892, 0.9506579, 0.93338817, 0.95723683, 0.92269737, 0.96299344, 0.96710527, 0.95476973] 
 [0.96052629, 0.96710527, 0.96463817, 0.96792763, 0.96299344, 0.96875, 0.96134871, 0.96546054, 0.96463817, 0.9662829]

Training Accuracy :  0.980698 Calibration Accuracy :  0.953125 Step : 43
P-Value:  0.0119064275538 
 [0.92845392, 0.94407892, 0.9506579, 0.93338817, 0.95723683, 0.92269737, 0.96299344, 0.96710527, 0.95476973, 0.96052629] 
 [0.96710527, 0.96463817, 0.96792763, 0.96299344, 0.96875, 0.96134871, 0.96546054, 0.96463817, 0.9662829, 0.953125]

Training Accuracy :  0.979854 Calibration Accuracy :  0.960526 Step : 44
P-Value:  0.0425703014207 
 [0.94407892, 0.9506579, 0.93338817, 0.95723683, 0.92269737, 0.96299344, 0.96710527, 0.95476973, 0.96052629, 0.96710527] 
 [0.96463817, 0.96792763, 0.96299344, 0.96875, 0.96134871, 0.96546054, 0.96463817, 0.9662829, 0.953125, 0.96052629]

Training Accuracy :  0.98882 Calibration Accuracy :  0.967928 Step : 45
P-Value:  0.0732498048486 
 [0.9506579, 0.93338817, 0.95723683, 0.92269737, 0.96299344, 0.96710527, 0.95476973, 0.96052629, 0.96710527, 0.96463817] 
 [0.96792763, 0.96299344, 0.96875, 0.96134871, 0.96546054, 0.96463817, 0.9662829, 0.953125, 0.96052629, 0.96792763]

Training Accuracy :  0.979538 Calibration Accuracy :  0.958882 Step : 46
P-Value:  0.192952754774 
 [0.93338817, 0.95723683, 0.92269737, 0.96299344, 0.96710527, 0.95476973, 0.96052629, 0.96710527, 0.96463817, 0.96792763] 
 [0.96299344, 0.96875, 0.96134871, 0.96546054, 0.96463817, 0.9662829, 0.953125, 0.96052629, 0.96792763, 0.95888156]

Training Accuracy :  0.987343 Calibration Accuracy :  0.965461 Step : 47
P-Value:  0.342912283522 
 [0.95723683, 0.92269737, 0.96299344, 0.96710527, 0.95476973, 0.96052629, 0.96710527, 0.96463817, 0.96792763, 0.96299344] 
 [0.96875, 0.96134871, 0.96546054, 0.96463817, 0.9662829, 0.953125, 0.96052629, 0.96792763, 0.95888156, 0.96546054]

Training Accuracy :  0.985761 Calibration Accuracy :  0.972039 Step : 48
P-Value:  0.428634472828 
 [0.92269737, 0.96299344, 0.96710527, 0.95476973, 0.96052629, 0.96710527, 0.96463817, 0.96792763, 0.96299344, 0.96875] 
 [0.96134871, 0.96546054, 0.96463817, 0.9662829, 0.953125, 0.96052629, 0.96792763, 0.95888156, 0.96546054, 0.97203946]
Save path:  /home/tjahn/tf_save_data/sungmin/save_path/with_rare_cancer/saved 
Max_step:  48 
Max_Accuracy:  0.972039

Training Accuracy :  0.988714 Calibration Accuracy :  0.96875 Step : 49
P-Value:  0.821210811431 
 [0.96299344, 0.96710527, 0.95476973, 0.96052629, 0.96710527, 0.96463817, 0.96792763, 0.96299344, 0.96875, 0.96134871] 
 [0.96546054, 0.96463817, 0.9662829, 0.953125, 0.96052629, 0.96792763, 0.95888156, 0.96546054, 0.97203946, 0.96875]

Training Accuracy :  0.987343 Calibration Accuracy :  0.970395 Step : 50
P-Value:  0.739730285255 
 [0.96710527, 0.95476973, 0.96052629, 0.96710527, 0.96463817, 0.96792763, 0.96299344, 0.96875, 0.96134871, 0.96546054] 
 [0.96463817, 0.9662829, 0.953125, 0.96052629, 0.96792763, 0.95888156, 0.96546054, 0.97203946, 0.96875, 0.97039473]

Training Accuracy :  0.986183 Calibration Accuracy :  0.967928 Step : 51
P-Value:  0.554182037248 
 [0.95476973, 0.96052629, 0.96710527, 0.96463817, 0.96792763, 0.96299344, 0.96875, 0.96134871, 0.96546054, 0.96463817] 
 [0.9662829, 0.953125, 0.96052629, 0.96792763, 0.95888156, 0.96546054, 0.97203946, 0.96875, 0.97039473, 0.96792763]

Training Accuracy :  0.981331 Calibration Accuracy :  0.958882 Step : 52
P-Value:  0.776665914867 
 [0.96052629, 0.96710527, 0.96463817, 0.96792763, 0.96299344, 0.96875, 0.96134871, 0.96546054, 0.96463817, 0.9662829] 
 [0.953125, 0.96052629, 0.96792763, 0.95888156, 0.96546054, 0.97203946, 0.96875, 0.97039473, 0.96792763, 0.95888156]

Training Accuracy :  0.985128 Calibration Accuracy :  0.962993 Step : 53
P-Value:  0.589766921833 
 [0.96710527, 0.96463817, 0.96792763, 0.96299344, 0.96875, 0.96134871, 0.96546054, 0.96463817, 0.9662829, 0.953125] 
 [0.96052629, 0.96792763, 0.95888156, 0.96546054, 0.97203946, 0.96875, 0.97039473, 0.96792763, 0.95888156, 0.96299344]

Training Accuracy :  0.989558 Calibration Accuracy :  0.972862 Step : 54
P-Value:  0.188342959144 
 [0.96463817, 0.96792763, 0.96299344, 0.96875, 0.96134871, 0.96546054, 0.96463817, 0.9662829, 0.953125, 0.96052629] 
 [0.96792763, 0.95888156, 0.96546054, 0.97203946, 0.96875, 0.97039473, 0.96792763, 0.95888156, 0.96299344, 0.97286183]
Save path:  /home/tjahn/tf_save_data/sungmin/save_path/with_rare_cancer/saved 
Max_step:  54 
Max_Accuracy:  0.972862

Training Accuracy :  0.983019 Calibration Accuracy :  0.959704 Step : 55
P-Value:  0.453611261489 
 [0.96792763, 0.96299344, 0.96875, 0.96134871, 0.96546054, 0.96463817, 0.9662829, 0.953125, 0.96052629, 0.96792763] 
 [0.95888156, 0.96546054, 0.97203946, 0.96875, 0.97039473, 0.96792763, 0.95888156, 0.96299344, 0.97286183, 0.95970392]

Training Accuracy :  0.98671 Calibration Accuracy :  0.966283 Step : 56
P-Value:  0.131343583121 
 [0.96299344, 0.96875, 0.96134871, 0.96546054, 0.96463817, 0.9662829, 0.953125, 0.96052629, 0.96792763, 0.95888156] 
 [0.96546054, 0.97203946, 0.96875, 0.97039473, 0.96792763, 0.95888156, 0.96299344, 0.97286183, 0.95970392, 0.9662829]

Training Accuracy :  0.982175 Calibration Accuracy :  0.963816 Step : 57
P-Value:  0.187775687347 
 [0.96875, 0.96134871, 0.96546054, 0.96463817, 0.9662829, 0.953125, 0.96052629, 0.96792763, 0.95888156, 0.96546054] 
 [0.97203946, 0.96875, 0.97039473, 0.96792763, 0.95888156, 0.96299344, 0.97286183, 0.95970392, 0.9662829, 0.96381581]

Training Accuracy :  0.977956 Calibration Accuracy :  0.952303 Step : 58
P-Value:  0.800907277519 
 [0.96134871, 0.96546054, 0.96463817, 0.9662829, 0.953125, 0.96052629, 0.96792763, 0.95888156, 0.96546054, 0.97203946] 
 [0.96875, 0.97039473, 0.96792763, 0.95888156, 0.96299344, 0.97286183, 0.95970392, 0.9662829, 0.96381581, 0.95230263]

Training Accuracy :  0.984601 Calibration Accuracy :  0.966283 Step : 59
P-Value:  0.958728789152 
 [0.96546054, 0.96463817, 0.9662829, 0.953125, 0.96052629, 0.96792763, 0.95888156, 0.96546054, 0.97203946, 0.96875] 
 [0.97039473, 0.96792763, 0.95888156, 0.96299344, 0.97286183, 0.95970392, 0.9662829, 0.96381581, 0.95230263, 0.9662829]

Training Accuracy :  0.979538 Calibration Accuracy :  0.950658 Step : 60
P-Value:  0.481507370426 
 [0.96463817, 0.9662829, 0.953125, 0.96052629, 0.96792763, 0.95888156, 0.96546054, 0.97203946, 0.96875, 0.97039473] 
 [0.96792763, 0.95888156, 0.96299344, 0.97286183, 0.95970392, 0.9662829, 0.96381581, 0.95230263, 0.9662829, 0.9506579]

Training Accuracy :  0.98787 Calibration Accuracy :  0.965461 Step : 61
P-Value:  0.386523485314 
 [0.9662829, 0.953125, 0.96052629, 0.96792763, 0.95888156, 0.96546054, 0.97203946, 0.96875, 0.97039473, 0.96792763] 
 [0.95888156, 0.96299344, 0.97286183, 0.95970392, 0.9662829, 0.96381581, 0.95230263, 0.9662829, 0.9506579, 0.96546054]

Training Accuracy :  0.983862 Calibration Accuracy :  0.95477 Step : 62
P-Value:  0.43160905518 
 [0.953125, 0.96052629, 0.96792763, 0.95888156, 0.96546054, 0.97203946, 0.96875, 0.97039473, 0.96792763, 0.95888156] 
 [0.96299344, 0.97286183, 0.95970392, 0.9662829, 0.96381581, 0.95230263, 0.9662829, 0.9506579, 0.96546054, 0.95476973]

Training Accuracy :  0.964666 Calibration Accuracy :  0.930921 Step : 63
P-Value:  0.129234487098 
 [0.96052629, 0.96792763, 0.95888156, 0.96546054, 0.97203946, 0.96875, 0.97039473, 0.96792763, 0.95888156, 0.96299344] 
 [0.97286183, 0.95970392, 0.9662829, 0.96381581, 0.95230263, 0.9662829, 0.9506579, 0.96546054, 0.95476973, 0.93092108]

Training Accuracy :  0.977745 Calibration Accuracy :  0.952303 Step : 64
P-Value:  0.0238019024639 
 [0.96792763, 0.95888156, 0.96546054, 0.97203946, 0.96875, 0.97039473, 0.96792763, 0.95888156, 0.96299344, 0.97286183] 
 [0.95970392, 0.9662829, 0.96381581, 0.95230263, 0.9662829, 0.9506579, 0.96546054, 0.95476973, 0.93092108, 0.95230263]

Training Accuracy :  0.981647 Calibration Accuracy :  0.95477 Step : 65
P-Value:  0.0284914590022 
 [0.95888156, 0.96546054, 0.97203946, 0.96875, 0.97039473, 0.96792763, 0.95888156, 0.96299344, 0.97286183, 0.95970392] 
 [0.9662829, 0.96381581, 0.95230263, 0.9662829, 0.9506579, 0.96546054, 0.95476973, 0.93092108, 0.95230263, 0.95476973]

Training Accuracy :  0.97669 Calibration Accuracy :  0.939145 Step : 66
P-Value:  0.00501851577639 
 [0.96546054, 0.97203946, 0.96875, 0.97039473, 0.96792763, 0.95888156, 0.96299344, 0.97286183, 0.95970392, 0.9662829] 
 [0.96381581, 0.95230263, 0.9662829, 0.9506579, 0.96546054, 0.95476973, 0.93092108, 0.95230263, 0.95476973, 0.93914473]

Training Accuracy :  0.952959 Calibration Accuracy :  0.92023 Step : 67
P-Value:  0.00330261523887 
 [0.97203946, 0.96875, 0.97039473, 0.96792763, 0.95888156, 0.96299344, 0.97286183, 0.95970392, 0.9662829, 0.96381581] 
 [0.95230263, 0.9662829, 0.9506579, 0.96546054, 0.95476973, 0.93092108, 0.95230263, 0.95476973, 0.93914473, 0.92023027]

Training Accuracy :  0.977007 Calibration Accuracy :  0.957237 Step : 68
P-Value:  0.01380623433 
 [0.96875, 0.97039473, 0.96792763, 0.95888156, 0.96299344, 0.97286183, 0.95970392, 0.9662829, 0.96381581, 0.95230263] 
 [0.9662829, 0.9506579, 0.96546054, 0.95476973, 0.93092108, 0.95230263, 0.95476973, 0.93914473, 0.92023027, 0.95723683]

Training Accuracy :  0.982808 Calibration Accuracy :  0.95477 Step : 69
P-Value:  0.0085205307039 
 [0.97039473, 0.96792763, 0.95888156, 0.96299344, 0.97286183, 0.95970392, 0.9662829, 0.96381581, 0.95230263, 0.9662829] 
 [0.9506579, 0.96546054, 0.95476973, 0.93092108, 0.95230263, 0.95476973, 0.93914473, 0.92023027, 0.95723683, 0.95476973]

Training Accuracy :  0.979644 Calibration Accuracy :  0.946546 Step : 70
P-Value:  0.0161981678013 
 [0.96792763, 0.95888156, 0.96299344, 0.97286183, 0.95970392, 0.9662829, 0.96381581, 0.95230263, 0.9662829, 0.9506579] 
 [0.96546054, 0.95476973, 0.93092108, 0.95230263, 0.95476973, 0.93914473, 0.92023027, 0.95723683, 0.95476973, 0.94654608]

Training Accuracy :  0.977639 Calibration Accuracy :  0.952303 Step : 71
P-Value:  0.00943063460057 
 [0.95888156, 0.96299344, 0.97286183, 0.95970392, 0.9662829, 0.96381581, 0.95230263, 0.9662829, 0.9506579, 0.96546054] 
 [0.95476973, 0.93092108, 0.95230263, 0.95476973, 0.93914473, 0.92023027, 0.95723683, 0.95476973, 0.94654608, 0.95230263]

Training Accuracy :  0.979116 Calibration Accuracy :  0.949836 Step : 72
P-Value:  0.00895745345794 
 [0.96299344, 0.97286183, 0.95970392, 0.9662829, 0.96381581, 0.95230263, 0.9662829, 0.9506579, 0.96546054, 0.95476973] 
 [0.93092108, 0.95230263, 0.95476973, 0.93914473, 0.92023027, 0.95723683, 0.95476973, 0.94654608, 0.95230263, 0.94983554]

Training Accuracy :  0.98439 Calibration Accuracy :  0.965461 Step : 73
P-Value:  0.198871659133 
 [0.97286183, 0.95970392, 0.9662829, 0.96381581, 0.95230263, 0.9662829, 0.9506579, 0.96546054, 0.95476973, 0.93092108] 
 [0.95230263, 0.95476973, 0.93914473, 0.92023027, 0.95723683, 0.95476973, 0.94654608, 0.95230263, 0.94983554, 0.96546054]

Training Accuracy :  0.984917 Calibration Accuracy :  0.960526 Step : 74
P-Value:  0.373944358295 
 [0.95970392, 0.9662829, 0.96381581, 0.95230263, 0.9662829, 0.9506579, 0.96546054, 0.95476973, 0.93092108, 0.95230263] 
 [0.95476973, 0.93914473, 0.92023027, 0.95723683, 0.95476973, 0.94654608, 0.95230263, 0.94983554, 0.96546054, 0.96052629]

Training Accuracy :  0.836199 Calibration Accuracy :  0.828947 Step : 75
P-Value:  0.213847262074 
 [0.9662829, 0.96381581, 0.95230263, 0.9662829, 0.9506579, 0.96546054, 0.95476973, 0.93092108, 0.95230263, 0.95476973] 
 [0.93914473, 0.92023027, 0.95723683, 0.95476973, 0.94654608, 0.95230263, 0.94983554, 0.96546054, 0.96052629, 0.82894737]

Training Accuracy :  0.94104 Calibration Accuracy :  0.917763 Step : 76
P-Value:  0.226491911755 
 [0.96381581, 0.95230263, 0.9662829, 0.9506579, 0.96546054, 0.95476973, 0.93092108, 0.95230263, 0.95476973, 0.93914473] 
 [0.92023027, 0.95723683, 0.95476973, 0.94654608, 0.95230263, 0.94983554, 0.96546054, 0.96052629, 0.82894737, 0.91776317]

Training Accuracy :  0.967514 Calibration Accuracy :  0.945724 Step : 77
P-Value:  0.458455441435 
 [0.95230263, 0.9662829, 0.9506579, 0.96546054, 0.95476973, 0.93092108, 0.95230263, 0.95476973, 0.93914473, 0.92023027] 
 [0.95723683, 0.95476973, 0.94654608, 0.95230263, 0.94983554, 0.96546054, 0.96052629, 0.82894737, 0.91776317, 0.94572371]

Training Accuracy :  0.970784 Calibration Accuracy :  0.947368 Step : 78
P-Value:  0.39772227139 
 [0.9662829, 0.9506579, 0.96546054, 0.95476973, 0.93092108, 0.95230263, 0.95476973, 0.93914473, 0.92023027, 0.95723683] 
 [0.95476973, 0.94654608, 0.95230263, 0.94983554, 0.96546054, 0.96052629, 0.82894737, 0.91776317, 0.94572371, 0.94736844]

Training Accuracy :  0.976585 Calibration Accuracy :  0.95148 Step : 79
P-Value:  0.429879071312 
 [0.9506579, 0.96546054, 0.95476973, 0.93092108, 0.95230263, 0.95476973, 0.93914473, 0.92023027, 0.95723683, 0.95476973] 
 [0.94654608, 0.95230263, 0.94983554, 0.96546054, 0.96052629, 0.82894737, 0.91776317, 0.94572371, 0.94736844, 0.95148027]

Training Accuracy :  0.971733 Calibration Accuracy :  0.944079 Step : 80
P-Value:  0.436653829035 
 [0.96546054, 0.95476973, 0.93092108, 0.95230263, 0.95476973, 0.93914473, 0.92023027, 0.95723683, 0.95476973, 0.94654608] 
 [0.95230263, 0.94983554, 0.96546054, 0.96052629, 0.82894737, 0.91776317, 0.94572371, 0.94736844, 0.95148027, 0.94407892]

Training Accuracy :  0.975319 Calibration Accuracy :  0.948191 Step : 81
P-Value:  0.473675955273 
 [0.95476973, 0.93092108, 0.95230263, 0.95476973, 0.93914473, 0.92023027, 0.95723683, 0.95476973, 0.94654608, 0.95230263] 
 [0.94983554, 0.96546054, 0.96052629, 0.82894737, 0.91776317, 0.94572371, 0.94736844, 0.95148027, 0.94407892, 0.94819081]

Training Accuracy :  0.96994 Calibration Accuracy :  0.946546 Step : 82
P-Value:  0.480772341566 
 [0.93092108, 0.95230263, 0.95476973, 0.93914473, 0.92023027, 0.95723683, 0.95476973, 0.94654608, 0.95230263, 0.94983554] 
 [0.96546054, 0.96052629, 0.82894737, 0.91776317, 0.94572371, 0.94736844, 0.95148027, 0.94407892, 0.94819081, 0.94654608]

Training Accuracy :  0.971944 Calibration Accuracy :  0.946546 Step : 83
P-Value:  0.260646958032 
 [0.95230263, 0.95476973, 0.93914473, 0.92023027, 0.95723683, 0.95476973, 0.94654608, 0.95230263, 0.94983554, 0.96546054] 
 [0.96052629, 0.82894737, 0.91776317, 0.94572371, 0.94736844, 0.95148027, 0.94407892, 0.94819081, 0.94654608, 0.94654608]

Training Accuracy :  0.978694 Calibration Accuracy :  0.953947 Step : 84
P-Value:  0.213940487342 
 [0.95476973, 0.93914473, 0.92023027, 0.95723683, 0.95476973, 0.94654608, 0.95230263, 0.94983554, 0.96546054, 0.96052629] 
 [0.82894737, 0.91776317, 0.94572371, 0.94736844, 0.95148027, 0.94407892, 0.94819081, 0.94654608, 0.94654608, 0.95394737]

Training Accuracy :  0.978167 Calibration Accuracy :  0.952303 Step : 85
P-Value:  0.571212804135 
 [0.93914473, 0.92023027, 0.95723683, 0.95476973, 0.94654608, 0.95230263, 0.94983554, 0.96546054, 0.96052629, 0.82894737] 
 [0.91776317, 0.94572371, 0.94736844, 0.95148027, 0.94407892, 0.94819081, 0.94654608, 0.94654608, 0.95394737, 0.95230263]

Training Accuracy :  0.980487 Calibration Accuracy :  0.952303 Step : 86
P-Value:  0.335069768703 
 [0.92023027, 0.95723683, 0.95476973, 0.94654608, 0.95230263, 0.94983554, 0.96546054, 0.96052629, 0.82894737, 0.91776317] 
 [0.94572371, 0.94736844, 0.95148027, 0.94407892, 0.94819081, 0.94654608, 0.94654608, 0.95394737, 0.95230263, 0.95230263]

Training Accuracy :  0.98439 Calibration Accuracy :  0.953125 Step : 87
P-Value:  0.398804316605 
 [0.95723683, 0.95476973, 0.94654608, 0.95230263, 0.94983554, 0.96546054, 0.96052629, 0.82894737, 0.91776317, 0.94572371] 
 [0.94736844, 0.95148027, 0.94407892, 0.94819081, 0.94654608, 0.94654608, 0.95394737, 0.95230263, 0.95230263, 0.953125]

Training Accuracy :  0.987027 Calibration Accuracy :  0.960526 Step : 88
P-Value:  0.308953351064 
 [0.95476973, 0.94654608, 0.95230263, 0.94983554, 0.96546054, 0.96052629, 0.82894737, 0.91776317, 0.94572371, 0.94736844] 
 [0.95148027, 0.94407892, 0.94819081, 0.94654608, 0.94654608, 0.95394737, 0.95230263, 0.95230263, 0.953125, 0.96052629]

Training Accuracy :  0.981964 Calibration Accuracy :  0.958059 Step : 89
P-Value:  0.274278327636 
 [0.94654608, 0.95230263, 0.94983554, 0.96546054, 0.96052629, 0.82894737, 0.91776317, 0.94572371, 0.94736844, 0.95148027] 
 [0.94407892, 0.94819081, 0.94654608, 0.94654608, 0.95394737, 0.95230263, 0.95230263, 0.953125, 0.96052629, 0.95805919]

Training Accuracy :  0.990085 Calibration Accuracy :  0.965461 Step : 90
P-Value:  0.205570361608 
 [0.95230263, 0.94983554, 0.96546054, 0.96052629, 0.82894737, 0.91776317, 0.94572371, 0.94736844, 0.95148027, 0.94407892] 
 [0.94819081, 0.94654608, 0.94654608, 0.95394737, 0.95230263, 0.95230263, 0.953125, 0.96052629, 0.95805919, 0.96546054]

Training Accuracy :  0.981964 Calibration Accuracy :  0.962993 Step : 91
P-Value:  0.158116199206 
 [0.94983554, 0.96546054, 0.96052629, 0.82894737, 0.91776317, 0.94572371, 0.94736844, 0.95148027, 0.94407892, 0.94819081] 
 [0.94654608, 0.94654608, 0.95394737, 0.95230263, 0.95230263, 0.953125, 0.96052629, 0.95805919, 0.96546054, 0.96299344]

Training Accuracy :  0.989453 Calibration Accuracy :  0.964638 Step : 92
P-Value:  0.114959009014 
 [0.96546054, 0.96052629, 0.82894737, 0.91776317, 0.94572371, 0.94736844, 0.95148027, 0.94407892, 0.94819081, 0.94654608] 
 [0.94654608, 0.95394737, 0.95230263, 0.95230263, 0.953125, 0.96052629, 0.95805919, 0.96546054, 0.96299344, 0.96463817]

Training Accuracy :  0.991773 Calibration Accuracy :  0.966283 Step : 93
P-Value:  0.0544266875701 
 [0.96052629, 0.82894737, 0.91776317, 0.94572371, 0.94736844, 0.95148027, 0.94407892, 0.94819081, 0.94654608, 0.94654608] 
 [0.95394737, 0.95230263, 0.95230263, 0.953125, 0.96052629, 0.95805919, 0.96546054, 0.96299344, 0.96463817, 0.9662829]

Training Accuracy :  0.988398 Calibration Accuracy :  0.96875 Step : 94
P-Value:  0.0338274776061 
 [0.82894737, 0.91776317, 0.94572371, 0.94736844, 0.95148027, 0.94407892, 0.94819081, 0.94654608, 0.94654608, 0.95394737] 
 [0.95230263, 0.95230263, 0.953125, 0.96052629, 0.95805919, 0.96546054, 0.96299344, 0.96463817, 0.9662829, 0.96875]

Training Accuracy :  0.989769 Calibration Accuracy :  0.965461 Step : 95
P-Value:  0.000112116709011 
 [0.91776317, 0.94572371, 0.94736844, 0.95148027, 0.94407892, 0.94819081, 0.94654608, 0.94654608, 0.95394737, 0.95230263] 
 [0.95230263, 0.953125, 0.96052629, 0.95805919, 0.96546054, 0.96299344, 0.96463817, 0.9662829, 0.96875, 0.96546054]

Training Accuracy :  0.98555 Calibration Accuracy :  0.965461 Step : 96
P-Value:  5.91431848204e-06 
 [0.94572371, 0.94736844, 0.95148027, 0.94407892, 0.94819081, 0.94654608, 0.94654608, 0.95394737, 0.95230263, 0.95230263] 
 [0.953125, 0.96052629, 0.95805919, 0.96546054, 0.96299344, 0.96463817, 0.9662829, 0.96875, 0.96546054, 0.96546054]

Training Accuracy :  0.972788 Calibration Accuracy :  0.940789 Step : 97
P-Value:  0.00290470644537 
 [0.94736844, 0.95148027, 0.94407892, 0.94819081, 0.94654608, 0.94654608, 0.95394737, 0.95230263, 0.95230263, 0.953125] 
 [0.96052629, 0.95805919, 0.96546054, 0.96299344, 0.96463817, 0.9662829, 0.96875, 0.96546054, 0.96546054, 0.94078946]

Training Accuracy :  0.984495 Calibration Accuracy :  0.952303 Step : 98
P-Value:  0.0216849497293 
 [0.95148027, 0.94407892, 0.94819081, 0.94654608, 0.94654608, 0.95394737, 0.95230263, 0.95230263, 0.953125, 0.96052629] 
 [0.95805919, 0.96546054, 0.96299344, 0.96463817, 0.9662829, 0.96875, 0.96546054, 0.96546054, 0.94078946, 0.95230263]

Training Accuracy :  0.982597 Calibration Accuracy :  0.966283 Step : 99
P-Value:  0.0197908794255 
 [0.94407892, 0.94819081, 0.94654608, 0.94654608, 0.95394737, 0.95230263, 0.95230263, 0.953125, 0.96052629, 0.95805919] 
 [0.96546054, 0.96299344, 0.96463817, 0.9662829, 0.96875, 0.96546054, 0.96546054, 0.94078946, 0.95230263, 0.9662829]

Training Accuracy :  0.985445 Calibration Accuracy :  0.949013 Step : 100
P-Value:  0.162038463717 
 [0.94819081, 0.94654608, 0.94654608, 0.95394737, 0.95230263, 0.95230263, 0.953125, 0.96052629, 0.95805919, 0.96546054] 
 [0.96299344, 0.96463817, 0.9662829, 0.96875, 0.96546054, 0.96546054, 0.94078946, 0.95230263, 0.9662829, 0.94901317]

Training Accuracy :  0.982069 Calibration Accuracy :  0.949013 Step : 101
P-Value:  0.451757033809 
 [0.94654608, 0.94654608, 0.95394737, 0.95230263, 0.95230263, 0.953125, 0.96052629, 0.95805919, 0.96546054, 0.96299344] 
 [0.96463817, 0.9662829, 0.96875, 0.96546054, 0.96546054, 0.94078946, 0.95230263, 0.9662829, 0.94901317, 0.94901317]

Training Accuracy :  0.960975 Calibration Accuracy :  0.921875 Step : 102
P-Value:  0.700637031335 
 [0.94654608, 0.95394737, 0.95230263, 0.95230263, 0.953125, 0.96052629, 0.95805919, 0.96546054, 0.96299344, 0.96463817] 
 [0.9662829, 0.96875, 0.96546054, 0.96546054, 0.94078946, 0.95230263, 0.9662829, 0.94901317, 0.94901317, 0.921875]

Training Accuracy :  0.988503 Calibration Accuracy :  0.967928 Step : 103
P-Value:  0.475419650047 
 [0.95394737, 0.95230263, 0.95230263, 0.953125, 0.96052629, 0.95805919, 0.96546054, 0.96299344, 0.96463817, 0.9662829] 
 [0.96875, 0.96546054, 0.96546054, 0.94078946, 0.95230263, 0.9662829, 0.94901317, 0.94901317, 0.921875, 0.96792763]

Training Accuracy :  0.974159 Calibration Accuracy :  0.944079 Step : 104
P-Value:  0.178845200039 
 [0.95230263, 0.95230263, 0.953125, 0.96052629, 0.95805919, 0.96546054, 0.96299344, 0.96463817, 0.9662829, 0.96875] 
 [0.96546054, 0.96546054, 0.94078946, 0.95230263, 0.9662829, 0.94901317, 0.94901317, 0.921875, 0.96792763, 0.94407892]

Training Accuracy :  0.958127 Calibration Accuracy :  0.928454 Step : 105
P-Value:  0.047017547706 
 [0.95230263, 0.953125, 0.96052629, 0.95805919, 0.96546054, 0.96299344, 0.96463817, 0.9662829, 0.96875, 0.96546054] 
 [0.96546054, 0.94078946, 0.95230263, 0.9662829, 0.94901317, 0.94901317, 0.921875, 0.96792763, 0.94407892, 0.92845392]

Training Accuracy :  0.985023 Calibration Accuracy :  0.956414 Step : 106
P-Value:  0.0129497328415 
 [0.953125, 0.96052629, 0.95805919, 0.96546054, 0.96299344, 0.96463817, 0.9662829, 0.96875, 0.96546054, 0.96546054] 
 [0.94078946, 0.95230263, 0.9662829, 0.94901317, 0.94901317, 0.921875, 0.96792763, 0.94407892, 0.92845392, 0.95641446]

Training Accuracy :  0.959498 Calibration Accuracy :  0.914474 Step : 107
P-Value:  0.00916960311243 
 [0.96052629, 0.95805919, 0.96546054, 0.96299344, 0.96463817, 0.9662829, 0.96875, 0.96546054, 0.96546054, 0.94078946] 
 [0.95230263, 0.9662829, 0.94901317, 0.94901317, 0.921875, 0.96792763, 0.94407892, 0.92845392, 0.95641446, 0.91447371]

Training Accuracy :  0.981331 Calibration Accuracy :  0.958059 Step : 108
P-Value:  0.0209965006586 
 [0.95805919, 0.96546054, 0.96299344, 0.96463817, 0.9662829, 0.96875, 0.96546054, 0.96546054, 0.94078946, 0.95230263] 
 [0.9662829, 0.94901317, 0.94901317, 0.921875, 0.96792763, 0.94407892, 0.92845392, 0.95641446, 0.91447371, 0.95805919]

Training Accuracy :  0.986288 Calibration Accuracy :  0.961349 Step : 109
P-Value:  0.00888732649751 
 [0.96546054, 0.96299344, 0.96463817, 0.9662829, 0.96875, 0.96546054, 0.96546054, 0.94078946, 0.95230263, 0.9662829] 
 [0.94901317, 0.94901317, 0.921875, 0.96792763, 0.94407892, 0.92845392, 0.95641446, 0.91447371, 0.95805919, 0.96134871]

Training Accuracy :  0.986394 Calibration Accuracy :  0.963816 Step : 110
P-Value:  0.0476081314124 
 [0.96299344, 0.96463817, 0.9662829, 0.96875, 0.96546054, 0.96546054, 0.94078946, 0.95230263, 0.9662829, 0.94901317] 
 [0.94901317, 0.921875, 0.96792763, 0.94407892, 0.92845392, 0.95641446, 0.91447371, 0.95805919, 0.96134871, 0.96381581]

Training Accuracy :  0.961186 Calibration Accuracy :  0.921875 Step : 111
P-Value:  0.0367130917707 
 [0.96463817, 0.9662829, 0.96875, 0.96546054, 0.96546054, 0.94078946, 0.95230263, 0.9662829, 0.94901317, 0.94901317] 
 [0.921875, 0.96792763, 0.94407892, 0.92845392, 0.95641446, 0.91447371, 0.95805919, 0.96134871, 0.96381581, 0.921875]

Training Accuracy :  0.956967 Calibration Accuracy :  0.915296 Step : 112
P-Value:  0.0607092899526 
 [0.9662829, 0.96875, 0.96546054, 0.96546054, 0.94078946, 0.95230263, 0.9662829, 0.94901317, 0.94901317, 0.921875] 
 [0.96792763, 0.94407892, 0.92845392, 0.95641446, 0.91447371, 0.95805919, 0.96134871, 0.96381581, 0.921875, 0.91529608]

Training Accuracy :  0.980382 Calibration Accuracy :  0.955592 Step : 113
P-Value:  0.0337594794357 
 [0.96875, 0.96546054, 0.96546054, 0.94078946, 0.95230263, 0.9662829, 0.94901317, 0.94901317, 0.921875, 0.96792763] 
 [0.94407892, 0.92845392, 0.95641446, 0.91447371, 0.95805919, 0.96134871, 0.96381581, 0.921875, 0.91529608, 0.9555921]

Training Accuracy :  0.990507 Calibration Accuracy :  0.967928 Step : 114
P-Value:  0.224532728585 
 [0.96546054, 0.96546054, 0.94078946, 0.95230263, 0.9662829, 0.94901317, 0.94901317, 0.921875, 0.96792763, 0.94407892] 
 [0.92845392, 0.95641446, 0.91447371, 0.95805919, 0.96134871, 0.96381581, 0.921875, 0.91529608, 0.9555921, 0.96792763]

Training Accuracy :  0.989031 Calibration Accuracy :  0.962171 Step : 115
P-Value:  0.900521145713 
 [0.96546054, 0.94078946, 0.95230263, 0.9662829, 0.94901317, 0.94901317, 0.921875, 0.96792763, 0.94407892, 0.92845392] 
 [0.95641446, 0.91447371, 0.95805919, 0.96134871, 0.96381581, 0.921875, 0.91529608, 0.9555921, 0.96792763, 0.96217108]

Training Accuracy :  0.974686 Calibration Accuracy :  0.938322 Step : 116
P-Value:  0.799066560775 
 [0.94078946, 0.95230263, 0.9662829, 0.94901317, 0.94901317, 0.921875, 0.96792763, 0.94407892, 0.92845392, 0.95641446] 
 [0.91447371, 0.95805919, 0.96134871, 0.96381581, 0.921875, 0.91529608, 0.9555921, 0.96792763, 0.96217108, 0.93832237]

Training Accuracy :  0.983546 Calibration Accuracy :  0.957237 Step : 117
P-Value:  0.496101255842 
 [0.95230263, 0.9662829, 0.94901317, 0.94901317, 0.921875, 0.96792763, 0.94407892, 0.92845392, 0.95641446, 0.91447371] 
 [0.95805919, 0.96134871, 0.96381581, 0.921875, 0.91529608, 0.9555921, 0.96792763, 0.96217108, 0.93832237, 0.95723683]

Training Accuracy :  0.976796 Calibration Accuracy :  0.95148 Step : 118
P-Value:  0.606515355999 
 [0.9662829, 0.94901317, 0.94901317, 0.921875, 0.96792763, 0.94407892, 0.92845392, 0.95641446, 0.91447371, 0.95805919] 
 [0.96134871, 0.96381581, 0.921875, 0.91529608, 0.9555921, 0.96792763, 0.96217108, 0.93832237, 0.95723683, 0.95148027]

Training Accuracy :  0.99114 Calibration Accuracy :  0.967928 Step : 119
P-Value:  0.504404838519 
 [0.94901317, 0.94901317, 0.921875, 0.96792763, 0.94407892, 0.92845392, 0.95641446, 0.91447371, 0.95805919, 0.96134871] 
 [0.96381581, 0.921875, 0.91529608, 0.9555921, 0.96792763, 0.96217108, 0.93832237, 0.95723683, 0.95148027, 0.96792763]

Training Accuracy :  0.975846 Calibration Accuracy :  0.944079 Step : 120
P-Value:  0.834183168605 
 [0.94901317, 0.921875, 0.96792763, 0.94407892, 0.92845392, 0.95641446, 0.91447371, 0.95805919, 0.96134871, 0.96381581] 
 [0.921875, 0.91529608, 0.9555921, 0.96792763, 0.96217108, 0.93832237, 0.95723683, 0.95148027, 0.96792763, 0.94407892]

Training Accuracy :  0.990613 Calibration Accuracy :  0.96875 Step : 121
P-Value:  0.293284813147 
 [0.921875, 0.96792763, 0.94407892, 0.92845392, 0.95641446, 0.91447371, 0.95805919, 0.96134871, 0.96381581, 0.921875] 
 [0.91529608, 0.9555921, 0.96792763, 0.96217108, 0.93832237, 0.95723683, 0.95148027, 0.96792763, 0.94407892, 0.96875]

Training Accuracy :  0.956861 Calibration Accuracy :  0.924342 Step : 122
P-Value:  0.21319310514 
 [0.96792763, 0.94407892, 0.92845392, 0.95641446, 0.91447371, 0.95805919, 0.96134871, 0.96381581, 0.921875, 0.91529608] 
 [0.9555921, 0.96792763, 0.96217108, 0.93832237, 0.95723683, 0.95148027, 0.96792763, 0.94407892, 0.96875, 0.9243421]

Training Accuracy :  0.99114 Calibration Accuracy :  0.971217 Step : 123
P-Value:  0.107581154836 
 [0.94407892, 0.92845392, 0.95641446, 0.91447371, 0.95805919, 0.96134871, 0.96381581, 0.921875, 0.91529608, 0.9555921] 
 [0.96792763, 0.96217108, 0.93832237, 0.95723683, 0.95148027, 0.96792763, 0.94407892, 0.96875, 0.9243421, 0.9712171]

Training Accuracy :  0.980065 Calibration Accuracy :  0.964638 Step : 124
P-Value:  0.191608110131 
 [0.92845392, 0.95641446, 0.91447371, 0.95805919, 0.96134871, 0.96381581, 0.921875, 0.91529608, 0.9555921, 0.96792763] 
 [0.96217108, 0.93832237, 0.95723683, 0.95148027, 0.96792763, 0.94407892, 0.96875, 0.9243421, 0.9712171, 0.96463817]

Training Accuracy :  0.979538 Calibration Accuracy :  0.949836 Step : 125
P-Value:  0.432996915735 
 [0.95641446, 0.91447371, 0.95805919, 0.96134871, 0.96381581, 0.921875, 0.91529608, 0.9555921, 0.96792763, 0.96217108] 
 [0.93832237, 0.95723683, 0.95148027, 0.96792763, 0.94407892, 0.96875, 0.9243421, 0.9712171, 0.96463817, 0.94983554]

Training Accuracy :  0.987343 Calibration Accuracy :  0.964638 Step : 126
P-Value:  0.173970864838 
 [0.91447371, 0.95805919, 0.96134871, 0.96381581, 0.921875, 0.91529608, 0.9555921, 0.96792763, 0.96217108, 0.93832237] 
 [0.95723683, 0.95148027, 0.96792763, 0.94407892, 0.96875, 0.9243421, 0.9712171, 0.96463817, 0.94983554, 0.96463817]

Training Accuracy :  0.971733 Calibration Accuracy :  0.947368 Step : 127
P-Value:  0.431440476304 
 [0.95805919, 0.96134871, 0.96381581, 0.921875, 0.91529608, 0.9555921, 0.96792763, 0.96217108, 0.93832237, 0.95723683] 
 [0.95148027, 0.96792763, 0.94407892, 0.96875, 0.9243421, 0.9712171, 0.96463817, 0.94983554, 0.96463817, 0.94736844]

Training Accuracy :  0.990296 Calibration Accuracy :  0.967105 Step : 128
P-Value:  0.266591188348 
 [0.96134871, 0.96381581, 0.921875, 0.91529608, 0.9555921, 0.96792763, 0.96217108, 0.93832237, 0.95723683, 0.95148027] 
 [0.96792763, 0.94407892, 0.96875, 0.9243421, 0.9712171, 0.96463817, 0.94983554, 0.96463817, 0.94736844, 0.96710527]

Training Accuracy :  0.977639 Calibration Accuracy :  0.958882 Step : 129
P-Value:  0.388373383923 
 [0.96381581, 0.921875, 0.91529608, 0.9555921, 0.96792763, 0.96217108, 0.93832237, 0.95723683, 0.95148027, 0.96792763] 
 [0.94407892, 0.96875, 0.9243421, 0.9712171, 0.96463817, 0.94983554, 0.96463817, 0.94736844, 0.96710527, 0.95888156]

Training Accuracy :  0.977745 Calibration Accuracy :  0.953125 Step : 130
P-Value:  0.168620276106 
 [0.921875, 0.91529608, 0.9555921, 0.96792763, 0.96217108, 0.93832237, 0.95723683, 0.95148027, 0.96792763, 0.94407892] 
 [0.96875, 0.9243421, 0.9712171, 0.96463817, 0.94983554, 0.96463817, 0.94736844, 0.96710527, 0.95888156, 0.953125]

Training Accuracy :  0.988398 Calibration Accuracy :  0.965461 Step : 131
P-Value:  0.386413395908 
 [0.91529608, 0.9555921, 0.96792763, 0.96217108, 0.93832237, 0.95723683, 0.95148027, 0.96792763, 0.94407892, 0.96875] 
 [0.9243421, 0.9712171, 0.96463817, 0.94983554, 0.96463817, 0.94736844, 0.96710527, 0.95888156, 0.953125, 0.96546054]

Training Accuracy :  0.990085 Calibration Accuracy :  0.964638 Step : 132
P-Value:  0.243901561468 
 [0.9555921, 0.96792763, 0.96217108, 0.93832237, 0.95723683, 0.95148027, 0.96792763, 0.94407892, 0.96875, 0.9243421] 
 [0.9712171, 0.96463817, 0.94983554, 0.96463817, 0.94736844, 0.96710527, 0.95888156, 0.953125, 0.96546054, 0.96463817]

Training Accuracy :  0.982913 Calibration Accuracy :  0.953947 Step : 133
P-Value:  0.556690259807 
 [0.96792763, 0.96217108, 0.93832237, 0.95723683, 0.95148027, 0.96792763, 0.94407892, 0.96875, 0.9243421, 0.9712171] 
 [0.96463817, 0.94983554, 0.96463817, 0.94736844, 0.96710527, 0.95888156, 0.953125, 0.96546054, 0.96463817, 0.95394737]

Training Accuracy :  0.99114 Calibration Accuracy :  0.970395 Step : 134
P-Value:  0.461440716339 
 [0.96217108, 0.93832237, 0.95723683, 0.95148027, 0.96792763, 0.94407892, 0.96875, 0.9243421, 0.9712171, 0.96463817] 
 [0.94983554, 0.96463817, 0.94736844, 0.96710527, 0.95888156, 0.953125, 0.96546054, 0.96463817, 0.95394737, 0.97039473]

Training Accuracy :  0.990085 Calibration Accuracy :  0.96875 Step : 135
P-Value:  0.213429945004 
 [0.93832237, 0.95723683, 0.95148027, 0.96792763, 0.94407892, 0.96875, 0.9243421, 0.9712171, 0.96463817, 0.94983554] 
 [0.96463817, 0.94736844, 0.96710527, 0.95888156, 0.953125, 0.96546054, 0.96463817, 0.95394737, 0.97039473, 0.96875]

Training Accuracy :  0.991035 Calibration Accuracy :  0.966283 Step : 136
P-Value:  0.357005987519 
 [0.95723683, 0.95148027, 0.96792763, 0.94407892, 0.96875, 0.9243421, 0.9712171, 0.96463817, 0.94983554, 0.96463817] 
 [0.94736844, 0.96710527, 0.95888156, 0.953125, 0.96546054, 0.96463817, 0.95394737, 0.97039473, 0.96875, 0.9662829]

Training Accuracy :  0.99114 Calibration Accuracy :  0.962171 Step : 137
P-Value:  0.170186593374 
 [0.95148027, 0.96792763, 0.94407892, 0.96875, 0.9243421, 0.9712171, 0.96463817, 0.94983554, 0.96463817, 0.94736844] 
 [0.96710527, 0.95888156, 0.953125, 0.96546054, 0.96463817, 0.95394737, 0.97039473, 0.96875, 0.9662829, 0.96217108]

Training Accuracy :  0.993988 Calibration Accuracy :  0.966283 Step : 138
P-Value:  0.270159380315 
 [0.96792763, 0.94407892, 0.96875, 0.9243421, 0.9712171, 0.96463817, 0.94983554, 0.96463817, 0.94736844, 0.96710527] 
 [0.95888156, 0.953125, 0.96546054, 0.96463817, 0.95394737, 0.97039473, 0.96875, 0.9662829, 0.96217108, 0.9662829]

Training Accuracy :  0.991879 Calibration Accuracy :  0.971217 Step : 139
P-Value:  0.127557532785 
 [0.94407892, 0.96875, 0.9243421, 0.9712171, 0.96463817, 0.94983554, 0.96463817, 0.94736844, 0.96710527, 0.95888156] 
 [0.953125, 0.96546054, 0.96463817, 0.95394737, 0.97039473, 0.96875, 0.9662829, 0.96217108, 0.9662829, 0.9712171]

Training Accuracy :  0.9923 Calibration Accuracy :  0.969572 Step : 140
P-Value:  0.104630450927 
 [0.96875, 0.9243421, 0.9712171, 0.96463817, 0.94983554, 0.96463817, 0.94736844, 0.96710527, 0.95888156, 0.953125] 
 [0.96546054, 0.96463817, 0.95394737, 0.97039473, 0.96875, 0.9662829, 0.96217108, 0.9662829, 0.9712171, 0.96957237]

Training Accuracy :  0.992511 Calibration Accuracy :  0.967928 Step : 141
P-Value:  0.080074782734 
 [0.9243421, 0.9712171, 0.96463817, 0.94983554, 0.96463817, 0.94736844, 0.96710527, 0.95888156, 0.953125, 0.96546054] 
 [0.96463817, 0.95394737, 0.97039473, 0.96875, 0.9662829, 0.96217108, 0.9662829, 0.9712171, 0.96957237, 0.96792763]

Training Accuracy :  0.992617 Calibration Accuracy :  0.970395 Step : 142
P-Value:  0.107196371614 
 [0.9712171, 0.96463817, 0.94983554, 0.96463817, 0.94736844, 0.96710527, 0.95888156, 0.953125, 0.96546054, 0.96463817] 
 [0.95394737, 0.97039473, 0.96875, 0.9662829, 0.96217108, 0.9662829, 0.9712171, 0.96957237, 0.96792763, 0.97039473]

Training Accuracy :  0.992828 Calibration Accuracy :  0.96875 Step : 143
P-Value:  0.00253246211086 
 [0.96463817, 0.94983554, 0.96463817, 0.94736844, 0.96710527, 0.95888156, 0.953125, 0.96546054, 0.96463817, 0.95394737] 
 [0.97039473, 0.96875, 0.9662829, 0.96217108, 0.9662829, 0.9712171, 0.96957237, 0.96792763, 0.97039473, 0.96875]

Training Accuracy :  0.992828 Calibration Accuracy :  0.969572 Step : 144
P-Value:  0.00648704933282 
 [0.94983554, 0.96463817, 0.94736844, 0.96710527, 0.95888156, 0.953125, 0.96546054, 0.96463817, 0.95394737, 0.97039473] 
 [0.96875, 0.9662829, 0.96217108, 0.9662829, 0.9712171, 0.96957237, 0.96792763, 0.97039473, 0.96875, 0.96957237]

Training Accuracy :  0.992828 Calibration Accuracy :  0.969572 Step : 145
P-Value:  0.0145903820175 
 [0.96463817, 0.94736844, 0.96710527, 0.95888156, 0.953125, 0.96546054, 0.96463817, 0.95394737, 0.97039473, 0.96875] 
 [0.9662829, 0.96217108, 0.9662829, 0.9712171, 0.96957237, 0.96792763, 0.97039473, 0.96875, 0.96957237, 0.96957237]

Training Accuracy :  0.992828 Calibration Accuracy :  0.969572 Step : 146
P-Value:  0.0119429209831 
 [0.94736844, 0.96710527, 0.95888156, 0.953125, 0.96546054, 0.96463817, 0.95394737, 0.97039473, 0.96875, 0.9662829] 
 [0.96217108, 0.9662829, 0.9712171, 0.96957237, 0.96792763, 0.97039473, 0.96875, 0.96957237, 0.96957237, 0.96957237]

Training Accuracy :  0.992828 Calibration Accuracy :  0.970395 Step : 147
P-Value:  0.0131648347578 
 [0.96710527, 0.95888156, 0.953125, 0.96546054, 0.96463817, 0.95394737, 0.97039473, 0.96875, 0.9662829, 0.96217108] 
 [0.9662829, 0.9712171, 0.96957237, 0.96792763, 0.97039473, 0.96875, 0.96957237, 0.96957237, 0.96957237, 0.97039473]

Training Accuracy :  0.992828 Calibration Accuracy :  0.972039 Step : 148
P-Value:  0.00505924762131 
 [0.95888156, 0.953125, 0.96546054, 0.96463817, 0.95394737, 0.97039473, 0.96875, 0.9662829, 0.96217108, 0.9662829] 
 [0.9712171, 0.96957237, 0.96792763, 0.97039473, 0.96875, 0.96957237, 0.96957237, 0.96957237, 0.97039473, 0.97203946]

Training Accuracy :  0.992828 Calibration Accuracy :  0.972039 Step : 149
P-Value:  0.0127991505001 
 [0.953125, 0.96546054, 0.96463817, 0.95394737, 0.97039473, 0.96875, 0.9662829, 0.96217108, 0.9662829, 0.9712171] 
 [0.96957237, 0.96792763, 0.97039473, 0.96875, 0.96957237, 0.96957237, 0.96957237, 0.97039473, 0.97203946, 0.97203946]

Training Accuracy :  0.992828 Calibration Accuracy :  0.972039 Step : 150
P-Value:  0.014595700031 
 [0.96546054, 0.96463817, 0.95394737, 0.97039473, 0.96875, 0.9662829, 0.96217108, 0.9662829, 0.9712171, 0.96957237] 
 [0.96792763, 0.97039473, 0.96875, 0.96957237, 0.96957237, 0.96957237, 0.97039473, 0.97203946, 0.97203946, 0.97203946]

Training Accuracy :  0.992617 Calibration Accuracy :  0.972039 Step : 151
P-Value:  0.011534988035 
 [0.96463817, 0.95394737, 0.97039473, 0.96875, 0.9662829, 0.96217108, 0.9662829, 0.9712171, 0.96957237, 0.96792763] 
 [0.97039473, 0.96875, 0.96957237, 0.96957237, 0.96957237, 0.97039473, 0.97203946, 0.97203946, 0.97203946, 0.97203946]

Training Accuracy :  0.992933 Calibration Accuracy :  0.971217 Step : 152
P-Value:  0.0226827768668 
 [0.95394737, 0.97039473, 0.96875, 0.9662829, 0.96217108, 0.9662829, 0.9712171, 0.96957237, 0.96792763, 0.97039473] 
 [0.96875, 0.96957237, 0.96957237, 0.96957237, 0.97039473, 0.97203946, 0.97203946, 0.97203946, 0.97203946, 0.9712171]

Training Accuracy :  0.992933 Calibration Accuracy :  0.971217 Step : 153
P-Value:  0.00945049570351 
 [0.97039473, 0.96875, 0.9662829, 0.96217108, 0.9662829, 0.9712171, 0.96957237, 0.96792763, 0.97039473, 0.96875] 
 [0.96957237, 0.96957237, 0.96957237, 0.97039473, 0.97203946, 0.97203946, 0.97203946, 0.97203946, 0.9712171, 0.9712171]

Training Accuracy :  0.992933 Calibration Accuracy :  0.971217 Step : 154
P-Value:  0.00324533937324 
 [0.96875, 0.9662829, 0.96217108, 0.9662829, 0.9712171, 0.96957237, 0.96792763, 0.97039473, 0.96875, 0.96957237] 
 [0.96957237, 0.96957237, 0.97039473, 0.97203946, 0.97203946, 0.97203946, 0.97203946, 0.9712171, 0.9712171, 0.9712171]

Training Accuracy :  0.992933 Calibration Accuracy :  0.971217 Step : 155
P-Value:  0.00229954648112 
 [0.9662829, 0.96217108, 0.9662829, 0.9712171, 0.96957237, 0.96792763, 0.97039473, 0.96875, 0.96957237, 0.96957237] 
 [0.96957237, 0.97039473, 0.97203946, 0.97203946, 0.97203946, 0.97203946, 0.9712171, 0.9712171, 0.9712171, 0.9712171]

Training Accuracy :  0.992933 Calibration Accuracy :  0.971217 Step : 156
P-Value:  0.00357940930856 
 [0.96217108, 0.9662829, 0.9712171, 0.96957237, 0.96792763, 0.97039473, 0.96875, 0.96957237, 0.96957237, 0.96957237] 
 [0.97039473, 0.97203946, 0.97203946, 0.97203946, 0.97203946, 0.9712171, 0.9712171, 0.9712171, 0.9712171, 0.9712171]

Training Accuracy :  0.992933 Calibration Accuracy :  0.971217 Step : 157
P-Value:  0.00175472193148 
 [0.9662829, 0.9712171, 0.96957237, 0.96792763, 0.97039473, 0.96875, 0.96957237, 0.96957237, 0.96957237, 0.97039473] 
 [0.97203946, 0.97203946, 0.97203946, 0.97203946, 0.9712171, 0.9712171, 0.9712171, 0.9712171, 0.9712171, 0.9712171]

Training Accuracy :  0.992933 Calibration Accuracy :  0.971217 Step : 158
P-Value:  0.00443918890749 
 [0.9712171, 0.96957237, 0.96792763, 0.97039473, 0.96875, 0.96957237, 0.96957237, 0.96957237, 0.97039473, 0.97203946] 
 [0.97203946, 0.97203946, 0.97203946, 0.9712171, 0.9712171, 0.9712171, 0.9712171, 0.9712171, 0.9712171, 0.9712171]
Learning Finished!! P-Value:  0.00443918890749 
 [0.9712171, 0.96957237, 0.96792763, 0.97039473, 0.96875, 0.96957237, 0.96957237, 0.96957237, 0.97039473, 0.97203946] 
 [0.97203946, 0.97203946, 0.97203946, 0.9712171, 0.9712171, 0.9712171, 0.9712171, 0.9712171, 0.9712171, 0.9712171]
Save path:  /home/tjahn/tf_save_data/sungmin/save_path/with_rare_cancer/saved
Traceback (most recent call last):
  File "/usr/local/lib/python3.4/dist-packages/tensorflow/python/client/session.py", line 1327, in _do_call
    return fn(*args)
  File "/usr/local/lib/python3.4/dist-packages/tensorflow/python/client/session.py", line 1306, in _run_fn
    status, run_metadata)
  File "/usr/lib/python3.4/contextlib.py", line 66, in __exit__
    next(self.gen)
  File "/usr/local/lib/python3.4/dist-packages/tensorflow/python/framework/errors_impl.py", line 466, in raise_exception_on_not_ok_status
    pywrap_tensorflow.TF_GetCode(status))
tensorflow.python.framework.errors_impl.InvalidArgumentError: Assign requires shapes of both tensors to match. lhs shape= [1500] rhs shape= [75]
	 [[Node: save/Assign_10 = Assign[T=DT_FLOAT, _class=["loc:@bias3"], use_locking=true, validate_shape=true, _device="/job:localhost/replica:0/task:0/cpu:0"](bias3/Adam_1, save/RestoreV2_10)]]

During handling of the above exception, another exception occurred:

Traceback (most recent call last):
  File "DNN_FeatureSelection01.py", line 214, in <module>
    cal_y = cal_data.iloc[:,-1].as_matrix()
  File "DNN_FeatureSelection01.py", line 136, in set_train_three_layer
    saver.restore(sess,save_path)
  File "/usr/local/lib/python3.4/dist-packages/tensorflow/python/training/saver.py", line 1560, in restore
    {self.saver_def.filename_tensor_name: save_path})
  File "/usr/local/lib/python3.4/dist-packages/tensorflow/python/client/session.py", line 895, in run
    run_metadata_ptr)
  File "/usr/local/lib/python3.4/dist-packages/tensorflow/python/client/session.py", line 1124, in _run
    feed_dict_tensor, options, run_metadata)
  File "/usr/local/lib/python3.4/dist-packages/tensorflow/python/client/session.py", line 1321, in _do_run
    options, run_metadata)
  File "/usr/local/lib/python3.4/dist-packages/tensorflow/python/client/session.py", line 1340, in _do_call
    raise type(e)(node_def, op, message)
tensorflow.python.framework.errors_impl.InvalidArgumentError: Assign requires shapes of both tensors to match. lhs shape= [1500] rhs shape= [75]
	 [[Node: save/Assign_10 = Assign[T=DT_FLOAT, _class=["loc:@bias3"], use_locking=true, validate_shape=true, _device="/job:localhost/replica:0/task:0/cpu:0"](bias3/Adam_1, save/RestoreV2_10)]]

Caused by op 'save/Assign_10', defined at:
  File "DNN_FeatureSelection01.py", line 214, in <module>
    cal_y = cal_data.iloc[:,-1].as_matrix()
  File "DNN_FeatureSelection01.py", line 70, in set_train_three_layer
    saver = tf.train.Saver()
  File "/usr/local/lib/python3.4/dist-packages/tensorflow/python/training/saver.py", line 1140, in __init__
    self.build()
  File "/usr/local/lib/python3.4/dist-packages/tensorflow/python/training/saver.py", line 1172, in build
    filename=self._filename)
  File "/usr/local/lib/python3.4/dist-packages/tensorflow/python/training/saver.py", line 688, in build
    restore_sequentially, reshape)
  File "/usr/local/lib/python3.4/dist-packages/tensorflow/python/training/saver.py", line 419, in _AddRestoreOps
    assign_ops.append(saveable.restore(tensors, shapes))
  File "/usr/local/lib/python3.4/dist-packages/tensorflow/python/training/saver.py", line 155, in restore
    self.op.get_shape().is_fully_defined())
  File "/usr/local/lib/python3.4/dist-packages/tensorflow/python/ops/state_ops.py", line 274, in assign
    validate_shape=validate_shape)
  File "/usr/local/lib/python3.4/dist-packages/tensorflow/python/ops/gen_state_ops.py", line 43, in assign
    use_locking=use_locking, name=name)
  File "/usr/local/lib/python3.4/dist-packages/tensorflow/python/framework/op_def_library.py", line 767, in apply_op
    op_def=op_def)
  File "/usr/local/lib/python3.4/dist-packages/tensorflow/python/framework/ops.py", line 2630, in create_op
    original_op=self._default_original_op, op_def=op_def)
  File "/usr/local/lib/python3.4/dist-packages/tensorflow/python/framework/ops.py", line 1204, in __init__
    self._traceback = self._graph._extract_stack()  # pylint: disable=protected-access

InvalidArgumentError (see above for traceback): Assign requires shapes of both tensors to match. lhs shape= [1500] rhs shape= [75]
	 [[Node: save/Assign_10 = Assign[T=DT_FLOAT, _class=["loc:@bias3"], use_locking=true, validate_shape=true, _device="/job:localhost/replica:0/task:0/cpu:0"](bias3/Adam_1, save/RestoreV2_10)]]

