Traceback (most recent call last):
  File "FINALDNN_rate.py", line 189, in <module>
    data = pd.read_csv(datafilename)
  File "/usr/local/lib/python3.4/dist-packages/pandas/io/parsers.py", line 655, in parser_f
    return _read(filepath_or_buffer, kwds)
  File "/usr/local/lib/python3.4/dist-packages/pandas/io/parsers.py", line 405, in _read
    parser = TextFileReader(filepath_or_buffer, **kwds)
  File "/usr/local/lib/python3.4/dist-packages/pandas/io/parsers.py", line 764, in __init__
    self._make_engine(self.engine)
  File "/usr/local/lib/python3.4/dist-packages/pandas/io/parsers.py", line 985, in _make_engine
    self._engine = CParserWrapper(self.f, **self.options)
  File "/usr/local/lib/python3.4/dist-packages/pandas/io/parsers.py", line 1605, in __init__
    self._reader = parsers.TextReader(src, **kwds)
  File "pandas/_libs/parsers.pyx", line 394, in pandas._libs.parsers.TextReader.__cinit__ (pandas/_libs/parsers.c:4209)
  File "pandas/_libs/parsers.pyx", line 710, in pandas._libs.parsers.TextReader._setup_parser_source (pandas/_libs/parsers.c:8873)
FileNotFoundError: File b'/home/tjahn/Data/FinalData.csv' does not exist
2017-12-27 14:38:59.839067: W tensorflow/core/platform/cpu_feature_guard.cc:45] The TensorFlow library wasn't compiled to use SSE4.1 instructions, but these are available on your machine and could speed up CPU computations.
2017-12-27 14:38:59.839097: W tensorflow/core/platform/cpu_feature_guard.cc:45] The TensorFlow library wasn't compiled to use SSE4.2 instructions, but these are available on your machine and could speed up CPU computations.
2017-12-27 14:38:59.839102: W tensorflow/core/platform/cpu_feature_guard.cc:45] The TensorFlow library wasn't compiled to use AVX instructions, but these are available on your machine and could speed up CPU computations.
2017-12-27 14:38:59.839105: W tensorflow/core/platform/cpu_feature_guard.cc:45] The TensorFlow library wasn't compiled to use AVX2 instructions, but these are available on your machine and could speed up CPU computations.
2017-12-27 14:38:59.839109: W tensorflow/core/platform/cpu_feature_guard.cc:45] The TensorFlow library wasn't compiled to use FMA instructions, but these are available on your machine and could speed up CPU computations.
2432 9481
95_[1500, 1500, 1500]_1
Traceback (most recent call last):
  File "FINALDNN_rate.py", line 223, in <module>
    train_acc , test_acc = (set_train_three_layer(i,repeat, nodes, learning_rate,j,train_rate))
  File "FINALDNN_rate.py", line 85, in set_train_three_layer
    sess.run( train , feed_dict={X: batch_x, Y: batch_y , keep_prob : 0.7})
  File "/usr/local/lib/python3.4/dist-packages/tensorflow/python/client/session.py", line 895, in run
    run_metadata_ptr)
  File "/usr/local/lib/python3.4/dist-packages/tensorflow/python/client/session.py", line 1093, in _run
    np_val = np.asarray(subfeed_val, dtype=subfeed_dtype)
  File "/usr/local/lib/python3.4/dist-packages/numpy/core/numeric.py", line 531, in asarray
    return array(a, dtype, copy=False, order=order)
ValueError: could not convert string to float: 'GSM335830'
